ARM GAS  /var/folders/d3/dt3vwhr97lb9k6xww43tf6h40000gr/T//cceveesL.s 			page 1


   1              		.cpu cortex-m7
   2              		.arch armv7e-m
   3              		.fpu fpv4-sp-d16
   4              		.eabi_attribute 27, 1
   5              		.eabi_attribute 28, 1
   6              		.eabi_attribute 20, 1
   7              		.eabi_attribute 21, 1
   8              		.eabi_attribute 23, 3
   9              		.eabi_attribute 24, 1
  10              		.eabi_attribute 25, 1
  11              		.eabi_attribute 26, 1
  12              		.eabi_attribute 30, 4
  13              		.eabi_attribute 34, 1
  14              		.eabi_attribute 18, 4
  15              		.file	"_unit_base.c"
  16              		.text
  17              	.Ltext0:
  18              		.cfi_sections	.debug_frame
  19              		.align	1
  20              		.weak	unit_init
  21              		.syntax unified
  22              		.thumb
  23              		.thumb_func
  24              		.type	unit_init, %function
  25              	unit_init:
  26              	.LVL0:
  27              	.LFB245:
  28              		.file 1 "/Users/omereliraz/Documents/logue-sdk/platform/nts-3_kaoss/common/_unit_base.c"
  29              		.loc 1 66 74 view -0
  30              		.cfi_startproc
  31              		@ args = 0, pretend = 0, frame = 0
  32              		@ frame_needed = 0, uses_anonymous_args = 0
  33              		@ link register save eliminated.
  34              		.loc 1 67 3 view .LVU1
  35              		.loc 1 68 3 view .LVU2
  36              		.loc 1 69 1 is_stmt 0 view .LVU3
  37 0000 6FF01F00 		mvn	r0, #31
  38              	.LVL1:
  39              		.loc 1 69 1 view .LVU4
  40 0004 7047     		bx	lr
  41              		.cfi_endproc
  42              	.LFE245:
  43              		.size	unit_init, .-unit_init
  44              		.align	1
  45              		.weak	unit_teardown
  46              		.syntax unified
  47              		.thumb
  48              		.thumb_func
  49              		.type	unit_teardown, %function
  50              	unit_teardown:
  51              	.LFB246:
  52              		.loc 1 71 44 is_stmt 1 view -0
  53              		.cfi_startproc
  54              		@ args = 0, pretend = 0, frame = 0
  55              		@ frame_needed = 0, uses_anonymous_args = 0
  56              		@ link register save eliminated.
  57              		.loc 1 71 45 view .LVU6
ARM GAS  /var/folders/d3/dt3vwhr97lb9k6xww43tf6h40000gr/T//cceveesL.s 			page 2


  58 0006 7047     		bx	lr
  59              		.cfi_endproc
  60              	.LFE246:
  61              		.size	unit_teardown, .-unit_teardown
  62              		.align	1
  63              		.weak	unit_reset
  64              		.syntax unified
  65              		.thumb
  66              		.thumb_func
  67              		.type	unit_reset, %function
  68              	unit_reset:
  69              	.LFB258:
  70              		.cfi_startproc
  71              		@ args = 0, pretend = 0, frame = 0
  72              		@ frame_needed = 0, uses_anonymous_args = 0
  73              		@ link register save eliminated.
  74 0008 7047     		bx	lr
  75              		.cfi_endproc
  76              	.LFE258:
  77              		.size	unit_reset, .-unit_reset
  78              		.align	1
  79              		.weak	unit_resume
  80              		.syntax unified
  81              		.thumb
  82              		.thumb_func
  83              		.type	unit_resume, %function
  84              	unit_resume:
  85              	.LFB260:
  86              		.cfi_startproc
  87              		@ args = 0, pretend = 0, frame = 0
  88              		@ frame_needed = 0, uses_anonymous_args = 0
  89              		@ link register save eliminated.
  90 000a 7047     		bx	lr
  91              		.cfi_endproc
  92              	.LFE260:
  93              		.size	unit_resume, .-unit_resume
  94              		.align	1
  95              		.weak	unit_suspend
  96              		.syntax unified
  97              		.thumb
  98              		.thumb_func
  99              		.type	unit_suspend, %function
 100              	unit_suspend:
 101              	.LFB262:
 102              		.cfi_startproc
 103              		@ args = 0, pretend = 0, frame = 0
 104              		@ frame_needed = 0, uses_anonymous_args = 0
 105              		@ link register save eliminated.
 106 000c 7047     		bx	lr
 107              		.cfi_endproc
 108              	.LFE262:
 109              		.size	unit_suspend, .-unit_suspend
 110              		.align	1
 111              		.weak	unit_render
 112              		.syntax unified
 113              		.thumb
 114              		.thumb_func
ARM GAS  /var/folders/d3/dt3vwhr97lb9k6xww43tf6h40000gr/T//cceveesL.s 			page 3


 115              		.type	unit_render, %function
 116              	unit_render:
 117              	.LVL2:
 118              	.LFB250:
 119              		.loc 1 79 88 view -0
 120              		.cfi_startproc
 121              		@ args = 0, pretend = 0, frame = 0
 122              		@ frame_needed = 0, uses_anonymous_args = 0
 123              		@ link register save eliminated.
 124              		.loc 1 80 3 view .LVU8
 125              		.loc 1 81 3 view .LVU9
 126              		.loc 1 82 3 view .LVU10
 127              		.loc 1 83 1 is_stmt 0 view .LVU11
 128 000e 7047     		bx	lr
 129              		.cfi_endproc
 130              	.LFE250:
 131              		.size	unit_render, .-unit_render
 132              		.align	1
 133              		.weak	unit_get_param_value
 134              		.syntax unified
 135              		.thumb
 136              		.thumb_func
 137              		.type	unit_get_param_value, %function
 138              	unit_get_param_value:
 139              	.LVL3:
 140              	.LFB251:
 141              		.loc 1 85 64 is_stmt 1 view -0
 142              		.cfi_startproc
 143              		@ args = 0, pretend = 0, frame = 0
 144              		@ frame_needed = 0, uses_anonymous_args = 0
 145              		@ link register save eliminated.
 146              		.loc 1 86 3 view .LVU13
 147              		.loc 1 87 3 view .LVU14
 148              		.loc 1 88 1 is_stmt 0 view .LVU15
 149 0010 0020     		movs	r0, #0
 150              	.LVL4:
 151              		.loc 1 88 1 view .LVU16
 152 0012 7047     		bx	lr
 153              		.cfi_endproc
 154              	.LFE251:
 155              		.size	unit_get_param_value, .-unit_get_param_value
 156              		.align	1
 157              		.weak	unit_get_param_str_value
 158              		.syntax unified
 159              		.thumb
 160              		.thumb_func
 161              		.type	unit_get_param_str_value, %function
 162              	unit_get_param_str_value:
 163              	.LVL5:
 164              	.LFB252:
 165              		.loc 1 90 88 is_stmt 1 view -0
 166              		.cfi_startproc
 167              		@ args = 0, pretend = 0, frame = 0
 168              		@ frame_needed = 0, uses_anonymous_args = 0
 169              		@ link register save eliminated.
 170              		.loc 1 91 3 view .LVU18
 171              		.loc 1 92 3 view .LVU19
ARM GAS  /var/folders/d3/dt3vwhr97lb9k6xww43tf6h40000gr/T//cceveesL.s 			page 4


 172              		.loc 1 93 3 view .LVU20
 173              		.loc 1 94 1 is_stmt 0 view .LVU21
 174 0014 0020     		movs	r0, #0
 175              	.LVL6:
 176              		.loc 1 94 1 view .LVU22
 177 0016 7047     		bx	lr
 178              		.cfi_endproc
 179              	.LFE252:
 180              		.size	unit_get_param_str_value, .-unit_get_param_str_value
 181              		.align	1
 182              		.weak	unit_set_param_value
 183              		.syntax unified
 184              		.thumb
 185              		.thumb_func
 186              		.type	unit_set_param_value, %function
 187              	unit_set_param_value:
 188              	.LVL7:
 189              	.LFB253:
 190              		.loc 1 96 76 is_stmt 1 view -0
 191              		.cfi_startproc
 192              		@ args = 0, pretend = 0, frame = 0
 193              		@ frame_needed = 0, uses_anonymous_args = 0
 194              		@ link register save eliminated.
 195              		.loc 1 97 3 view .LVU24
 196              		.loc 1 98 3 view .LVU25
 197              		.loc 1 99 1 is_stmt 0 view .LVU26
 198 0018 7047     		bx	lr
 199              		.cfi_endproc
 200              	.LFE253:
 201              		.size	unit_set_param_value, .-unit_set_param_value
 202              		.align	1
 203              		.weak	unit_set_tempo
 204              		.syntax unified
 205              		.thumb
 206              		.thumb_func
 207              		.type	unit_set_tempo, %function
 208              	unit_set_tempo:
 209              	.LVL8:
 210              	.LFB254:
 211              		.loc 1 101 59 is_stmt 1 view -0
 212              		.cfi_startproc
 213              		@ args = 0, pretend = 0, frame = 0
 214              		@ frame_needed = 0, uses_anonymous_args = 0
 215              		@ link register save eliminated.
 216              		.loc 1 101 61 view .LVU28
 217              		.loc 1 101 74 is_stmt 0 view .LVU29
 218 001a 7047     		bx	lr
 219              		.cfi_endproc
 220              	.LFE254:
 221              		.size	unit_set_tempo, .-unit_set_tempo
 222              		.align	1
 223              		.weak	unit_tempo_4ppqn_tick
 224              		.syntax unified
 225              		.thumb
 226              		.thumb_func
 227              		.type	unit_tempo_4ppqn_tick, %function
 228              	unit_tempo_4ppqn_tick:
ARM GAS  /var/folders/d3/dt3vwhr97lb9k6xww43tf6h40000gr/T//cceveesL.s 			page 5


 229              	.LFB264:
 230              		.cfi_startproc
 231              		@ args = 0, pretend = 0, frame = 0
 232              		@ frame_needed = 0, uses_anonymous_args = 0
 233              		@ link register save eliminated.
 234 001c 7047     		bx	lr
 235              		.cfi_endproc
 236              	.LFE264:
 237              		.size	unit_tempo_4ppqn_tick, .-unit_tempo_4ppqn_tick
 238              		.align	1
 239              		.weak	unit_touch_event
 240              		.syntax unified
 241              		.thumb
 242              		.thumb_func
 243              		.type	unit_touch_event, %function
 244              	unit_touch_event:
 245              	.LVL9:
 246              	.LFB256:
 247              		.loc 1 105 96 is_stmt 1 view -0
 248              		.cfi_startproc
 249              		@ args = 0, pretend = 0, frame = 0
 250              		@ frame_needed = 0, uses_anonymous_args = 0
 251              		@ link register save eliminated.
 252              		.loc 1 106 3 view .LVU31
 253              		.loc 1 107 3 view .LVU32
 254              		.loc 1 108 3 view .LVU33
 255              		.loc 1 109 3 view .LVU34
 256              		.loc 1 110 1 is_stmt 0 view .LVU35
 257 001e 7047     		bx	lr
 258              		.cfi_endproc
 259              	.LFE256:
 260              		.size	unit_touch_event, .-unit_touch_event
 261              		.weak	unit_header
 262              		.section	.unit_header,"a"
 263              		.type	unit_header, %object
 264              		.size	unit_header, 376
 265              	unit_header:
 266 0000 38010000 		.4byte	312
 267 0004 00060000 		.4byte	1536
 268 0008 00000200 		.4byte	131072
 269 000c 00000000 		.4byte	0
 270 0010 00000000 		.4byte	0
 271 0014 00000000 		.4byte	0
 272 0018 756E6465 		.ascii	"undefined\000"
 272      66696E65 
 272      6400
 273 0022 00000000 		.space	10
 273      00000000 
 273      0000
 274 002c 00000000 		.4byte	0
 275 0030 00000000 		.space	4
 276 0034 00000000 		.4byte	0
 277 0038 0000     		.2byte	0
 278 003a 00000000 		.space	30
 278      00000000 
 278      00000000 
 278      00000000 
ARM GAS  /var/folders/d3/dt3vwhr97lb9k6xww43tf6h40000gr/T//cceveesL.s 			page 6


 278      00000000 
 279 0058 00000000 		.space	224
 279      00000000 
 279      00000000 
 279      00000000 
 279      00000000 
 280 0138 00       		.byte	0
 281 0139 00000000 		.space	7
 281      000000
 282 0140 00000000 		.space	56
 282      00000000 
 282      00000000 
 282      00000000 
 282      00000000 
 283              		.text
 284              	.Letext0:
 285              		.file 2 "/Users/omereliraz/Documents/logue-sdk/tools/gcc/gcc-arm-none-eabi-10.3-2021.10/lib/gcc/ar
 286              		.file 3 "/Users/omereliraz/Documents/logue-sdk/tools/gcc/gcc-arm-none-eabi-10.3-2021.10/arm-none-e
 287              		.file 4 "/Users/omereliraz/Documents/logue-sdk/tools/gcc/gcc-arm-none-eabi-10.3-2021.10/arm-none-e
 288              		.file 5 "/Users/omereliraz/Documents/logue-sdk/platform/nts-3_kaoss/common/runtime.h"
 289              		.file 6 "/Users/omereliraz/Documents/logue-sdk/platform/nts-3_kaoss/common/unit_genericfx.h"
 290              		.section	.debug_info,"",%progbits
 291              	.Ldebug_info0:
 292 0000 BE070000 		.4byte	0x7be
 293 0004 0400     		.2byte	0x4
 294 0006 00000000 		.4byte	.Ldebug_abbrev0
 295 000a 04       		.byte	0x4
 296 000b 01       		.uleb128 0x1
 297 000c B7060000 		.4byte	.LASF114
 298 0010 0C       		.byte	0xc
 299 0011 43020000 		.4byte	.LASF115
 300 0015 E3070000 		.4byte	.LASF116
 301 0019 00000000 		.4byte	.Ltext0
 302 001d 20000000 		.4byte	.Letext0-.Ltext0
 303 0021 00000000 		.4byte	.Ldebug_line0
 304 0025 02       		.uleb128 0x2
 305 0026 04       		.byte	0x4
 306 0027 05       		.byte	0x5
 307 0028 696E7400 		.ascii	"int\000"
 308 002c 03       		.uleb128 0x3
 309 002d ED020000 		.4byte	.LASF3
 310 0031 02       		.byte	0x2
 311 0032 D1       		.byte	0xd1
 312 0033 17       		.byte	0x17
 313 0034 38000000 		.4byte	0x38
 314 0038 04       		.uleb128 0x4
 315 0039 04       		.byte	0x4
 316 003a 07       		.byte	0x7
 317 003b D9000000 		.4byte	.LASF0
 318 003f 04       		.uleb128 0x4
 319 0040 08       		.byte	0x8
 320 0041 05       		.byte	0x5
 321 0042 53040000 		.4byte	.LASF1
 322 0046 04       		.uleb128 0x4
 323 0047 08       		.byte	0x8
 324 0048 04       		.byte	0x4
 325 0049 07050000 		.4byte	.LASF2
ARM GAS  /var/folders/d3/dt3vwhr97lb9k6xww43tf6h40000gr/T//cceveesL.s 			page 7


 326 004d 03       		.uleb128 0x3
 327 004e EB040000 		.4byte	.LASF4
 328 0052 03       		.byte	0x3
 329 0053 29       		.byte	0x29
 330 0054 17       		.byte	0x17
 331 0055 59000000 		.4byte	0x59
 332 0059 04       		.uleb128 0x4
 333 005a 01       		.byte	0x1
 334 005b 06       		.byte	0x6
 335 005c 30080000 		.4byte	.LASF5
 336 0060 03       		.uleb128 0x3
 337 0061 9B050000 		.4byte	.LASF6
 338 0065 03       		.byte	0x3
 339 0066 2B       		.byte	0x2b
 340 0067 18       		.byte	0x18
 341 0068 6C000000 		.4byte	0x6c
 342 006c 04       		.uleb128 0x4
 343 006d 01       		.byte	0x1
 344 006e 08       		.byte	0x8
 345 006f 8A060000 		.4byte	.LASF7
 346 0073 03       		.uleb128 0x3
 347 0074 8D040000 		.4byte	.LASF8
 348 0078 03       		.byte	0x3
 349 0079 37       		.byte	0x37
 350 007a 18       		.byte	0x18
 351 007b 7F000000 		.4byte	0x7f
 352 007f 04       		.uleb128 0x4
 353 0080 02       		.byte	0x2
 354 0081 05       		.byte	0x5
 355 0082 2B050000 		.4byte	.LASF9
 356 0086 03       		.uleb128 0x3
 357 0087 38020000 		.4byte	.LASF10
 358 008b 03       		.byte	0x3
 359 008c 39       		.byte	0x39
 360 008d 19       		.byte	0x19
 361 008e 92000000 		.4byte	0x92
 362 0092 04       		.uleb128 0x4
 363 0093 02       		.byte	0x2
 364 0094 07       		.byte	0x7
 365 0095 3C080000 		.4byte	.LASF11
 366 0099 03       		.uleb128 0x3
 367 009a 21010000 		.4byte	.LASF12
 368 009e 03       		.byte	0x3
 369 009f 4D       		.byte	0x4d
 370 00a0 18       		.byte	0x18
 371 00a1 A5000000 		.4byte	0xa5
 372 00a5 04       		.uleb128 0x4
 373 00a6 04       		.byte	0x4
 374 00a7 05       		.byte	0x5
 375 00a8 42050000 		.4byte	.LASF13
 376 00ac 03       		.uleb128 0x3
 377 00ad 98060000 		.4byte	.LASF14
 378 00b1 03       		.byte	0x3
 379 00b2 4F       		.byte	0x4f
 380 00b3 19       		.byte	0x19
 381 00b4 B8000000 		.4byte	0xb8
 382 00b8 04       		.uleb128 0x4
ARM GAS  /var/folders/d3/dt3vwhr97lb9k6xww43tf6h40000gr/T//cceveesL.s 			page 8


 383 00b9 04       		.byte	0x4
 384 00ba 07       		.byte	0x7
 385 00bb 42060000 		.4byte	.LASF15
 386 00bf 04       		.uleb128 0x4
 387 00c0 08       		.byte	0x8
 388 00c1 07       		.byte	0x7
 389 00c2 1A020000 		.4byte	.LASF16
 390 00c6 03       		.uleb128 0x3
 391 00c7 6E010000 		.4byte	.LASF17
 392 00cb 04       		.byte	0x4
 393 00cc 14       		.byte	0x14
 394 00cd 12       		.byte	0x12
 395 00ce 4D000000 		.4byte	0x4d
 396 00d2 03       		.uleb128 0x3
 397 00d3 0C040000 		.4byte	.LASF18
 398 00d7 04       		.byte	0x4
 399 00d8 18       		.byte	0x18
 400 00d9 13       		.byte	0x13
 401 00da 60000000 		.4byte	0x60
 402 00de 05       		.uleb128 0x5
 403 00df D2000000 		.4byte	0xd2
 404 00e3 03       		.uleb128 0x3
 405 00e4 12020000 		.4byte	.LASF19
 406 00e8 04       		.byte	0x4
 407 00e9 20       		.byte	0x20
 408 00ea 13       		.byte	0x13
 409 00eb 73000000 		.4byte	0x73
 410 00ef 03       		.uleb128 0x3
 411 00f0 13050000 		.4byte	.LASF20
 412 00f4 04       		.byte	0x4
 413 00f5 24       		.byte	0x24
 414 00f6 14       		.byte	0x14
 415 00f7 86000000 		.4byte	0x86
 416 00fb 03       		.uleb128 0x3
 417 00fc 54060000 		.4byte	.LASF21
 418 0100 04       		.byte	0x4
 419 0101 2C       		.byte	0x2c
 420 0102 13       		.byte	0x13
 421 0103 99000000 		.4byte	0x99
 422 0107 03       		.uleb128 0x3
 423 0108 65010000 		.4byte	.LASF22
 424 010c 04       		.byte	0x4
 425 010d 30       		.byte	0x30
 426 010e 14       		.byte	0x14
 427 010f AC000000 		.4byte	0xac
 428 0113 04       		.uleb128 0x4
 429 0114 01       		.byte	0x1
 430 0115 08       		.byte	0x8
 431 0116 B1030000 		.4byte	.LASF23
 432 011a 05       		.uleb128 0x5
 433 011b 13010000 		.4byte	0x113
 434 011f 06       		.uleb128 0x6
 435 0120 04       		.byte	0x4
 436 0121 1A010000 		.4byte	0x11a
 437 0125 04       		.uleb128 0x4
 438 0126 04       		.byte	0x4
 439 0127 04       		.byte	0x4
ARM GAS  /var/folders/d3/dt3vwhr97lb9k6xww43tf6h40000gr/T//cceveesL.s 			page 9


 440 0128 BA010000 		.4byte	.LASF24
 441 012c 05       		.uleb128 0x5
 442 012d 25010000 		.4byte	0x125
 443 0131 04       		.uleb128 0x4
 444 0132 08       		.byte	0x8
 445 0133 04       		.byte	0x4
 446 0134 58080000 		.4byte	.LASF25
 447 0138 07       		.uleb128 0x7
 448 0139 07       		.byte	0x7
 449 013a 01       		.byte	0x1
 450 013b 6C000000 		.4byte	0x6c
 451 013f 05       		.byte	0x5
 452 0140 38       		.byte	0x38
 453 0141 08       		.byte	0x8
 454 0142 7D010000 		.4byte	0x17d
 455 0146 08       		.uleb128 0x8
 456 0147 7E030000 		.4byte	.LASF26
 457 014b 00       		.byte	0
 458 014c 08       		.uleb128 0x8
 459 014d D2010000 		.4byte	.LASF27
 460 0151 01       		.byte	0x1
 461 0152 08       		.uleb128 0x8
 462 0153 AA050000 		.4byte	.LASF28
 463 0157 02       		.byte	0x2
 464 0158 08       		.uleb128 0x8
 465 0159 A3060000 		.4byte	.LASF29
 466 015d 03       		.byte	0x3
 467 015e 08       		.uleb128 0x8
 468 015f 35030000 		.4byte	.LASF30
 469 0163 04       		.byte	0x4
 470 0164 08       		.uleb128 0x8
 471 0165 CF050000 		.4byte	.LASF31
 472 0169 05       		.byte	0x5
 473 016a 08       		.uleb128 0x8
 474 016b BC070000 		.4byte	.LASF32
 475 016f 06       		.byte	0x6
 476 0170 08       		.uleb128 0x8
 477 0171 CC030000 		.4byte	.LASF33
 478 0175 07       		.byte	0x7
 479 0176 08       		.uleb128 0x8
 480 0177 5F080000 		.4byte	.LASF34
 481 017b 08       		.byte	0x8
 482 017c 00       		.byte	0
 483 017d 07       		.uleb128 0x7
 484 017e 07       		.byte	0x7
 485 017f 02       		.byte	0x2
 486 0180 92000000 		.4byte	0x92
 487 0184 05       		.byte	0x5
 488 0185 6A       		.byte	0x6a
 489 0186 08       		.byte	0x8
 490 0187 B6010000 		.4byte	0x1b6
 491 018b 09       		.uleb128 0x9
 492 018c B2040000 		.4byte	.LASF35
 493 0190 0003     		.2byte	0x300
 494 0192 09       		.uleb128 0x9
 495 0193 1F060000 		.4byte	.LASF36
 496 0197 0003     		.2byte	0x300
ARM GAS  /var/folders/d3/dt3vwhr97lb9k6xww43tf6h40000gr/T//cceveesL.s 			page 10


 497 0199 09       		.uleb128 0x9
 498 019a F0010000 		.4byte	.LASF37
 499 019e 0103     		.2byte	0x301
 500 01a0 09       		.uleb128 0x9
 501 01a1 E3050000 		.4byte	.LASF38
 502 01a5 0203     		.2byte	0x302
 503 01a7 09       		.uleb128 0x9
 504 01a8 9A070000 		.4byte	.LASF39
 505 01ac 0303     		.2byte	0x303
 506 01ae 09       		.uleb128 0x9
 507 01af 4B050000 		.4byte	.LASF40
 508 01b3 0403     		.2byte	0x304
 509 01b5 00       		.byte	0
 510 01b6 07       		.uleb128 0x7
 511 01b7 07       		.byte	0x7
 512 01b8 02       		.byte	0x2
 513 01b9 92000000 		.4byte	0x92
 514 01bd 05       		.byte	0x5
 515 01be 9C       		.byte	0x9c
 516 01bf 08       		.byte	0x8
 517 01c0 DA010000 		.4byte	0x1da
 518 01c4 09       		.uleb128 0x9
 519 01c5 14040000 		.4byte	.LASF41
 520 01c9 0006     		.2byte	0x600
 521 01cb 09       		.uleb128 0x9
 522 01cc 01010000 		.4byte	.LASF42
 523 01d0 0006     		.2byte	0x600
 524 01d2 09       		.uleb128 0x9
 525 01d3 97010000 		.4byte	.LASF43
 526 01d7 0706     		.2byte	0x607
 527 01d9 00       		.byte	0
 528 01da 07       		.uleb128 0x7
 529 01db 07       		.byte	0x7
 530 01dc 04       		.byte	0x4
 531 01dd 38000000 		.4byte	0x38
 532 01e1 05       		.byte	0x5
 533 01e2 B4       		.byte	0xb4
 534 01e3 08       		.byte	0x8
 535 01e4 04020000 		.4byte	0x204
 536 01e8 0A       		.uleb128 0xa
 537 01e9 54010000 		.4byte	.LASF44
 538 01ed 00000100 		.4byte	0x10000
 539 01f1 0A       		.uleb128 0xa
 540 01f2 61040000 		.4byte	.LASF45
 541 01f6 00010100 		.4byte	0x10100
 542 01fa 0A       		.uleb128 0xa
 543 01fb BE050000 		.4byte	.LASF46
 544 01ff 00000200 		.4byte	0x20000
 545 0203 00       		.byte	0
 546 0204 0B       		.uleb128 0xb
 547 0205 A0000000 		.4byte	.LASF117
 548 0209 05       		.byte	0x5
 549 020a D8       		.byte	0xd8
 550 020b 10       		.byte	0x10
 551 020c 05       		.uleb128 0x5
 552 020d 04020000 		.4byte	0x204
 553 0211 03       		.uleb128 0x3
ARM GAS  /var/folders/d3/dt3vwhr97lb9k6xww43tf6h40000gr/T//cceveesL.s 			page 11


 554 0212 AB020000 		.4byte	.LASF47
 555 0216 05       		.byte	0x5
 556 0217 E3       		.byte	0xe3
 557 0218 17       		.byte	0x17
 558 0219 1D020000 		.4byte	0x21d
 559 021d 06       		.uleb128 0x6
 560 021e 04       		.byte	0x4
 561 021f 23020000 		.4byte	0x223
 562 0223 0C       		.uleb128 0xc
 563 0224 32020000 		.4byte	0x232
 564 0228 32020000 		.4byte	0x232
 565 022c 0D       		.uleb128 0xd
 566 022d 2C000000 		.4byte	0x2c
 567 0231 00       		.byte	0
 568 0232 06       		.uleb128 0x6
 569 0233 04       		.byte	0x4
 570 0234 D2000000 		.4byte	0xd2
 571 0238 03       		.uleb128 0x3
 572 0239 11000000 		.4byte	.LASF48
 573 023d 05       		.byte	0x5
 574 023e EB       		.byte	0xeb
 575 023f 12       		.byte	0x12
 576 0240 44020000 		.4byte	0x244
 577 0244 06       		.uleb128 0x6
 578 0245 04       		.byte	0x4
 579 0246 4A020000 		.4byte	0x24a
 580 024a 0E       		.uleb128 0xe
 581 024b 55020000 		.4byte	0x255
 582 024f 0D       		.uleb128 0xd
 583 0250 55020000 		.4byte	0x255
 584 0254 00       		.byte	0
 585 0255 06       		.uleb128 0x6
 586 0256 04       		.byte	0x4
 587 0257 DE000000 		.4byte	0xde
 588 025b 03       		.uleb128 0x3
 589 025c BC000000 		.4byte	.LASF49
 590 0260 05       		.byte	0x5
 591 0261 F3       		.byte	0xf3
 592 0262 14       		.byte	0x14
 593 0263 67020000 		.4byte	0x267
 594 0267 06       		.uleb128 0x6
 595 0268 04       		.byte	0x4
 596 0269 6D020000 		.4byte	0x26d
 597 026d 0F       		.uleb128 0xf
 598 026e 2C000000 		.4byte	0x2c
 599 0272 10       		.uleb128 0x10
 600 0273 F4020000 		.4byte	.LASF55
 601 0277 10       		.byte	0x10
 602 0278 05       		.byte	0x5
 603 0279 FA       		.byte	0xfa
 604 027a 12       		.byte	0x12
 605 027b B4020000 		.4byte	0x2b4
 606 027f 11       		.uleb128 0x11
 607 0280 A1030000 		.4byte	.LASF50
 608 0284 05       		.byte	0x5
 609 0285 FB       		.byte	0xfb
 610 0286 28       		.byte	0x28
ARM GAS  /var/folders/d3/dt3vwhr97lb9k6xww43tf6h40000gr/T//cceveesL.s 			page 12


 611 0287 B4020000 		.4byte	0x2b4
 612 028b 00       		.byte	0
 613 028c 11       		.uleb128 0x11
 614 028d DF040000 		.4byte	.LASF51
 615 0291 05       		.byte	0x5
 616 0292 FC       		.byte	0xfc
 617 0293 22       		.byte	0x22
 618 0294 11020000 		.4byte	0x211
 619 0298 04       		.byte	0x4
 620 0299 11       		.uleb128 0x11
 621 029a 2A030000 		.4byte	.LASF52
 622 029e 05       		.byte	0x5
 623 029f FD       		.byte	0xfd
 624 02a0 21       		.byte	0x21
 625 02a1 38020000 		.4byte	0x238
 626 02a5 08       		.byte	0x8
 627 02a6 11       		.uleb128 0x11
 628 02a7 72080000 		.4byte	.LASF53
 629 02ab 05       		.byte	0x5
 630 02ac FE       		.byte	0xfe
 631 02ad 22       		.byte	0x22
 632 02ae 5B020000 		.4byte	0x25b
 633 02b2 0C       		.byte	0xc
 634 02b3 00       		.byte	0
 635 02b4 06       		.uleb128 0x6
 636 02b5 04       		.byte	0x4
 637 02b6 0C020000 		.4byte	0x20c
 638 02ba 03       		.uleb128 0x3
 639 02bb 69030000 		.4byte	.LASF54
 640 02bf 05       		.byte	0x5
 641 02c0 FF       		.byte	0xff
 642 02c1 05       		.byte	0x5
 643 02c2 72020000 		.4byte	0x272
 644 02c6 12       		.uleb128 0x12
 645 02c7 57030000 		.4byte	.LASF56
 646 02cb 20       		.byte	0x20
 647 02cc 05       		.byte	0x5
 648 02cd 0601     		.2byte	0x106
 649 02cf 12       		.byte	0x12
 650 02d0 37030000 		.4byte	0x337
 651 02d4 13       		.uleb128 0x13
 652 02d5 97040000 		.4byte	.LASF57
 653 02d9 05       		.byte	0x5
 654 02da 0701     		.2byte	0x107
 655 02dc 0E       		.byte	0xe
 656 02dd 07010000 		.4byte	0x107
 657 02e1 00       		.byte	0
 658 02e2 14       		.uleb128 0x14
 659 02e3 61706900 		.ascii	"api\000"
 660 02e7 05       		.byte	0x5
 661 02e8 0801     		.2byte	0x108
 662 02ea 0E       		.byte	0xe
 663 02eb 07010000 		.4byte	0x107
 664 02ef 04       		.byte	0x4
 665 02f0 13       		.uleb128 0x13
 666 02f1 82040000 		.4byte	.LASF58
 667 02f5 05       		.byte	0x5
ARM GAS  /var/folders/d3/dt3vwhr97lb9k6xww43tf6h40000gr/T//cceveesL.s 			page 13


 668 02f6 0901     		.2byte	0x109
 669 02f8 0E       		.byte	0xe
 670 02f9 07010000 		.4byte	0x107
 671 02fd 08       		.byte	0x8
 672 02fe 13       		.uleb128 0x13
 673 02ff 8E000000 		.4byte	.LASF59
 674 0303 05       		.byte	0x5
 675 0304 0A01     		.2byte	0x10a
 676 0306 0E       		.byte	0xe
 677 0307 EF000000 		.4byte	0xef
 678 030b 0C       		.byte	0xc
 679 030c 13       		.uleb128 0x13
 680 030d 1C050000 		.4byte	.LASF60
 681 0311 05       		.byte	0x5
 682 0312 0B01     		.2byte	0x10b
 683 0314 0D       		.byte	0xd
 684 0315 D2000000 		.4byte	0xd2
 685 0319 0E       		.byte	0xe
 686 031a 13       		.uleb128 0x13
 687 031b 72040000 		.4byte	.LASF61
 688 031f 05       		.byte	0x5
 689 0320 0C01     		.2byte	0x10c
 690 0322 0D       		.byte	0xd
 691 0323 D2000000 		.4byte	0xd2
 692 0327 0F       		.byte	0xf
 693 0328 13       		.uleb128 0x13
 694 0329 2A080000 		.4byte	.LASF62
 695 032d 05       		.byte	0x5
 696 032e 0D01     		.2byte	0x10d
 697 0330 1A       		.byte	0x1a
 698 0331 BA020000 		.4byte	0x2ba
 699 0335 10       		.byte	0x10
 700 0336 00       		.byte	0
 701 0337 15       		.uleb128 0x15
 702 0338 9E040000 		.4byte	.LASF63
 703 033c 05       		.byte	0x5
 704 033d 0E01     		.2byte	0x10e
 705 033f 05       		.byte	0x5
 706 0340 C6020000 		.4byte	0x2c6
 707 0344 05       		.uleb128 0x5
 708 0345 37030000 		.4byte	0x337
 709 0349 12       		.uleb128 0x12
 710 034a FA030000 		.4byte	.LASF64
 711 034e 20       		.byte	0x20
 712 034f 05       		.byte	0x5
 713 0350 4101     		.2byte	0x141
 714 0352 12       		.byte	0x12
 715 0353 DF030000 		.4byte	0x3df
 716 0357 14       		.uleb128 0x14
 717 0358 6D696E00 		.ascii	"min\000"
 718 035c 05       		.byte	0x5
 719 035d 4201     		.2byte	0x142
 720 035f 0D       		.byte	0xd
 721 0360 E3000000 		.4byte	0xe3
 722 0364 00       		.byte	0
 723 0365 14       		.uleb128 0x14
 724 0366 6D617800 		.ascii	"max\000"
ARM GAS  /var/folders/d3/dt3vwhr97lb9k6xww43tf6h40000gr/T//cceveesL.s 			page 14


 725 036a 05       		.byte	0x5
 726 036b 4301     		.2byte	0x143
 727 036d 0D       		.byte	0xd
 728 036e E3000000 		.4byte	0xe3
 729 0372 02       		.byte	0x2
 730 0373 13       		.uleb128 0x13
 731 0374 F3030000 		.4byte	.LASF65
 732 0378 05       		.byte	0x5
 733 0379 4401     		.2byte	0x144
 734 037b 0D       		.byte	0xd
 735 037c E3000000 		.4byte	0xe3
 736 0380 04       		.byte	0x4
 737 0381 13       		.uleb128 0x13
 738 0382 05060000 		.4byte	.LASF66
 739 0386 05       		.byte	0x5
 740 0387 4501     		.2byte	0x145
 741 0389 0D       		.byte	0xd
 742 038a E3000000 		.4byte	0xe3
 743 038e 06       		.byte	0x6
 744 038f 13       		.uleb128 0x13
 745 0390 85060000 		.4byte	.LASF67
 746 0394 05       		.byte	0x5
 747 0395 4601     		.2byte	0x146
 748 0397 0D       		.byte	0xd
 749 0398 D2000000 		.4byte	0xd2
 750 039c 08       		.byte	0x8
 751 039d 16       		.uleb128 0x16
 752 039e FC000000 		.4byte	.LASF68
 753 03a2 05       		.byte	0x5
 754 03a3 4701     		.2byte	0x147
 755 03a5 0D       		.byte	0xd
 756 03a6 D2000000 		.4byte	0xd2
 757 03aa 01       		.byte	0x1
 758 03ab 04       		.byte	0x4
 759 03ac 04       		.byte	0x4
 760 03ad 09       		.byte	0x9
 761 03ae 16       		.uleb128 0x16
 762 03af E6010000 		.4byte	.LASF69
 763 03b3 05       		.byte	0x5
 764 03b4 4801     		.2byte	0x148
 765 03b6 0D       		.byte	0xd
 766 03b7 D2000000 		.4byte	0xd2
 767 03bb 01       		.byte	0x1
 768 03bc 01       		.byte	0x1
 769 03bd 03       		.byte	0x3
 770 03be 09       		.byte	0x9
 771 03bf 16       		.uleb128 0x16
 772 03c0 4F080000 		.4byte	.LASF70
 773 03c4 05       		.byte	0x5
 774 03c5 4901     		.2byte	0x149
 775 03c7 0D       		.byte	0xd
 776 03c8 D2000000 		.4byte	0xd2
 777 03cc 01       		.byte	0x1
 778 03cd 03       		.byte	0x3
 779 03ce 00       		.byte	0
 780 03cf 09       		.byte	0x9
 781 03d0 13       		.uleb128 0x13
ARM GAS  /var/folders/d3/dt3vwhr97lb9k6xww43tf6h40000gr/T//cceveesL.s 			page 15


 782 03d1 A5050000 		.4byte	.LASF71
 783 03d5 05       		.byte	0x5
 784 03d6 4A01     		.2byte	0x14a
 785 03d8 0D       		.byte	0xd
 786 03d9 DF030000 		.4byte	0x3df
 787 03dd 0A       		.byte	0xa
 788 03de 00       		.byte	0
 789 03df 17       		.uleb128 0x17
 790 03e0 13010000 		.4byte	0x113
 791 03e4 EF030000 		.4byte	0x3ef
 792 03e8 18       		.uleb128 0x18
 793 03e9 38000000 		.4byte	0x38
 794 03ed 15       		.byte	0x15
 795 03ee 00       		.byte	0
 796 03ef 15       		.uleb128 0x15
 797 03f0 5E000000 		.4byte	.LASF72
 798 03f4 05       		.byte	0x5
 799 03f5 4B01     		.2byte	0x14b
 800 03f7 05       		.byte	0x5
 801 03f8 49030000 		.4byte	0x349
 802 03fc 06       		.uleb128 0x6
 803 03fd 04       		.byte	0x4
 804 03fe 44030000 		.4byte	0x344
 805 0402 06       		.uleb128 0x6
 806 0403 04       		.byte	0x4
 807 0404 2C010000 		.4byte	0x12c
 808 0408 06       		.uleb128 0x6
 809 0409 04       		.byte	0x4
 810 040a 25010000 		.4byte	0x125
 811 040e 19       		.uleb128 0x19
 812 040f 33000000 		.4byte	.LASF73
 813 0413 3801     		.2byte	0x138
 814 0415 05       		.byte	0x5
 815 0416 D401     		.2byte	0x1d4
 816 0418 12       		.byte	0x12
 817 0419 B8040000 		.4byte	0x4b8
 818 041d 13       		.uleb128 0x13
 819 041e 75010000 		.4byte	.LASF74
 820 0422 05       		.byte	0x5
 821 0423 D501     		.2byte	0x1d5
 822 0425 0E       		.byte	0xe
 823 0426 07010000 		.4byte	0x107
 824 042a 00       		.byte	0
 825 042b 13       		.uleb128 0x13
 826 042c 97040000 		.4byte	.LASF57
 827 0430 05       		.byte	0x5
 828 0431 D601     		.2byte	0x1d6
 829 0433 0E       		.byte	0xe
 830 0434 07010000 		.4byte	0x107
 831 0438 04       		.byte	0x4
 832 0439 14       		.uleb128 0x14
 833 043a 61706900 		.ascii	"api\000"
 834 043e 05       		.byte	0x5
 835 043f D701     		.2byte	0x1d7
 836 0441 0E       		.byte	0xe
 837 0442 07010000 		.4byte	0x107
 838 0446 08       		.byte	0x8
ARM GAS  /var/folders/d3/dt3vwhr97lb9k6xww43tf6h40000gr/T//cceveesL.s 			page 16


 839 0447 13       		.uleb128 0x13
 840 0448 00050000 		.4byte	.LASF75
 841 044c 05       		.byte	0x5
 842 044d D801     		.2byte	0x1d8
 843 044f 0E       		.byte	0xe
 844 0450 07010000 		.4byte	0x107
 845 0454 0C       		.byte	0xc
 846 0455 13       		.uleb128 0x13
 847 0456 C8020000 		.4byte	.LASF76
 848 045a 05       		.byte	0x5
 849 045b D901     		.2byte	0x1d9
 850 045d 0E       		.byte	0xe
 851 045e 07010000 		.4byte	0x107
 852 0462 10       		.byte	0x10
 853 0463 13       		.uleb128 0x13
 854 0464 E6000000 		.4byte	.LASF77
 855 0468 05       		.byte	0x5
 856 0469 DA01     		.2byte	0x1da
 857 046b 0E       		.byte	0xe
 858 046c 07010000 		.4byte	0x107
 859 0470 14       		.byte	0x14
 860 0471 13       		.uleb128 0x13
 861 0472 A5050000 		.4byte	.LASF71
 862 0476 05       		.byte	0x5
 863 0477 DB01     		.2byte	0x1db
 864 0479 0E       		.byte	0xe
 865 047a B8040000 		.4byte	0x4b8
 866 047e 18       		.byte	0x18
 867 047f 13       		.uleb128 0x13
 868 0480 87050000 		.4byte	.LASF78
 869 0484 05       		.byte	0x5
 870 0485 DC01     		.2byte	0x1dc
 871 0487 0E       		.byte	0xe
 872 0488 07010000 		.4byte	0x107
 873 048c 2C       		.byte	0x2c
 874 048d 13       		.uleb128 0x13
 875 048e 91050000 		.4byte	.LASF79
 876 0492 05       		.byte	0x5
 877 0493 DD01     		.2byte	0x1dd
 878 0495 0E       		.byte	0xe
 879 0496 07010000 		.4byte	0x107
 880 049a 30       		.byte	0x30
 881 049b 13       		.uleb128 0x13
 882 049c 1F030000 		.4byte	.LASF80
 883 04a0 05       		.byte	0x5
 884 04a1 DE01     		.2byte	0x1de
 885 04a3 0E       		.byte	0xe
 886 04a4 07010000 		.4byte	0x107
 887 04a8 34       		.byte	0x34
 888 04a9 13       		.uleb128 0x13
 889 04aa 57000000 		.4byte	.LASF81
 890 04ae 05       		.byte	0x5
 891 04af DF01     		.2byte	0x1df
 892 04b1 12       		.byte	0x12
 893 04b2 C8040000 		.4byte	0x4c8
 894 04b6 38       		.byte	0x38
 895 04b7 00       		.byte	0
ARM GAS  /var/folders/d3/dt3vwhr97lb9k6xww43tf6h40000gr/T//cceveesL.s 			page 17


 896 04b8 17       		.uleb128 0x17
 897 04b9 13010000 		.4byte	0x113
 898 04bd C8040000 		.4byte	0x4c8
 899 04c1 18       		.uleb128 0x18
 900 04c2 38000000 		.4byte	0x38
 901 04c6 13       		.byte	0x13
 902 04c7 00       		.byte	0
 903 04c8 17       		.uleb128 0x17
 904 04c9 EF030000 		.4byte	0x3ef
 905 04cd D8040000 		.4byte	0x4d8
 906 04d1 18       		.uleb128 0x18
 907 04d2 38000000 		.4byte	0x38
 908 04d6 07       		.byte	0x7
 909 04d7 00       		.byte	0
 910 04d8 15       		.uleb128 0x15
 911 04d9 EE000000 		.4byte	.LASF82
 912 04dd 05       		.byte	0x5
 913 04de E001     		.2byte	0x1e0
 914 04e0 05       		.byte	0x5
 915 04e1 0E040000 		.4byte	0x40e
 916 04e5 1A       		.uleb128 0x1a
 917 04e6 05       		.byte	0x5
 918 04e7 01       		.byte	0x1
 919 04e8 59000000 		.4byte	0x59
 920 04ec 05       		.byte	0x5
 921 04ed E401     		.2byte	0x1e4
 922 04ef 08       		.byte	0x8
 923 04f0 1F050000 		.4byte	0x51f
 924 04f4 08       		.uleb128 0x8
 925 04f5 D3070000 		.4byte	.LASF83
 926 04f9 00       		.byte	0
 927 04fa 1B       		.uleb128 0x1b
 928 04fb C0010000 		.4byte	.LASF84
 929 04ff 7F       		.sleb128 -1
 930 0500 1B       		.uleb128 0x1b
 931 0501 6E060000 		.4byte	.LASF85
 932 0505 7E       		.sleb128 -2
 933 0506 1B       		.uleb128 0x1b
 934 0507 81010000 		.4byte	.LASF86
 935 050b 7C       		.sleb128 -4
 936 050c 1B       		.uleb128 0x1b
 937 050d 40010000 		.4byte	.LASF87
 938 0511 78       		.sleb128 -8
 939 0512 1B       		.uleb128 0x1b
 940 0513 5C060000 		.4byte	.LASF88
 941 0517 70       		.sleb128 -16
 942 0518 1B       		.uleb128 0x1b
 943 0519 00000000 		.4byte	.LASF89
 944 051d 60       		.sleb128 -32
 945 051e 00       		.byte	0
 946 051f 10       		.uleb128 0x10
 947 0520 3F000000 		.4byte	.LASF90
 948 0524 08       		.byte	0x8
 949 0525 06       		.byte	0x6
 950 0526 68       		.byte	0x68
 951 0527 12       		.byte	0x12
 952 0528 81050000 		.4byte	0x581
ARM GAS  /var/folders/d3/dt3vwhr97lb9k6xww43tf6h40000gr/T//cceveesL.s 			page 18


 953 052c 11       		.uleb128 0x11
 954 052d 87000000 		.4byte	.LASF91
 955 0531 06       		.byte	0x6
 956 0532 69       		.byte	0x69
 957 0533 0D       		.byte	0xd
 958 0534 D2000000 		.4byte	0xd2
 959 0538 00       		.byte	0
 960 0539 1C       		.uleb128 0x1c
 961 053a 2D000000 		.4byte	.LASF92
 962 053e 06       		.byte	0x6
 963 053f 6A       		.byte	0x6a
 964 0540 0D       		.byte	0xd
 965 0541 D2000000 		.4byte	0xd2
 966 0545 01       		.byte	0x1
 967 0546 07       		.byte	0x7
 968 0547 01       		.byte	0x1
 969 0548 01       		.byte	0x1
 970 0549 1C       		.uleb128 0x1c
 971 054a E4030000 		.4byte	.LASF93
 972 054e 06       		.byte	0x6
 973 054f 6B       		.byte	0x6b
 974 0550 0D       		.byte	0xd
 975 0551 D2000000 		.4byte	0xd2
 976 0555 01       		.byte	0x1
 977 0556 01       		.byte	0x1
 978 0557 00       		.byte	0
 979 0558 01       		.byte	0x1
 980 0559 1D       		.uleb128 0x1d
 981 055a 6D696E00 		.ascii	"min\000"
 982 055e 06       		.byte	0x6
 983 055f 6C       		.byte	0x6c
 984 0560 0D       		.byte	0xd
 985 0561 E3000000 		.4byte	0xe3
 986 0565 02       		.byte	0x2
 987 0566 1D       		.uleb128 0x1d
 988 0567 6D617800 		.ascii	"max\000"
 989 056b 06       		.byte	0x6
 990 056c 6D       		.byte	0x6d
 991 056d 0D       		.byte	0xd
 992 056e E3000000 		.4byte	0xe3
 993 0572 04       		.byte	0x4
 994 0573 11       		.uleb128 0x11
 995 0574 DF020000 		.4byte	.LASF94
 996 0578 06       		.byte	0x6
 997 0579 6E       		.byte	0x6e
 998 057a 0D       		.byte	0xd
 999 057b E3000000 		.4byte	0xe3
 1000 057f 06       		.byte	0x6
 1001 0580 00       		.byte	0
 1002 0581 03       		.uleb128 0x3
 1003 0582 39040000 		.4byte	.LASF95
 1004 0586 06       		.byte	0x6
 1005 0587 6F       		.byte	0x6f
 1006 0588 05       		.byte	0x5
 1007 0589 1F050000 		.4byte	0x51f
 1008 058d 1E       		.uleb128 0x1e
 1009 058e B6030000 		.4byte	.LASF96
ARM GAS  /var/folders/d3/dt3vwhr97lb9k6xww43tf6h40000gr/T//cceveesL.s 			page 19


 1010 0592 7801     		.2byte	0x178
 1011 0594 06       		.byte	0x6
 1012 0595 73       		.byte	0x73
 1013 0596 12       		.byte	0x12
 1014 0597 B7050000 		.4byte	0x5b7
 1015 059b 11       		.uleb128 0x11
 1016 059c 31020000 		.4byte	.LASF97
 1017 05a0 06       		.byte	0x6
 1018 05a1 74       		.byte	0x74
 1019 05a2 13       		.byte	0x13
 1020 05a3 D8040000 		.4byte	0x4d8
 1021 05a7 00       		.byte	0
 1022 05a8 1F       		.uleb128 0x1f
 1023 05a9 CE040000 		.4byte	.LASF98
 1024 05ad 06       		.byte	0x6
 1025 05ae 75       		.byte	0x75
 1026 05af 1F       		.byte	0x1f
 1027 05b0 B7050000 		.4byte	0x5b7
 1028 05b4 3801     		.2byte	0x138
 1029 05b6 00       		.byte	0
 1030 05b7 17       		.uleb128 0x17
 1031 05b8 81050000 		.4byte	0x581
 1032 05bc C7050000 		.4byte	0x5c7
 1033 05c0 18       		.uleb128 0x18
 1034 05c1 38000000 		.4byte	0x38
 1035 05c5 07       		.byte	0x7
 1036 05c6 00       		.byte	0
 1037 05c7 03       		.uleb128 0x3
 1038 05c8 07030000 		.4byte	.LASF99
 1039 05cc 06       		.byte	0x6
 1040 05cd 76       		.byte	0x76
 1041 05ce 05       		.byte	0x5
 1042 05cf 8D050000 		.4byte	0x58d
 1043 05d3 05       		.uleb128 0x5
 1044 05d4 C7050000 		.4byte	0x5c7
 1045 05d8 20       		.uleb128 0x20
 1046 05d9 33000000 		.4byte	.LASF73
 1047 05dd 06       		.byte	0x6
 1048 05de 79       		.byte	0x79
 1049 05df 28       		.byte	0x28
 1050 05e0 D3050000 		.4byte	0x5d3
 1051 05e4 21       		.uleb128 0x21
 1052 05e5 D8050000 		.4byte	0x5d8
 1053 05e9 01       		.byte	0x1
 1054 05ea 30       		.byte	0x30
 1055 05eb 4E       		.byte	0x4e
 1056 05ec 05       		.uleb128 0x5
 1057 05ed 03       		.byte	0x3
 1058 05ee 00000000 		.4byte	unit_header
 1059 05f2 22       		.uleb128 0x22
 1060 05f3 76050000 		.4byte	.LASF103
 1061 05f7 01       		.byte	0x1
 1062 05f8 69       		.byte	0x69
 1063 05f9 1C       		.byte	0x1c
 1064 05fa 1E000000 		.4byte	.LFB256
 1065 05fe 02000000 		.4byte	.LFE256-.LFB256
 1066 0602 01       		.uleb128 0x1
ARM GAS  /var/folders/d3/dt3vwhr97lb9k6xww43tf6h40000gr/T//cceveesL.s 			page 20


 1067 0603 9C       		.byte	0x9c
 1068 0604 3C060000 		.4byte	0x63c
 1069 0608 23       		.uleb128 0x23
 1070 0609 696400   		.ascii	"id\000"
 1071 060c 01       		.byte	0x1
 1072 060d 69       		.byte	0x69
 1073 060e 35       		.byte	0x35
 1074 060f D2000000 		.4byte	0xd2
 1075 0613 01       		.uleb128 0x1
 1076 0614 50       		.byte	0x50
 1077 0615 24       		.uleb128 0x24
 1078 0616 6B000000 		.4byte	.LASF100
 1079 061a 01       		.byte	0x1
 1080 061b 69       		.byte	0x69
 1081 061c 41       		.byte	0x41
 1082 061d D2000000 		.4byte	0xd2
 1083 0621 01       		.uleb128 0x1
 1084 0622 51       		.byte	0x51
 1085 0623 23       		.uleb128 0x23
 1086 0624 7800     		.ascii	"x\000"
 1087 0626 01       		.byte	0x1
 1088 0627 69       		.byte	0x69
 1089 0628 51       		.byte	0x51
 1090 0629 07010000 		.4byte	0x107
 1091 062d 01       		.uleb128 0x1
 1092 062e 52       		.byte	0x52
 1093 062f 23       		.uleb128 0x23
 1094 0630 7900     		.ascii	"y\000"
 1095 0632 01       		.byte	0x1
 1096 0633 69       		.byte	0x69
 1097 0634 5D       		.byte	0x5d
 1098 0635 07010000 		.4byte	0x107
 1099 0639 01       		.uleb128 0x1
 1100 063a 53       		.byte	0x53
 1101 063b 00       		.byte	0
 1102 063c 25       		.uleb128 0x25
 1103 063d 71000000 		.4byte	.LASF118
 1104 0641 01       		.byte	0x1
 1105 0642 67       		.byte	0x67
 1106 0643 1C       		.byte	0x1c
 1107 0644 55060000 		.4byte	0x655
 1108 0648 26       		.uleb128 0x26
 1109 0649 E5020000 		.4byte	.LASF101
 1110 064d 01       		.byte	0x1
 1111 064e 67       		.byte	0x67
 1112 064f 3B       		.byte	0x3b
 1113 0650 07010000 		.4byte	0x107
 1114 0654 00       		.byte	0
 1115 0655 27       		.uleb128 0x27
 1116 0656 D0020000 		.4byte	.LASF119
 1117 065a 01       		.byte	0x1
 1118 065b 65       		.byte	0x65
 1119 065c 1C       		.byte	0x1c
 1120 065d 01       		.byte	0x1
 1121 065e 6F060000 		.4byte	0x66f
 1122 0662 26       		.uleb128 0x26
 1123 0663 51030000 		.4byte	.LASF102
ARM GAS  /var/folders/d3/dt3vwhr97lb9k6xww43tf6h40000gr/T//cceveesL.s 			page 21


 1124 0667 01       		.byte	0x1
 1125 0668 65       		.byte	0x65
 1126 0669 34       		.byte	0x34
 1127 066a 07010000 		.4byte	0x107
 1128 066e 00       		.byte	0
 1129 066f 22       		.uleb128 0x22
 1130 0670 2B010000 		.4byte	.LASF104
 1131 0674 01       		.byte	0x1
 1132 0675 60       		.byte	0x60
 1133 0676 1C       		.byte	0x1c
 1134 0677 18000000 		.4byte	.LFB253
 1135 067b 02000000 		.4byte	.LFE253-.LFB253
 1136 067f 01       		.uleb128 0x1
 1137 0680 9C       		.byte	0x9c
 1138 0681 A1060000 		.4byte	0x6a1
 1139 0685 23       		.uleb128 0x23
 1140 0686 696400   		.ascii	"id\000"
 1141 0689 01       		.byte	0x1
 1142 068a 60       		.byte	0x60
 1143 068b 39       		.byte	0x39
 1144 068c D2000000 		.4byte	0xd2
 1145 0690 01       		.uleb128 0x1
 1146 0691 50       		.byte	0x50
 1147 0692 24       		.uleb128 0x24
 1148 0693 DF020000 		.4byte	.LASF94
 1149 0697 01       		.byte	0x1
 1150 0698 60       		.byte	0x60
 1151 0699 45       		.byte	0x45
 1152 069a FB000000 		.4byte	0xfb
 1153 069e 01       		.uleb128 0x1
 1154 069f 51       		.byte	0x51
 1155 06a0 00       		.byte	0
 1156 06a1 28       		.uleb128 0x28
 1157 06a2 92020000 		.4byte	.LASF105
 1158 06a6 01       		.byte	0x1
 1159 06a7 5A       		.byte	0x5a
 1160 06a8 24       		.byte	0x24
 1161 06a9 1F010000 		.4byte	0x11f
 1162 06ad 14000000 		.4byte	.LFB252
 1163 06b1 04000000 		.4byte	.LFE252-.LFB252
 1164 06b5 01       		.uleb128 0x1
 1165 06b6 9C       		.byte	0x9c
 1166 06b7 DD060000 		.4byte	0x6dd
 1167 06bb 29       		.uleb128 0x29
 1168 06bc 696400   		.ascii	"id\000"
 1169 06bf 01       		.byte	0x1
 1170 06c0 5A       		.byte	0x5a
 1171 06c1 45       		.byte	0x45
 1172 06c2 D2000000 		.4byte	0xd2
 1173 06c6 04000000 		.4byte	.LLST2
 1174 06ca 00000000 		.4byte	.LVUS2
 1175 06ce 24       		.uleb128 0x24
 1176 06cf DF020000 		.4byte	.LASF94
 1177 06d3 01       		.byte	0x1
 1178 06d4 5A       		.byte	0x5a
 1179 06d5 51       		.byte	0x51
 1180 06d6 FB000000 		.4byte	0xfb
ARM GAS  /var/folders/d3/dt3vwhr97lb9k6xww43tf6h40000gr/T//cceveesL.s 			page 22


 1181 06da 01       		.uleb128 0x1
 1182 06db 51       		.byte	0x51
 1183 06dc 00       		.byte	0
 1184 06dd 28       		.uleb128 0x28
 1185 06de 0A060000 		.4byte	.LASF106
 1186 06e2 01       		.byte	0x1
 1187 06e3 55       		.byte	0x55
 1188 06e4 1F       		.byte	0x1f
 1189 06e5 FB000000 		.4byte	0xfb
 1190 06e9 10000000 		.4byte	.LFB251
 1191 06ed 04000000 		.4byte	.LFE251-.LFB251
 1192 06f1 01       		.uleb128 0x1
 1193 06f2 9C       		.byte	0x9c
 1194 06f3 0B070000 		.4byte	0x70b
 1195 06f7 29       		.uleb128 0x29
 1196 06f8 696400   		.ascii	"id\000"
 1197 06fb 01       		.byte	0x1
 1198 06fc 55       		.byte	0x55
 1199 06fd 3C       		.byte	0x3c
 1200 06fe D2000000 		.4byte	0xd2
 1201 0702 29000000 		.4byte	.LLST1
 1202 0706 25000000 		.4byte	.LVUS1
 1203 070a 00       		.byte	0
 1204 070b 22       		.uleb128 0x22
 1205 070c 2D040000 		.4byte	.LASF107
 1206 0710 01       		.byte	0x1
 1207 0711 4F       		.byte	0x4f
 1208 0712 1C       		.byte	0x1c
 1209 0713 0E000000 		.4byte	.LFB250
 1210 0717 02000000 		.4byte	.LFE250-.LFB250
 1211 071b 01       		.uleb128 0x1
 1212 071c 9C       		.byte	0x9c
 1213 071d 4B070000 		.4byte	0x74b
 1214 0721 23       		.uleb128 0x23
 1215 0722 696E00   		.ascii	"in\000"
 1216 0725 01       		.byte	0x1
 1217 0726 4F       		.byte	0x4f
 1218 0727 36       		.byte	0x36
 1219 0728 02040000 		.4byte	0x402
 1220 072c 01       		.uleb128 0x1
 1221 072d 50       		.byte	0x50
 1222 072e 23       		.uleb128 0x23
 1223 072f 6F757400 		.ascii	"out\000"
 1224 0733 01       		.byte	0x1
 1225 0734 4F       		.byte	0x4f
 1226 0735 42       		.byte	0x42
 1227 0736 08040000 		.4byte	0x408
 1228 073a 01       		.uleb128 0x1
 1229 073b 51       		.byte	0x51
 1230 073c 24       		.uleb128 0x24
 1231 073d 05040000 		.4byte	.LASF108
 1232 0741 01       		.byte	0x1
 1233 0742 4F       		.byte	0x4f
 1234 0743 50       		.byte	0x50
 1235 0744 07010000 		.4byte	0x107
 1236 0748 01       		.uleb128 0x1
 1237 0749 52       		.byte	0x52
ARM GAS  /var/folders/d3/dt3vwhr97lb9k6xww43tf6h40000gr/T//cceveesL.s 			page 23


 1238 074a 00       		.byte	0
 1239 074b 2A       		.uleb128 0x2a
 1240 074c 35050000 		.4byte	.LASF109
 1241 0750 01       		.byte	0x1
 1242 0751 4D       		.byte	0x4d
 1243 0752 1C       		.byte	0x1c
 1244 0753 2A       		.uleb128 0x2a
 1245 0754 F4040000 		.4byte	.LASF110
 1246 0758 01       		.byte	0x1
 1247 0759 4B       		.byte	0x4b
 1248 075a 1C       		.byte	0x1c
 1249 075b 2A       		.uleb128 0x2a
 1250 075c 6B050000 		.4byte	.LASF111
 1251 0760 01       		.byte	0x1
 1252 0761 49       		.byte	0x49
 1253 0762 1C       		.byte	0x1c
 1254 0763 2B       		.uleb128 0x2b
 1255 0764 93030000 		.4byte	.LASF120
 1256 0768 01       		.byte	0x1
 1257 0769 47       		.byte	0x47
 1258 076a 1C       		.byte	0x1c
 1259 076b 01       		.byte	0x1
 1260 076c 28       		.uleb128 0x28
 1261 076d 47030000 		.4byte	.LASF112
 1262 0771 01       		.byte	0x1
 1263 0772 42       		.byte	0x42
 1264 0773 1E       		.byte	0x1e
 1265 0774 C6000000 		.4byte	0xc6
 1266 0778 00000000 		.4byte	.LFB245
 1267 077c 06000000 		.4byte	.LFE245-.LFB245
 1268 0780 01       		.uleb128 0x1
 1269 0781 9C       		.byte	0x9c
 1270 0782 9B070000 		.4byte	0x79b
 1271 0786 2C       		.uleb128 0x2c
 1272 0787 7E080000 		.4byte	.LASF113
 1273 078b 01       		.byte	0x1
 1274 078c 42       		.byte	0x42
 1275 078d 44       		.byte	0x44
 1276 078e FC030000 		.4byte	0x3fc
 1277 0792 4E000000 		.4byte	.LLST0
 1278 0796 4A000000 		.4byte	.LVUS0
 1279 079a 00       		.byte	0
 1280 079b 2D       		.uleb128 0x2d
 1281 079c 63070000 		.4byte	0x763
 1282 07a0 06000000 		.4byte	.LFB246
 1283 07a4 02000000 		.4byte	.LFE246-.LFB246
 1284 07a8 01       		.uleb128 0x1
 1285 07a9 9C       		.byte	0x9c
 1286 07aa 2E       		.uleb128 0x2e
 1287 07ab 55060000 		.4byte	0x655
 1288 07af 1A000000 		.4byte	.LFB254
 1289 07b3 02000000 		.4byte	.LFE254-.LFB254
 1290 07b7 01       		.uleb128 0x1
 1291 07b8 9C       		.byte	0x9c
 1292 07b9 2F       		.uleb128 0x2f
 1293 07ba 62060000 		.4byte	0x662
 1294 07be 01       		.uleb128 0x1
ARM GAS  /var/folders/d3/dt3vwhr97lb9k6xww43tf6h40000gr/T//cceveesL.s 			page 24


 1295 07bf 50       		.byte	0x50
 1296 07c0 00       		.byte	0
 1297 07c1 00       		.byte	0
 1298              		.section	.debug_abbrev,"",%progbits
 1299              	.Ldebug_abbrev0:
 1300 0000 01       		.uleb128 0x1
 1301 0001 11       		.uleb128 0x11
 1302 0002 01       		.byte	0x1
 1303 0003 25       		.uleb128 0x25
 1304 0004 0E       		.uleb128 0xe
 1305 0005 13       		.uleb128 0x13
 1306 0006 0B       		.uleb128 0xb
 1307 0007 03       		.uleb128 0x3
 1308 0008 0E       		.uleb128 0xe
 1309 0009 1B       		.uleb128 0x1b
 1310 000a 0E       		.uleb128 0xe
 1311 000b 11       		.uleb128 0x11
 1312 000c 01       		.uleb128 0x1
 1313 000d 12       		.uleb128 0x12
 1314 000e 06       		.uleb128 0x6
 1315 000f 10       		.uleb128 0x10
 1316 0010 17       		.uleb128 0x17
 1317 0011 00       		.byte	0
 1318 0012 00       		.byte	0
 1319 0013 02       		.uleb128 0x2
 1320 0014 24       		.uleb128 0x24
 1321 0015 00       		.byte	0
 1322 0016 0B       		.uleb128 0xb
 1323 0017 0B       		.uleb128 0xb
 1324 0018 3E       		.uleb128 0x3e
 1325 0019 0B       		.uleb128 0xb
 1326 001a 03       		.uleb128 0x3
 1327 001b 08       		.uleb128 0x8
 1328 001c 00       		.byte	0
 1329 001d 00       		.byte	0
 1330 001e 03       		.uleb128 0x3
 1331 001f 16       		.uleb128 0x16
 1332 0020 00       		.byte	0
 1333 0021 03       		.uleb128 0x3
 1334 0022 0E       		.uleb128 0xe
 1335 0023 3A       		.uleb128 0x3a
 1336 0024 0B       		.uleb128 0xb
 1337 0025 3B       		.uleb128 0x3b
 1338 0026 0B       		.uleb128 0xb
 1339 0027 39       		.uleb128 0x39
 1340 0028 0B       		.uleb128 0xb
 1341 0029 49       		.uleb128 0x49
 1342 002a 13       		.uleb128 0x13
 1343 002b 00       		.byte	0
 1344 002c 00       		.byte	0
 1345 002d 04       		.uleb128 0x4
 1346 002e 24       		.uleb128 0x24
 1347 002f 00       		.byte	0
 1348 0030 0B       		.uleb128 0xb
 1349 0031 0B       		.uleb128 0xb
 1350 0032 3E       		.uleb128 0x3e
 1351 0033 0B       		.uleb128 0xb
ARM GAS  /var/folders/d3/dt3vwhr97lb9k6xww43tf6h40000gr/T//cceveesL.s 			page 25


 1352 0034 03       		.uleb128 0x3
 1353 0035 0E       		.uleb128 0xe
 1354 0036 00       		.byte	0
 1355 0037 00       		.byte	0
 1356 0038 05       		.uleb128 0x5
 1357 0039 26       		.uleb128 0x26
 1358 003a 00       		.byte	0
 1359 003b 49       		.uleb128 0x49
 1360 003c 13       		.uleb128 0x13
 1361 003d 00       		.byte	0
 1362 003e 00       		.byte	0
 1363 003f 06       		.uleb128 0x6
 1364 0040 0F       		.uleb128 0xf
 1365 0041 00       		.byte	0
 1366 0042 0B       		.uleb128 0xb
 1367 0043 0B       		.uleb128 0xb
 1368 0044 49       		.uleb128 0x49
 1369 0045 13       		.uleb128 0x13
 1370 0046 00       		.byte	0
 1371 0047 00       		.byte	0
 1372 0048 07       		.uleb128 0x7
 1373 0049 04       		.uleb128 0x4
 1374 004a 01       		.byte	0x1
 1375 004b 3E       		.uleb128 0x3e
 1376 004c 0B       		.uleb128 0xb
 1377 004d 0B       		.uleb128 0xb
 1378 004e 0B       		.uleb128 0xb
 1379 004f 49       		.uleb128 0x49
 1380 0050 13       		.uleb128 0x13
 1381 0051 3A       		.uleb128 0x3a
 1382 0052 0B       		.uleb128 0xb
 1383 0053 3B       		.uleb128 0x3b
 1384 0054 0B       		.uleb128 0xb
 1385 0055 39       		.uleb128 0x39
 1386 0056 0B       		.uleb128 0xb
 1387 0057 01       		.uleb128 0x1
 1388 0058 13       		.uleb128 0x13
 1389 0059 00       		.byte	0
 1390 005a 00       		.byte	0
 1391 005b 08       		.uleb128 0x8
 1392 005c 28       		.uleb128 0x28
 1393 005d 00       		.byte	0
 1394 005e 03       		.uleb128 0x3
 1395 005f 0E       		.uleb128 0xe
 1396 0060 1C       		.uleb128 0x1c
 1397 0061 0B       		.uleb128 0xb
 1398 0062 00       		.byte	0
 1399 0063 00       		.byte	0
 1400 0064 09       		.uleb128 0x9
 1401 0065 28       		.uleb128 0x28
 1402 0066 00       		.byte	0
 1403 0067 03       		.uleb128 0x3
 1404 0068 0E       		.uleb128 0xe
 1405 0069 1C       		.uleb128 0x1c
 1406 006a 05       		.uleb128 0x5
 1407 006b 00       		.byte	0
 1408 006c 00       		.byte	0
ARM GAS  /var/folders/d3/dt3vwhr97lb9k6xww43tf6h40000gr/T//cceveesL.s 			page 26


 1409 006d 0A       		.uleb128 0xa
 1410 006e 28       		.uleb128 0x28
 1411 006f 00       		.byte	0
 1412 0070 03       		.uleb128 0x3
 1413 0071 0E       		.uleb128 0xe
 1414 0072 1C       		.uleb128 0x1c
 1415 0073 06       		.uleb128 0x6
 1416 0074 00       		.byte	0
 1417 0075 00       		.byte	0
 1418 0076 0B       		.uleb128 0xb
 1419 0077 16       		.uleb128 0x16
 1420 0078 00       		.byte	0
 1421 0079 03       		.uleb128 0x3
 1422 007a 0E       		.uleb128 0xe
 1423 007b 3A       		.uleb128 0x3a
 1424 007c 0B       		.uleb128 0xb
 1425 007d 3B       		.uleb128 0x3b
 1426 007e 0B       		.uleb128 0xb
 1427 007f 39       		.uleb128 0x39
 1428 0080 0B       		.uleb128 0xb
 1429 0081 00       		.byte	0
 1430 0082 00       		.byte	0
 1431 0083 0C       		.uleb128 0xc
 1432 0084 15       		.uleb128 0x15
 1433 0085 01       		.byte	0x1
 1434 0086 27       		.uleb128 0x27
 1435 0087 19       		.uleb128 0x19
 1436 0088 49       		.uleb128 0x49
 1437 0089 13       		.uleb128 0x13
 1438 008a 01       		.uleb128 0x1
 1439 008b 13       		.uleb128 0x13
 1440 008c 00       		.byte	0
 1441 008d 00       		.byte	0
 1442 008e 0D       		.uleb128 0xd
 1443 008f 05       		.uleb128 0x5
 1444 0090 00       		.byte	0
 1445 0091 49       		.uleb128 0x49
 1446 0092 13       		.uleb128 0x13
 1447 0093 00       		.byte	0
 1448 0094 00       		.byte	0
 1449 0095 0E       		.uleb128 0xe
 1450 0096 15       		.uleb128 0x15
 1451 0097 01       		.byte	0x1
 1452 0098 27       		.uleb128 0x27
 1453 0099 19       		.uleb128 0x19
 1454 009a 01       		.uleb128 0x1
 1455 009b 13       		.uleb128 0x13
 1456 009c 00       		.byte	0
 1457 009d 00       		.byte	0
 1458 009e 0F       		.uleb128 0xf
 1459 009f 15       		.uleb128 0x15
 1460 00a0 00       		.byte	0
 1461 00a1 27       		.uleb128 0x27
 1462 00a2 19       		.uleb128 0x19
 1463 00a3 49       		.uleb128 0x49
 1464 00a4 13       		.uleb128 0x13
 1465 00a5 00       		.byte	0
ARM GAS  /var/folders/d3/dt3vwhr97lb9k6xww43tf6h40000gr/T//cceveesL.s 			page 27


 1466 00a6 00       		.byte	0
 1467 00a7 10       		.uleb128 0x10
 1468 00a8 13       		.uleb128 0x13
 1469 00a9 01       		.byte	0x1
 1470 00aa 03       		.uleb128 0x3
 1471 00ab 0E       		.uleb128 0xe
 1472 00ac 0B       		.uleb128 0xb
 1473 00ad 0B       		.uleb128 0xb
 1474 00ae 3A       		.uleb128 0x3a
 1475 00af 0B       		.uleb128 0xb
 1476 00b0 3B       		.uleb128 0x3b
 1477 00b1 0B       		.uleb128 0xb
 1478 00b2 39       		.uleb128 0x39
 1479 00b3 0B       		.uleb128 0xb
 1480 00b4 01       		.uleb128 0x1
 1481 00b5 13       		.uleb128 0x13
 1482 00b6 00       		.byte	0
 1483 00b7 00       		.byte	0
 1484 00b8 11       		.uleb128 0x11
 1485 00b9 0D       		.uleb128 0xd
 1486 00ba 00       		.byte	0
 1487 00bb 03       		.uleb128 0x3
 1488 00bc 0E       		.uleb128 0xe
 1489 00bd 3A       		.uleb128 0x3a
 1490 00be 0B       		.uleb128 0xb
 1491 00bf 3B       		.uleb128 0x3b
 1492 00c0 0B       		.uleb128 0xb
 1493 00c1 39       		.uleb128 0x39
 1494 00c2 0B       		.uleb128 0xb
 1495 00c3 49       		.uleb128 0x49
 1496 00c4 13       		.uleb128 0x13
 1497 00c5 38       		.uleb128 0x38
 1498 00c6 0B       		.uleb128 0xb
 1499 00c7 00       		.byte	0
 1500 00c8 00       		.byte	0
 1501 00c9 12       		.uleb128 0x12
 1502 00ca 13       		.uleb128 0x13
 1503 00cb 01       		.byte	0x1
 1504 00cc 03       		.uleb128 0x3
 1505 00cd 0E       		.uleb128 0xe
 1506 00ce 0B       		.uleb128 0xb
 1507 00cf 0B       		.uleb128 0xb
 1508 00d0 3A       		.uleb128 0x3a
 1509 00d1 0B       		.uleb128 0xb
 1510 00d2 3B       		.uleb128 0x3b
 1511 00d3 05       		.uleb128 0x5
 1512 00d4 39       		.uleb128 0x39
 1513 00d5 0B       		.uleb128 0xb
 1514 00d6 01       		.uleb128 0x1
 1515 00d7 13       		.uleb128 0x13
 1516 00d8 00       		.byte	0
 1517 00d9 00       		.byte	0
 1518 00da 13       		.uleb128 0x13
 1519 00db 0D       		.uleb128 0xd
 1520 00dc 00       		.byte	0
 1521 00dd 03       		.uleb128 0x3
 1522 00de 0E       		.uleb128 0xe
ARM GAS  /var/folders/d3/dt3vwhr97lb9k6xww43tf6h40000gr/T//cceveesL.s 			page 28


 1523 00df 3A       		.uleb128 0x3a
 1524 00e0 0B       		.uleb128 0xb
 1525 00e1 3B       		.uleb128 0x3b
 1526 00e2 05       		.uleb128 0x5
 1527 00e3 39       		.uleb128 0x39
 1528 00e4 0B       		.uleb128 0xb
 1529 00e5 49       		.uleb128 0x49
 1530 00e6 13       		.uleb128 0x13
 1531 00e7 38       		.uleb128 0x38
 1532 00e8 0B       		.uleb128 0xb
 1533 00e9 00       		.byte	0
 1534 00ea 00       		.byte	0
 1535 00eb 14       		.uleb128 0x14
 1536 00ec 0D       		.uleb128 0xd
 1537 00ed 00       		.byte	0
 1538 00ee 03       		.uleb128 0x3
 1539 00ef 08       		.uleb128 0x8
 1540 00f0 3A       		.uleb128 0x3a
 1541 00f1 0B       		.uleb128 0xb
 1542 00f2 3B       		.uleb128 0x3b
 1543 00f3 05       		.uleb128 0x5
 1544 00f4 39       		.uleb128 0x39
 1545 00f5 0B       		.uleb128 0xb
 1546 00f6 49       		.uleb128 0x49
 1547 00f7 13       		.uleb128 0x13
 1548 00f8 38       		.uleb128 0x38
 1549 00f9 0B       		.uleb128 0xb
 1550 00fa 00       		.byte	0
 1551 00fb 00       		.byte	0
 1552 00fc 15       		.uleb128 0x15
 1553 00fd 16       		.uleb128 0x16
 1554 00fe 00       		.byte	0
 1555 00ff 03       		.uleb128 0x3
 1556 0100 0E       		.uleb128 0xe
 1557 0101 3A       		.uleb128 0x3a
 1558 0102 0B       		.uleb128 0xb
 1559 0103 3B       		.uleb128 0x3b
 1560 0104 05       		.uleb128 0x5
 1561 0105 39       		.uleb128 0x39
 1562 0106 0B       		.uleb128 0xb
 1563 0107 49       		.uleb128 0x49
 1564 0108 13       		.uleb128 0x13
 1565 0109 00       		.byte	0
 1566 010a 00       		.byte	0
 1567 010b 16       		.uleb128 0x16
 1568 010c 0D       		.uleb128 0xd
 1569 010d 00       		.byte	0
 1570 010e 03       		.uleb128 0x3
 1571 010f 0E       		.uleb128 0xe
 1572 0110 3A       		.uleb128 0x3a
 1573 0111 0B       		.uleb128 0xb
 1574 0112 3B       		.uleb128 0x3b
 1575 0113 05       		.uleb128 0x5
 1576 0114 39       		.uleb128 0x39
 1577 0115 0B       		.uleb128 0xb
 1578 0116 49       		.uleb128 0x49
 1579 0117 13       		.uleb128 0x13
ARM GAS  /var/folders/d3/dt3vwhr97lb9k6xww43tf6h40000gr/T//cceveesL.s 			page 29


 1580 0118 0B       		.uleb128 0xb
 1581 0119 0B       		.uleb128 0xb
 1582 011a 0D       		.uleb128 0xd
 1583 011b 0B       		.uleb128 0xb
 1584 011c 0C       		.uleb128 0xc
 1585 011d 0B       		.uleb128 0xb
 1586 011e 38       		.uleb128 0x38
 1587 011f 0B       		.uleb128 0xb
 1588 0120 00       		.byte	0
 1589 0121 00       		.byte	0
 1590 0122 17       		.uleb128 0x17
 1591 0123 01       		.uleb128 0x1
 1592 0124 01       		.byte	0x1
 1593 0125 49       		.uleb128 0x49
 1594 0126 13       		.uleb128 0x13
 1595 0127 01       		.uleb128 0x1
 1596 0128 13       		.uleb128 0x13
 1597 0129 00       		.byte	0
 1598 012a 00       		.byte	0
 1599 012b 18       		.uleb128 0x18
 1600 012c 21       		.uleb128 0x21
 1601 012d 00       		.byte	0
 1602 012e 49       		.uleb128 0x49
 1603 012f 13       		.uleb128 0x13
 1604 0130 2F       		.uleb128 0x2f
 1605 0131 0B       		.uleb128 0xb
 1606 0132 00       		.byte	0
 1607 0133 00       		.byte	0
 1608 0134 19       		.uleb128 0x19
 1609 0135 13       		.uleb128 0x13
 1610 0136 01       		.byte	0x1
 1611 0137 03       		.uleb128 0x3
 1612 0138 0E       		.uleb128 0xe
 1613 0139 0B       		.uleb128 0xb
 1614 013a 05       		.uleb128 0x5
 1615 013b 3A       		.uleb128 0x3a
 1616 013c 0B       		.uleb128 0xb
 1617 013d 3B       		.uleb128 0x3b
 1618 013e 05       		.uleb128 0x5
 1619 013f 39       		.uleb128 0x39
 1620 0140 0B       		.uleb128 0xb
 1621 0141 01       		.uleb128 0x1
 1622 0142 13       		.uleb128 0x13
 1623 0143 00       		.byte	0
 1624 0144 00       		.byte	0
 1625 0145 1A       		.uleb128 0x1a
 1626 0146 04       		.uleb128 0x4
 1627 0147 01       		.byte	0x1
 1628 0148 3E       		.uleb128 0x3e
 1629 0149 0B       		.uleb128 0xb
 1630 014a 0B       		.uleb128 0xb
 1631 014b 0B       		.uleb128 0xb
 1632 014c 49       		.uleb128 0x49
 1633 014d 13       		.uleb128 0x13
 1634 014e 3A       		.uleb128 0x3a
 1635 014f 0B       		.uleb128 0xb
 1636 0150 3B       		.uleb128 0x3b
ARM GAS  /var/folders/d3/dt3vwhr97lb9k6xww43tf6h40000gr/T//cceveesL.s 			page 30


 1637 0151 05       		.uleb128 0x5
 1638 0152 39       		.uleb128 0x39
 1639 0153 0B       		.uleb128 0xb
 1640 0154 01       		.uleb128 0x1
 1641 0155 13       		.uleb128 0x13
 1642 0156 00       		.byte	0
 1643 0157 00       		.byte	0
 1644 0158 1B       		.uleb128 0x1b
 1645 0159 28       		.uleb128 0x28
 1646 015a 00       		.byte	0
 1647 015b 03       		.uleb128 0x3
 1648 015c 0E       		.uleb128 0xe
 1649 015d 1C       		.uleb128 0x1c
 1650 015e 0D       		.uleb128 0xd
 1651 015f 00       		.byte	0
 1652 0160 00       		.byte	0
 1653 0161 1C       		.uleb128 0x1c
 1654 0162 0D       		.uleb128 0xd
 1655 0163 00       		.byte	0
 1656 0164 03       		.uleb128 0x3
 1657 0165 0E       		.uleb128 0xe
 1658 0166 3A       		.uleb128 0x3a
 1659 0167 0B       		.uleb128 0xb
 1660 0168 3B       		.uleb128 0x3b
 1661 0169 0B       		.uleb128 0xb
 1662 016a 39       		.uleb128 0x39
 1663 016b 0B       		.uleb128 0xb
 1664 016c 49       		.uleb128 0x49
 1665 016d 13       		.uleb128 0x13
 1666 016e 0B       		.uleb128 0xb
 1667 016f 0B       		.uleb128 0xb
 1668 0170 0D       		.uleb128 0xd
 1669 0171 0B       		.uleb128 0xb
 1670 0172 0C       		.uleb128 0xc
 1671 0173 0B       		.uleb128 0xb
 1672 0174 38       		.uleb128 0x38
 1673 0175 0B       		.uleb128 0xb
 1674 0176 00       		.byte	0
 1675 0177 00       		.byte	0
 1676 0178 1D       		.uleb128 0x1d
 1677 0179 0D       		.uleb128 0xd
 1678 017a 00       		.byte	0
 1679 017b 03       		.uleb128 0x3
 1680 017c 08       		.uleb128 0x8
 1681 017d 3A       		.uleb128 0x3a
 1682 017e 0B       		.uleb128 0xb
 1683 017f 3B       		.uleb128 0x3b
 1684 0180 0B       		.uleb128 0xb
 1685 0181 39       		.uleb128 0x39
 1686 0182 0B       		.uleb128 0xb
 1687 0183 49       		.uleb128 0x49
 1688 0184 13       		.uleb128 0x13
 1689 0185 38       		.uleb128 0x38
 1690 0186 0B       		.uleb128 0xb
 1691 0187 00       		.byte	0
 1692 0188 00       		.byte	0
 1693 0189 1E       		.uleb128 0x1e
ARM GAS  /var/folders/d3/dt3vwhr97lb9k6xww43tf6h40000gr/T//cceveesL.s 			page 31


 1694 018a 13       		.uleb128 0x13
 1695 018b 01       		.byte	0x1
 1696 018c 03       		.uleb128 0x3
 1697 018d 0E       		.uleb128 0xe
 1698 018e 0B       		.uleb128 0xb
 1699 018f 05       		.uleb128 0x5
 1700 0190 3A       		.uleb128 0x3a
 1701 0191 0B       		.uleb128 0xb
 1702 0192 3B       		.uleb128 0x3b
 1703 0193 0B       		.uleb128 0xb
 1704 0194 39       		.uleb128 0x39
 1705 0195 0B       		.uleb128 0xb
 1706 0196 01       		.uleb128 0x1
 1707 0197 13       		.uleb128 0x13
 1708 0198 00       		.byte	0
 1709 0199 00       		.byte	0
 1710 019a 1F       		.uleb128 0x1f
 1711 019b 0D       		.uleb128 0xd
 1712 019c 00       		.byte	0
 1713 019d 03       		.uleb128 0x3
 1714 019e 0E       		.uleb128 0xe
 1715 019f 3A       		.uleb128 0x3a
 1716 01a0 0B       		.uleb128 0xb
 1717 01a1 3B       		.uleb128 0x3b
 1718 01a2 0B       		.uleb128 0xb
 1719 01a3 39       		.uleb128 0x39
 1720 01a4 0B       		.uleb128 0xb
 1721 01a5 49       		.uleb128 0x49
 1722 01a6 13       		.uleb128 0x13
 1723 01a7 38       		.uleb128 0x38
 1724 01a8 05       		.uleb128 0x5
 1725 01a9 00       		.byte	0
 1726 01aa 00       		.byte	0
 1727 01ab 20       		.uleb128 0x20
 1728 01ac 34       		.uleb128 0x34
 1729 01ad 00       		.byte	0
 1730 01ae 03       		.uleb128 0x3
 1731 01af 0E       		.uleb128 0xe
 1732 01b0 3A       		.uleb128 0x3a
 1733 01b1 0B       		.uleb128 0xb
 1734 01b2 3B       		.uleb128 0x3b
 1735 01b3 0B       		.uleb128 0xb
 1736 01b4 39       		.uleb128 0x39
 1737 01b5 0B       		.uleb128 0xb
 1738 01b6 49       		.uleb128 0x49
 1739 01b7 13       		.uleb128 0x13
 1740 01b8 3F       		.uleb128 0x3f
 1741 01b9 19       		.uleb128 0x19
 1742 01ba 3C       		.uleb128 0x3c
 1743 01bb 19       		.uleb128 0x19
 1744 01bc 00       		.byte	0
 1745 01bd 00       		.byte	0
 1746 01be 21       		.uleb128 0x21
 1747 01bf 34       		.uleb128 0x34
 1748 01c0 00       		.byte	0
 1749 01c1 47       		.uleb128 0x47
 1750 01c2 13       		.uleb128 0x13
ARM GAS  /var/folders/d3/dt3vwhr97lb9k6xww43tf6h40000gr/T//cceveesL.s 			page 32


 1751 01c3 3A       		.uleb128 0x3a
 1752 01c4 0B       		.uleb128 0xb
 1753 01c5 3B       		.uleb128 0x3b
 1754 01c6 0B       		.uleb128 0xb
 1755 01c7 39       		.uleb128 0x39
 1756 01c8 0B       		.uleb128 0xb
 1757 01c9 02       		.uleb128 0x2
 1758 01ca 18       		.uleb128 0x18
 1759 01cb 00       		.byte	0
 1760 01cc 00       		.byte	0
 1761 01cd 22       		.uleb128 0x22
 1762 01ce 2E       		.uleb128 0x2e
 1763 01cf 01       		.byte	0x1
 1764 01d0 3F       		.uleb128 0x3f
 1765 01d1 19       		.uleb128 0x19
 1766 01d2 03       		.uleb128 0x3
 1767 01d3 0E       		.uleb128 0xe
 1768 01d4 3A       		.uleb128 0x3a
 1769 01d5 0B       		.uleb128 0xb
 1770 01d6 3B       		.uleb128 0x3b
 1771 01d7 0B       		.uleb128 0xb
 1772 01d8 39       		.uleb128 0x39
 1773 01d9 0B       		.uleb128 0xb
 1774 01da 27       		.uleb128 0x27
 1775 01db 19       		.uleb128 0x19
 1776 01dc 11       		.uleb128 0x11
 1777 01dd 01       		.uleb128 0x1
 1778 01de 12       		.uleb128 0x12
 1779 01df 06       		.uleb128 0x6
 1780 01e0 40       		.uleb128 0x40
 1781 01e1 18       		.uleb128 0x18
 1782 01e2 9742     		.uleb128 0x2117
 1783 01e4 19       		.uleb128 0x19
 1784 01e5 01       		.uleb128 0x1
 1785 01e6 13       		.uleb128 0x13
 1786 01e7 00       		.byte	0
 1787 01e8 00       		.byte	0
 1788 01e9 23       		.uleb128 0x23
 1789 01ea 05       		.uleb128 0x5
 1790 01eb 00       		.byte	0
 1791 01ec 03       		.uleb128 0x3
 1792 01ed 08       		.uleb128 0x8
 1793 01ee 3A       		.uleb128 0x3a
 1794 01ef 0B       		.uleb128 0xb
 1795 01f0 3B       		.uleb128 0x3b
 1796 01f1 0B       		.uleb128 0xb
 1797 01f2 39       		.uleb128 0x39
 1798 01f3 0B       		.uleb128 0xb
 1799 01f4 49       		.uleb128 0x49
 1800 01f5 13       		.uleb128 0x13
 1801 01f6 02       		.uleb128 0x2
 1802 01f7 18       		.uleb128 0x18
 1803 01f8 00       		.byte	0
 1804 01f9 00       		.byte	0
 1805 01fa 24       		.uleb128 0x24
 1806 01fb 05       		.uleb128 0x5
 1807 01fc 00       		.byte	0
ARM GAS  /var/folders/d3/dt3vwhr97lb9k6xww43tf6h40000gr/T//cceveesL.s 			page 33


 1808 01fd 03       		.uleb128 0x3
 1809 01fe 0E       		.uleb128 0xe
 1810 01ff 3A       		.uleb128 0x3a
 1811 0200 0B       		.uleb128 0xb
 1812 0201 3B       		.uleb128 0x3b
 1813 0202 0B       		.uleb128 0xb
 1814 0203 39       		.uleb128 0x39
 1815 0204 0B       		.uleb128 0xb
 1816 0205 49       		.uleb128 0x49
 1817 0206 13       		.uleb128 0x13
 1818 0207 02       		.uleb128 0x2
 1819 0208 18       		.uleb128 0x18
 1820 0209 00       		.byte	0
 1821 020a 00       		.byte	0
 1822 020b 25       		.uleb128 0x25
 1823 020c 2E       		.uleb128 0x2e
 1824 020d 01       		.byte	0x1
 1825 020e 3F       		.uleb128 0x3f
 1826 020f 19       		.uleb128 0x19
 1827 0210 03       		.uleb128 0x3
 1828 0211 0E       		.uleb128 0xe
 1829 0212 3A       		.uleb128 0x3a
 1830 0213 0B       		.uleb128 0xb
 1831 0214 3B       		.uleb128 0x3b
 1832 0215 0B       		.uleb128 0xb
 1833 0216 39       		.uleb128 0x39
 1834 0217 0B       		.uleb128 0xb
 1835 0218 27       		.uleb128 0x27
 1836 0219 19       		.uleb128 0x19
 1837 021a 01       		.uleb128 0x1
 1838 021b 13       		.uleb128 0x13
 1839 021c 00       		.byte	0
 1840 021d 00       		.byte	0
 1841 021e 26       		.uleb128 0x26
 1842 021f 05       		.uleb128 0x5
 1843 0220 00       		.byte	0
 1844 0221 03       		.uleb128 0x3
 1845 0222 0E       		.uleb128 0xe
 1846 0223 3A       		.uleb128 0x3a
 1847 0224 0B       		.uleb128 0xb
 1848 0225 3B       		.uleb128 0x3b
 1849 0226 0B       		.uleb128 0xb
 1850 0227 39       		.uleb128 0x39
 1851 0228 0B       		.uleb128 0xb
 1852 0229 49       		.uleb128 0x49
 1853 022a 13       		.uleb128 0x13
 1854 022b 00       		.byte	0
 1855 022c 00       		.byte	0
 1856 022d 27       		.uleb128 0x27
 1857 022e 2E       		.uleb128 0x2e
 1858 022f 01       		.byte	0x1
 1859 0230 3F       		.uleb128 0x3f
 1860 0231 19       		.uleb128 0x19
 1861 0232 03       		.uleb128 0x3
 1862 0233 0E       		.uleb128 0xe
 1863 0234 3A       		.uleb128 0x3a
 1864 0235 0B       		.uleb128 0xb
ARM GAS  /var/folders/d3/dt3vwhr97lb9k6xww43tf6h40000gr/T//cceveesL.s 			page 34


 1865 0236 3B       		.uleb128 0x3b
 1866 0237 0B       		.uleb128 0xb
 1867 0238 39       		.uleb128 0x39
 1868 0239 0B       		.uleb128 0xb
 1869 023a 27       		.uleb128 0x27
 1870 023b 19       		.uleb128 0x19
 1871 023c 20       		.uleb128 0x20
 1872 023d 0B       		.uleb128 0xb
 1873 023e 01       		.uleb128 0x1
 1874 023f 13       		.uleb128 0x13
 1875 0240 00       		.byte	0
 1876 0241 00       		.byte	0
 1877 0242 28       		.uleb128 0x28
 1878 0243 2E       		.uleb128 0x2e
 1879 0244 01       		.byte	0x1
 1880 0245 3F       		.uleb128 0x3f
 1881 0246 19       		.uleb128 0x19
 1882 0247 03       		.uleb128 0x3
 1883 0248 0E       		.uleb128 0xe
 1884 0249 3A       		.uleb128 0x3a
 1885 024a 0B       		.uleb128 0xb
 1886 024b 3B       		.uleb128 0x3b
 1887 024c 0B       		.uleb128 0xb
 1888 024d 39       		.uleb128 0x39
 1889 024e 0B       		.uleb128 0xb
 1890 024f 27       		.uleb128 0x27
 1891 0250 19       		.uleb128 0x19
 1892 0251 49       		.uleb128 0x49
 1893 0252 13       		.uleb128 0x13
 1894 0253 11       		.uleb128 0x11
 1895 0254 01       		.uleb128 0x1
 1896 0255 12       		.uleb128 0x12
 1897 0256 06       		.uleb128 0x6
 1898 0257 40       		.uleb128 0x40
 1899 0258 18       		.uleb128 0x18
 1900 0259 9742     		.uleb128 0x2117
 1901 025b 19       		.uleb128 0x19
 1902 025c 01       		.uleb128 0x1
 1903 025d 13       		.uleb128 0x13
 1904 025e 00       		.byte	0
 1905 025f 00       		.byte	0
 1906 0260 29       		.uleb128 0x29
 1907 0261 05       		.uleb128 0x5
 1908 0262 00       		.byte	0
 1909 0263 03       		.uleb128 0x3
 1910 0264 08       		.uleb128 0x8
 1911 0265 3A       		.uleb128 0x3a
 1912 0266 0B       		.uleb128 0xb
 1913 0267 3B       		.uleb128 0x3b
 1914 0268 0B       		.uleb128 0xb
 1915 0269 39       		.uleb128 0x39
 1916 026a 0B       		.uleb128 0xb
 1917 026b 49       		.uleb128 0x49
 1918 026c 13       		.uleb128 0x13
 1919 026d 02       		.uleb128 0x2
 1920 026e 17       		.uleb128 0x17
 1921 026f B742     		.uleb128 0x2137
ARM GAS  /var/folders/d3/dt3vwhr97lb9k6xww43tf6h40000gr/T//cceveesL.s 			page 35


 1922 0271 17       		.uleb128 0x17
 1923 0272 00       		.byte	0
 1924 0273 00       		.byte	0
 1925 0274 2A       		.uleb128 0x2a
 1926 0275 2E       		.uleb128 0x2e
 1927 0276 00       		.byte	0
 1928 0277 3F       		.uleb128 0x3f
 1929 0278 19       		.uleb128 0x19
 1930 0279 03       		.uleb128 0x3
 1931 027a 0E       		.uleb128 0xe
 1932 027b 3A       		.uleb128 0x3a
 1933 027c 0B       		.uleb128 0xb
 1934 027d 3B       		.uleb128 0x3b
 1935 027e 0B       		.uleb128 0xb
 1936 027f 39       		.uleb128 0x39
 1937 0280 0B       		.uleb128 0xb
 1938 0281 00       		.byte	0
 1939 0282 00       		.byte	0
 1940 0283 2B       		.uleb128 0x2b
 1941 0284 2E       		.uleb128 0x2e
 1942 0285 00       		.byte	0
 1943 0286 3F       		.uleb128 0x3f
 1944 0287 19       		.uleb128 0x19
 1945 0288 03       		.uleb128 0x3
 1946 0289 0E       		.uleb128 0xe
 1947 028a 3A       		.uleb128 0x3a
 1948 028b 0B       		.uleb128 0xb
 1949 028c 3B       		.uleb128 0x3b
 1950 028d 0B       		.uleb128 0xb
 1951 028e 39       		.uleb128 0x39
 1952 028f 0B       		.uleb128 0xb
 1953 0290 20       		.uleb128 0x20
 1954 0291 0B       		.uleb128 0xb
 1955 0292 00       		.byte	0
 1956 0293 00       		.byte	0
 1957 0294 2C       		.uleb128 0x2c
 1958 0295 05       		.uleb128 0x5
 1959 0296 00       		.byte	0
 1960 0297 03       		.uleb128 0x3
 1961 0298 0E       		.uleb128 0xe
 1962 0299 3A       		.uleb128 0x3a
 1963 029a 0B       		.uleb128 0xb
 1964 029b 3B       		.uleb128 0x3b
 1965 029c 0B       		.uleb128 0xb
 1966 029d 39       		.uleb128 0x39
 1967 029e 0B       		.uleb128 0xb
 1968 029f 49       		.uleb128 0x49
 1969 02a0 13       		.uleb128 0x13
 1970 02a1 02       		.uleb128 0x2
 1971 02a2 17       		.uleb128 0x17
 1972 02a3 B742     		.uleb128 0x2137
 1973 02a5 17       		.uleb128 0x17
 1974 02a6 00       		.byte	0
 1975 02a7 00       		.byte	0
 1976 02a8 2D       		.uleb128 0x2d
 1977 02a9 2E       		.uleb128 0x2e
 1978 02aa 00       		.byte	0
ARM GAS  /var/folders/d3/dt3vwhr97lb9k6xww43tf6h40000gr/T//cceveesL.s 			page 36


 1979 02ab 31       		.uleb128 0x31
 1980 02ac 13       		.uleb128 0x13
 1981 02ad 11       		.uleb128 0x11
 1982 02ae 01       		.uleb128 0x1
 1983 02af 12       		.uleb128 0x12
 1984 02b0 06       		.uleb128 0x6
 1985 02b1 40       		.uleb128 0x40
 1986 02b2 18       		.uleb128 0x18
 1987 02b3 9742     		.uleb128 0x2117
 1988 02b5 19       		.uleb128 0x19
 1989 02b6 00       		.byte	0
 1990 02b7 00       		.byte	0
 1991 02b8 2E       		.uleb128 0x2e
 1992 02b9 2E       		.uleb128 0x2e
 1993 02ba 01       		.byte	0x1
 1994 02bb 31       		.uleb128 0x31
 1995 02bc 13       		.uleb128 0x13
 1996 02bd 11       		.uleb128 0x11
 1997 02be 01       		.uleb128 0x1
 1998 02bf 12       		.uleb128 0x12
 1999 02c0 06       		.uleb128 0x6
 2000 02c1 40       		.uleb128 0x40
 2001 02c2 18       		.uleb128 0x18
 2002 02c3 9742     		.uleb128 0x2117
 2003 02c5 19       		.uleb128 0x19
 2004 02c6 00       		.byte	0
 2005 02c7 00       		.byte	0
 2006 02c8 2F       		.uleb128 0x2f
 2007 02c9 05       		.uleb128 0x5
 2008 02ca 00       		.byte	0
 2009 02cb 31       		.uleb128 0x31
 2010 02cc 13       		.uleb128 0x13
 2011 02cd 02       		.uleb128 0x2
 2012 02ce 18       		.uleb128 0x18
 2013 02cf 00       		.byte	0
 2014 02d0 00       		.byte	0
 2015 02d1 00       		.byte	0
 2016              		.section	.debug_loc,"",%progbits
 2017              	.Ldebug_loc0:
 2018              	.LVUS2:
 2019 0000 00       		.uleb128 0
 2020 0001 00       		.uleb128 .LVU22
 2021 0002 00       		.uleb128 .LVU22
 2022 0003 00       		.uleb128 0
 2023              	.LLST2:
 2024 0004 14000000 		.4byte	.LVL5-.Ltext0
 2025 0008 16000000 		.4byte	.LVL6-.Ltext0
 2026 000c 0100     		.2byte	0x1
 2027 000e 50       		.byte	0x50
 2028 000f 16000000 		.4byte	.LVL6-.Ltext0
 2029 0013 18000000 		.4byte	.LFE252-.Ltext0
 2030 0017 0400     		.2byte	0x4
 2031 0019 F3       		.byte	0xf3
 2032 001a 01       		.uleb128 0x1
 2033 001b 50       		.byte	0x50
 2034 001c 9F       		.byte	0x9f
 2035 001d 00000000 		.4byte	0
ARM GAS  /var/folders/d3/dt3vwhr97lb9k6xww43tf6h40000gr/T//cceveesL.s 			page 37


 2036 0021 00000000 		.4byte	0
 2037              	.LVUS1:
 2038 0025 00       		.uleb128 0
 2039 0026 00       		.uleb128 .LVU16
 2040 0027 00       		.uleb128 .LVU16
 2041 0028 00       		.uleb128 0
 2042              	.LLST1:
 2043 0029 10000000 		.4byte	.LVL3-.Ltext0
 2044 002d 12000000 		.4byte	.LVL4-.Ltext0
 2045 0031 0100     		.2byte	0x1
 2046 0033 50       		.byte	0x50
 2047 0034 12000000 		.4byte	.LVL4-.Ltext0
 2048 0038 14000000 		.4byte	.LFE251-.Ltext0
 2049 003c 0400     		.2byte	0x4
 2050 003e F3       		.byte	0xf3
 2051 003f 01       		.uleb128 0x1
 2052 0040 50       		.byte	0x50
 2053 0041 9F       		.byte	0x9f
 2054 0042 00000000 		.4byte	0
 2055 0046 00000000 		.4byte	0
 2056              	.LVUS0:
 2057 004a 00       		.uleb128 0
 2058 004b 00       		.uleb128 .LVU4
 2059 004c 00       		.uleb128 .LVU4
 2060 004d 00       		.uleb128 0
 2061              	.LLST0:
 2062 004e 00000000 		.4byte	.LVL0-.Ltext0
 2063 0052 04000000 		.4byte	.LVL1-.Ltext0
 2064 0056 0100     		.2byte	0x1
 2065 0058 50       		.byte	0x50
 2066 0059 04000000 		.4byte	.LVL1-.Ltext0
 2067 005d 06000000 		.4byte	.LFE245-.Ltext0
 2068 0061 0400     		.2byte	0x4
 2069 0063 F3       		.byte	0xf3
 2070 0064 01       		.uleb128 0x1
 2071 0065 50       		.byte	0x50
 2072 0066 9F       		.byte	0x9f
 2073 0067 00000000 		.4byte	0
 2074 006b 00000000 		.4byte	0
 2075              		.section	.debug_aranges,"",%progbits
 2076 0000 1C000000 		.4byte	0x1c
 2077 0004 0200     		.2byte	0x2
 2078 0006 00000000 		.4byte	.Ldebug_info0
 2079 000a 04       		.byte	0x4
 2080 000b 00       		.byte	0
 2081 000c 0000     		.2byte	0
 2082 000e 0000     		.2byte	0
 2083 0010 00000000 		.4byte	.Ltext0
 2084 0014 20000000 		.4byte	.Letext0-.Ltext0
 2085 0018 00000000 		.4byte	0
 2086 001c 00000000 		.4byte	0
 2087              		.section	.debug_line,"",%progbits
 2088              	.Ldebug_line0:
 2089 0000 A2020000 		.section	.debug_str,"MS",%progbits,1
 2089      0300FD01 
 2089      00000201 
 2089      FB0E0D00 
ARM GAS  /var/folders/d3/dt3vwhr97lb9k6xww43tf6h40000gr/T//cceveesL.s 			page 38


 2089      01010101 
 2090              	.LASF89:
 2091 0000 6B5F756E 		.ascii	"k_unit_err_undef\000"
 2091      69745F65 
 2091      72725F75 
 2091      6E646566 
 2091      00
 2092              	.LASF48:
 2093 0011 756E6974 		.ascii	"unit_runtime_sdram_free_ptr\000"
 2093      5F72756E 
 2093      74696D65 
 2093      5F736472 
 2093      616D5F66 
 2094              	.LASF92:
 2095 002d 63757276 		.ascii	"curve\000"
 2095      6500
 2096              	.LASF73:
 2097 0033 756E6974 		.ascii	"unit_header\000"
 2097      5F686561 
 2097      64657200 
 2098              	.LASF90:
 2099 003f 67656E65 		.ascii	"genericfx_param_mapping\000"
 2099      72696366 
 2099      785F7061 
 2099      72616D5F 
 2099      6D617070 
 2100              	.LASF81:
 2101 0057 70617261 		.ascii	"params\000"
 2101      6D7300
 2102              	.LASF72:
 2103 005e 756E6974 		.ascii	"unit_param_t\000"
 2103      5F706172 
 2103      616D5F74 
 2103      00
 2104              	.LASF100:
 2105 006b 70686173 		.ascii	"phase\000"
 2105      6500
 2106              	.LASF118:
 2107 0071 756E6974 		.ascii	"unit_tempo_4ppqn_tick\000"
 2107      5F74656D 
 2107      706F5F34 
 2107      7070716E 
 2107      5F746963 
 2108              	.LASF91:
 2109 0087 61737369 		.ascii	"assign\000"
 2109      676E00
 2110              	.LASF59:
 2111 008e 6672616D 		.ascii	"frames_per_buffer\000"
 2111      65735F70 
 2111      65725F62 
 2111      75666665 
 2111      7200
 2112              	.LASF117:
 2113 00a0 756E6974 		.ascii	"unit_runtime_base_context_t\000"
 2113      5F72756E 
 2113      74696D65 
 2113      5F626173 
ARM GAS  /var/folders/d3/dt3vwhr97lb9k6xww43tf6h40000gr/T//cceveesL.s 			page 39


 2113      655F636F 
 2114              	.LASF49:
 2115 00bc 756E6974 		.ascii	"unit_runtime_sdram_avail_ptr\000"
 2115      5F72756E 
 2115      74696D65 
 2115      5F736472 
 2115      616D5F61 
 2116              	.LASF0:
 2117 00d9 756E7369 		.ascii	"unsigned int\000"
 2117      676E6564 
 2117      20696E74 
 2117      00
 2118              	.LASF77:
 2119 00e6 76657273 		.ascii	"version\000"
 2119      696F6E00 
 2120              	.LASF82:
 2121 00ee 756E6974 		.ascii	"unit_header_t\000"
 2121      5F686561 
 2121      6465725F 
 2121      7400
 2122              	.LASF68:
 2123 00fc 66726163 		.ascii	"frac\000"
 2123      00
 2124              	.LASF42:
 2125 0101 6B5F756E 		.ascii	"k_unit_target_nts3_kaoss_global\000"
 2125      69745F74 
 2125      61726765 
 2125      745F6E74 
 2125      73335F6B 
 2126              	.LASF12:
 2127 0121 5F5F696E 		.ascii	"__int32_t\000"
 2127      7433325F 
 2127      7400
 2128              	.LASF104:
 2129 012b 756E6974 		.ascii	"unit_set_param_value\000"
 2129      5F736574 
 2129      5F706172 
 2129      616D5F76 
 2129      616C7565 
 2130              	.LASF87:
 2131 0140 6B5F756E 		.ascii	"k_unit_err_geometry\000"
 2131      69745F65 
 2131      72725F67 
 2131      656F6D65 
 2131      74727900 
 2132              	.LASF44:
 2133 0154 6B5F756E 		.ascii	"k_unit_api_1_0_0\000"
 2133      69745F61 
 2133      70695F31 
 2133      5F305F30 
 2133      00
 2134              	.LASF22:
 2135 0165 75696E74 		.ascii	"uint32_t\000"
 2135      33325F74 
 2135      00
 2136              	.LASF17:
 2137 016e 696E7438 		.ascii	"int8_t\000"
ARM GAS  /var/folders/d3/dt3vwhr97lb9k6xww43tf6h40000gr/T//cceveesL.s 			page 40


 2137      5F7400
 2138              	.LASF74:
 2139 0175 68656164 		.ascii	"header_size\000"
 2139      65725F73 
 2139      697A6500 
 2140              	.LASF86:
 2141 0181 6B5F756E 		.ascii	"k_unit_err_samplerate\000"
 2141      69745F65 
 2141      72725F73 
 2141      616D706C 
 2141      65726174 
 2142              	.LASF43:
 2143 0197 6B5F756E 		.ascii	"k_unit_target_nts3_kaoss_genericfx\000"
 2143      69745F74 
 2143      61726765 
 2143      745F6E74 
 2143      73335F6B 
 2144              	.LASF24:
 2145 01ba 666C6F61 		.ascii	"float\000"
 2145      7400
 2146              	.LASF84:
 2147 01c0 6B5F756E 		.ascii	"k_unit_err_target\000"
 2147      69745F65 
 2147      72725F74 
 2147      61726765 
 2147      7400
 2148              	.LASF27:
 2149 01d2 6B5F756E 		.ascii	"k_unit_module_modfx\000"
 2149      69745F6D 
 2149      6F64756C 
 2149      655F6D6F 
 2149      64667800 
 2150              	.LASF69:
 2151 01e6 66726163 		.ascii	"frac_mode\000"
 2151      5F6D6F64 
 2151      6500
 2152              	.LASF37:
 2153 01f0 6B5F756E 		.ascii	"k_unit_target_nutektdigital_modfx\000"
 2153      69745F74 
 2153      61726765 
 2153      745F6E75 
 2153      74656B74 
 2154              	.LASF19:
 2155 0212 696E7431 		.ascii	"int16_t\000"
 2155      365F7400 
 2156              	.LASF16:
 2157 021a 6C6F6E67 		.ascii	"long long unsigned int\000"
 2157      206C6F6E 
 2157      6720756E 
 2157      7369676E 
 2157      65642069 
 2158              	.LASF97:
 2159 0231 636F6D6D 		.ascii	"common\000"
 2159      6F6E00
 2160              	.LASF10:
 2161 0238 5F5F7569 		.ascii	"__uint16_t\000"
 2161      6E743136 
ARM GAS  /var/folders/d3/dt3vwhr97lb9k6xww43tf6h40000gr/T//cceveesL.s 			page 41


 2161      5F7400
 2162              	.LASF115:
 2163 0243 2F557365 		.ascii	"/Users/omereliraz/Documents/logue-sdk/platform/nts-"
 2163      72732F6F 
 2163      6D657265 
 2163      6C697261 
 2163      7A2F446F 
 2164 0276 335F6B61 		.ascii	"3_kaoss/common/_unit_base.c\000"
 2164      6F73732F 
 2164      636F6D6D 
 2164      6F6E2F5F 
 2164      756E6974 
 2165              	.LASF105:
 2166 0292 756E6974 		.ascii	"unit_get_param_str_value\000"
 2166      5F676574 
 2166      5F706172 
 2166      616D5F73 
 2166      74725F76 
 2167              	.LASF47:
 2168 02ab 756E6974 		.ascii	"unit_runtime_sdram_alloc_ptr\000"
 2168      5F72756E 
 2168      74696D65 
 2168      5F736472 
 2168      616D5F61 
 2169              	.LASF76:
 2170 02c8 756E6974 		.ascii	"unit_id\000"
 2170      5F696400 
 2171              	.LASF119:
 2172 02d0 756E6974 		.ascii	"unit_set_tempo\000"
 2172      5F736574 
 2172      5F74656D 
 2172      706F00
 2173              	.LASF94:
 2174 02df 76616C75 		.ascii	"value\000"
 2174      6500
 2175              	.LASF101:
 2176 02e5 636F756E 		.ascii	"counter\000"
 2176      74657200 
 2177              	.LASF3:
 2178 02ed 73697A65 		.ascii	"size_t\000"
 2178      5F7400
 2179              	.LASF55:
 2180 02f4 756E6974 		.ascii	"unit_runtime_hooks\000"
 2180      5F72756E 
 2180      74696D65 
 2180      5F686F6F 
 2180      6B7300
 2181              	.LASF99:
 2182 0307 67656E65 		.ascii	"genericfx_unit_header_t\000"
 2182      72696366 
 2182      785F756E 
 2182      69745F68 
 2182      65616465 
 2183              	.LASF80:
 2184 031f 6E756D5F 		.ascii	"num_params\000"
 2184      70617261 
 2184      6D7300
ARM GAS  /var/folders/d3/dt3vwhr97lb9k6xww43tf6h40000gr/T//cceveesL.s 			page 42


 2185              	.LASF52:
 2186 032a 73647261 		.ascii	"sdram_free\000"
 2186      6D5F6672 
 2186      656500
 2187              	.LASF30:
 2188 0335 6B5F756E 		.ascii	"k_unit_module_osc\000"
 2188      69745F6D 
 2188      6F64756C 
 2188      655F6F73 
 2188      6300
 2189              	.LASF112:
 2190 0347 756E6974 		.ascii	"unit_init\000"
 2190      5F696E69 
 2190      7400
 2191              	.LASF102:
 2192 0351 74656D70 		.ascii	"tempo\000"
 2192      6F00
 2193              	.LASF56:
 2194 0357 756E6974 		.ascii	"unit_runtime_desc\000"
 2194      5F72756E 
 2194      74696D65 
 2194      5F646573 
 2194      6300
 2195              	.LASF54:
 2196 0369 756E6974 		.ascii	"unit_runtime_hooks_t\000"
 2196      5F72756E 
 2196      74696D65 
 2196      5F686F6F 
 2196      6B735F74 
 2197              	.LASF26:
 2198 037e 6B5F756E 		.ascii	"k_unit_module_global\000"
 2198      69745F6D 
 2198      6F64756C 
 2198      655F676C 
 2198      6F62616C 
 2199              	.LASF120:
 2200 0393 756E6974 		.ascii	"unit_teardown\000"
 2200      5F746561 
 2200      72646F77 
 2200      6E00
 2201              	.LASF50:
 2202 03a1 72756E74 		.ascii	"runtime_context\000"
 2202      696D655F 
 2202      636F6E74 
 2202      65787400 
 2203              	.LASF23:
 2204 03b1 63686172 		.ascii	"char\000"
 2204      00
 2205              	.LASF96:
 2206 03b6 67656E65 		.ascii	"genericfx_unit_header\000"
 2206      72696366 
 2206      785F756E 
 2206      69745F68 
 2206      65616465 
 2207              	.LASF33:
 2208 03cc 6B5F756E 		.ascii	"k_unit_module_genericfx\000"
 2208      69745F6D 
ARM GAS  /var/folders/d3/dt3vwhr97lb9k6xww43tf6h40000gr/T//cceveesL.s 			page 43


 2208      6F64756C 
 2208      655F6765 
 2208      6E657269 
 2209              	.LASF93:
 2210 03e4 63757276 		.ascii	"curve_polarity\000"
 2210      655F706F 
 2210      6C617269 
 2210      747900
 2211              	.LASF65:
 2212 03f3 63656E74 		.ascii	"center\000"
 2212      657200
 2213              	.LASF64:
 2214 03fa 756E6974 		.ascii	"unit_param\000"
 2214      5F706172 
 2214      616D00
 2215              	.LASF108:
 2216 0405 6672616D 		.ascii	"frames\000"
 2216      657300
 2217              	.LASF18:
 2218 040c 75696E74 		.ascii	"uint8_t\000"
 2218      385F7400 
 2219              	.LASF41:
 2220 0414 6B5F756E 		.ascii	"k_unit_target_nts3_kaoss\000"
 2220      69745F74 
 2220      61726765 
 2220      745F6E74 
 2220      73335F6B 
 2221              	.LASF107:
 2222 042d 756E6974 		.ascii	"unit_render\000"
 2222      5F72656E 
 2222      64657200 
 2223              	.LASF95:
 2224 0439 67656E65 		.ascii	"genericfx_param_mapping_t\000"
 2224      72696366 
 2224      785F7061 
 2224      72616D5F 
 2224      6D617070 
 2225              	.LASF1:
 2226 0453 6C6F6E67 		.ascii	"long long int\000"
 2226      206C6F6E 
 2226      6720696E 
 2226      7400
 2227              	.LASF45:
 2228 0461 6B5F756E 		.ascii	"k_unit_api_1_1_0\000"
 2228      69745F61 
 2228      70695F31 
 2228      5F315F30 
 2228      00
 2229              	.LASF61:
 2230 0472 6F757470 		.ascii	"output_channels\000"
 2230      75745F63 
 2230      68616E6E 
 2230      656C7300 
 2231              	.LASF58:
 2232 0482 73616D70 		.ascii	"samplerate\000"
 2232      6C657261 
 2232      746500
ARM GAS  /var/folders/d3/dt3vwhr97lb9k6xww43tf6h40000gr/T//cceveesL.s 			page 44


 2233              	.LASF8:
 2234 048d 5F5F696E 		.ascii	"__int16_t\000"
 2234      7431365F 
 2234      7400
 2235              	.LASF57:
 2236 0497 74617267 		.ascii	"target\000"
 2236      657400
 2237              	.LASF63:
 2238 049e 756E6974 		.ascii	"unit_runtime_desc_t\000"
 2238      5F72756E 
 2238      74696D65 
 2238      5F646573 
 2238      635F7400 
 2239              	.LASF35:
 2240 04b2 6B5F756E 		.ascii	"k_unit_target_nutektdigital\000"
 2240      69745F74 
 2240      61726765 
 2240      745F6E75 
 2240      74656B74 
 2241              	.LASF98:
 2242 04ce 64656661 		.ascii	"default_mappings\000"
 2242      756C745F 
 2242      6D617070 
 2242      696E6773 
 2242      00
 2243              	.LASF51:
 2244 04df 73647261 		.ascii	"sdram_alloc\000"
 2244      6D5F616C 
 2244      6C6F6300 
 2245              	.LASF4:
 2246 04eb 5F5F696E 		.ascii	"__int8_t\000"
 2246      74385F74 
 2246      00
 2247              	.LASF110:
 2248 04f4 756E6974 		.ascii	"unit_resume\000"
 2248      5F726573 
 2248      756D6500 
 2249              	.LASF75:
 2250 0500 6465765F 		.ascii	"dev_id\000"
 2250      696400
 2251              	.LASF2:
 2252 0507 6C6F6E67 		.ascii	"long double\000"
 2252      20646F75 
 2252      626C6500 
 2253              	.LASF20:
 2254 0513 75696E74 		.ascii	"uint16_t\000"
 2254      31365F74 
 2254      00
 2255              	.LASF60:
 2256 051c 696E7075 		.ascii	"input_channels\000"
 2256      745F6368 
 2256      616E6E65 
 2256      6C7300
 2257              	.LASF9:
 2258 052b 73686F72 		.ascii	"short int\000"
 2258      7420696E 
 2258      7400
ARM GAS  /var/folders/d3/dt3vwhr97lb9k6xww43tf6h40000gr/T//cceveesL.s 			page 45


 2259              	.LASF109:
 2260 0535 756E6974 		.ascii	"unit_suspend\000"
 2260      5F737573 
 2260      70656E64 
 2260      00
 2261              	.LASF13:
 2262 0542 6C6F6E67 		.ascii	"long int\000"
 2262      20696E74 
 2262      00
 2263              	.LASF40:
 2264 054b 6B5F756E 		.ascii	"k_unit_target_nutektdigital_osc\000"
 2264      69745F74 
 2264      61726765 
 2264      745F6E75 
 2264      74656B74 
 2265              	.LASF111:
 2266 056b 756E6974 		.ascii	"unit_reset\000"
 2266      5F726573 
 2266      657400
 2267              	.LASF103:
 2268 0576 756E6974 		.ascii	"unit_touch_event\000"
 2268      5F746F75 
 2268      63685F65 
 2268      76656E74 
 2268      00
 2269              	.LASF78:
 2270 0587 72657365 		.ascii	"reserved0\000"
 2270      72766564 
 2270      3000
 2271              	.LASF79:
 2272 0591 72657365 		.ascii	"reserved1\000"
 2272      72766564 
 2272      3100
 2273              	.LASF6:
 2274 059b 5F5F7569 		.ascii	"__uint8_t\000"
 2274      6E74385F 
 2274      7400
 2275              	.LASF71:
 2276 05a5 6E616D65 		.ascii	"name\000"
 2276      00
 2277              	.LASF28:
 2278 05aa 6B5F756E 		.ascii	"k_unit_module_delfx\000"
 2278      69745F6D 
 2278      6F64756C 
 2278      655F6465 
 2278      6C667800 
 2279              	.LASF46:
 2280 05be 6B5F756E 		.ascii	"k_unit_api_2_0_0\000"
 2280      69745F61 
 2280      70695F32 
 2280      5F305F30 
 2280      00
 2281              	.LASF31:
 2282 05cf 6B5F756E 		.ascii	"k_unit_module_synth\000"
 2282      69745F6D 
 2282      6F64756C 
 2282      655F7379 
ARM GAS  /var/folders/d3/dt3vwhr97lb9k6xww43tf6h40000gr/T//cceveesL.s 			page 46


 2282      6E746800 
 2283              	.LASF38:
 2284 05e3 6B5F756E 		.ascii	"k_unit_target_nutektdigital_delfx\000"
 2284      69745F74 
 2284      61726765 
 2284      745F6E75 
 2284      74656B74 
 2285              	.LASF66:
 2286 0605 696E6974 		.ascii	"init\000"
 2286      00
 2287              	.LASF106:
 2288 060a 756E6974 		.ascii	"unit_get_param_value\000"
 2288      5F676574 
 2288      5F706172 
 2288      616D5F76 
 2288      616C7565 
 2289              	.LASF36:
 2290 061f 6B5F756E 		.ascii	"k_unit_target_nutektdigital_global\000"
 2290      69745F74 
 2290      61726765 
 2290      745F6E75 
 2290      74656B74 
 2291              	.LASF15:
 2292 0642 6C6F6E67 		.ascii	"long unsigned int\000"
 2292      20756E73 
 2292      69676E65 
 2292      6420696E 
 2292      7400
 2293              	.LASF21:
 2294 0654 696E7433 		.ascii	"int32_t\000"
 2294      325F7400 
 2295              	.LASF88:
 2296 065c 6B5F756E 		.ascii	"k_unit_err_memory\000"
 2296      69745F65 
 2296      72725F6D 
 2296      656D6F72 
 2296      7900
 2297              	.LASF85:
 2298 066e 6B5F756E 		.ascii	"k_unit_err_api_version\000"
 2298      69745F65 
 2298      72725F61 
 2298      70695F76 
 2298      65727369 
 2299              	.LASF67:
 2300 0685 74797065 		.ascii	"type\000"
 2300      00
 2301              	.LASF7:
 2302 068a 756E7369 		.ascii	"unsigned char\000"
 2302      676E6564 
 2302      20636861 
 2302      7200
 2303              	.LASF14:
 2304 0698 5F5F7569 		.ascii	"__uint32_t\000"
 2304      6E743332 
 2304      5F7400
 2305              	.LASF29:
 2306 06a3 6B5F756E 		.ascii	"k_unit_module_revfx\000"
ARM GAS  /var/folders/d3/dt3vwhr97lb9k6xww43tf6h40000gr/T//cceveesL.s 			page 47


 2306      69745F6D 
 2306      6F64756C 
 2306      655F7265 
 2306      76667800 
 2307              	.LASF114:
 2308 06b7 474E5520 		.ascii	"GNU C11 10.3.1 20210824 (release) -mcpu=cortex-m7 -"
 2308      43313120 
 2308      31302E33 
 2308      2E312032 
 2308      30323130 
 2309 06ea 6D746875 		.ascii	"mthumb -mno-thumb-interwork -mlittle-endian -mfloat"
 2309      6D62202D 
 2309      6D6E6F2D 
 2309      7468756D 
 2309      622D696E 
 2310 071d 2D616269 		.ascii	"-abi=hard -mfpu=fpv4-sp-d16 -march=armv7e-m+fp -g -"
 2310      3D686172 
 2310      64202D6D 
 2310      6670753D 
 2310      66707634 
 2311 0750 4F73202D 		.ascii	"Os -std=c11 -fsingle-precision-constant -fcheck-new"
 2311      7374643D 
 2311      63313120 
 2311      2D667369 
 2311      6E676C65 
 2312 0783 202D6650 		.ascii	" -fPIC -fno-exceptions\000"
 2312      4943202D 
 2312      666E6F2D 
 2312      65786365 
 2312      7074696F 
 2313              	.LASF39:
 2314 079a 6B5F756E 		.ascii	"k_unit_target_nutektdigital_revfx\000"
 2314      69745F74 
 2314      61726765 
 2314      745F6E75 
 2314      74656B74 
 2315              	.LASF32:
 2316 07bc 6B5F756E 		.ascii	"k_unit_module_masterfx\000"
 2316      69745F6D 
 2316      6F64756C 
 2316      655F6D61 
 2316      73746572 
 2317              	.LASF83:
 2318 07d3 6B5F756E 		.ascii	"k_unit_err_none\000"
 2318      69745F65 
 2318      72725F6E 
 2318      6F6E6500 
 2319              	.LASF116:
 2320 07e3 2F557365 		.ascii	"/Users/omereliraz/Documents/logue-sdk/platform/nts-"
 2320      72732F6F 
 2320      6D657265 
 2320      6C697261 
 2320      7A2F446F 
 2321 0816 335F6B61 		.ascii	"3_kaoss/gate_reverb\000"
 2321      6F73732F 
 2321      67617465 
 2321      5F726576 
ARM GAS  /var/folders/d3/dt3vwhr97lb9k6xww43tf6h40000gr/T//cceveesL.s 			page 48


 2321      65726200 
 2322              	.LASF62:
 2323 082a 686F6F6B 		.ascii	"hooks\000"
 2323      7300
 2324              	.LASF5:
 2325 0830 7369676E 		.ascii	"signed char\000"
 2325      65642063 
 2325      68617200 
 2326              	.LASF11:
 2327 083c 73686F72 		.ascii	"short unsigned int\000"
 2327      7420756E 
 2327      7369676E 
 2327      65642069 
 2327      6E7400
 2328              	.LASF70:
 2329 084f 72657365 		.ascii	"reserved\000"
 2329      72766564 
 2329      00
 2330              	.LASF25:
 2331 0858 646F7562 		.ascii	"double\000"
 2331      6C6500
 2332              	.LASF34:
 2333 085f 6B5F6E75 		.ascii	"k_num_unit_modules\000"
 2333      6D5F756E 
 2333      69745F6D 
 2333      6F64756C 
 2333      657300
 2334              	.LASF53:
 2335 0872 73647261 		.ascii	"sdram_avail\000"
 2335      6D5F6176 
 2335      61696C00 
 2336              	.LASF113:
 2337 087e 64657363 		.ascii	"desc\000"
 2337      00
 2338              		.ident	"GCC: (GNU Arm Embedded Toolchain 10.3-2021.10) 10.3.1 20210824 (release)"
ARM GAS  /var/folders/d3/dt3vwhr97lb9k6xww43tf6h40000gr/T//cceveesL.s 			page 49


DEFINED SYMBOLS
                            *ABS*:0000000000000000 _unit_base.c
/var/folders/d3/dt3vwhr97lb9k6xww43tf6h40000gr/T//cceveesL.s:19     .text:0000000000000000 $t
/var/folders/d3/dt3vwhr97lb9k6xww43tf6h40000gr/T//cceveesL.s:25     .text:0000000000000000 unit_init
/var/folders/d3/dt3vwhr97lb9k6xww43tf6h40000gr/T//cceveesL.s:50     .text:0000000000000006 unit_teardown
/var/folders/d3/dt3vwhr97lb9k6xww43tf6h40000gr/T//cceveesL.s:68     .text:0000000000000008 unit_reset
/var/folders/d3/dt3vwhr97lb9k6xww43tf6h40000gr/T//cceveesL.s:84     .text:000000000000000a unit_resume
/var/folders/d3/dt3vwhr97lb9k6xww43tf6h40000gr/T//cceveesL.s:100    .text:000000000000000c unit_suspend
/var/folders/d3/dt3vwhr97lb9k6xww43tf6h40000gr/T//cceveesL.s:116    .text:000000000000000e unit_render
/var/folders/d3/dt3vwhr97lb9k6xww43tf6h40000gr/T//cceveesL.s:138    .text:0000000000000010 unit_get_param_value
/var/folders/d3/dt3vwhr97lb9k6xww43tf6h40000gr/T//cceveesL.s:162    .text:0000000000000014 unit_get_param_str_value
/var/folders/d3/dt3vwhr97lb9k6xww43tf6h40000gr/T//cceveesL.s:187    .text:0000000000000018 unit_set_param_value
/var/folders/d3/dt3vwhr97lb9k6xww43tf6h40000gr/T//cceveesL.s:208    .text:000000000000001a unit_set_tempo
/var/folders/d3/dt3vwhr97lb9k6xww43tf6h40000gr/T//cceveesL.s:228    .text:000000000000001c unit_tempo_4ppqn_tick
/var/folders/d3/dt3vwhr97lb9k6xww43tf6h40000gr/T//cceveesL.s:244    .text:000000000000001e unit_touch_event
/var/folders/d3/dt3vwhr97lb9k6xww43tf6h40000gr/T//cceveesL.s:265    .unit_header:0000000000000000 unit_header
/var/folders/d3/dt3vwhr97lb9k6xww43tf6h40000gr/T//cceveesL.s:273    .unit_header:0000000000000022 $d

NO UNDEFINED SYMBOLS
