ARM GAS  /var/folders/d3/dt3vwhr97lb9k6xww43tf6h40000gr/T//ccKqaAAv.s 			page 1


   1              		.cpu cortex-m7
   2              		.arch armv7e-m
   3              		.fpu fpv4-sp-d16
   4              		.eabi_attribute 27, 1
   5              		.eabi_attribute 28, 1
   6              		.eabi_attribute 20, 1
   7              		.eabi_attribute 21, 1
   8              		.eabi_attribute 23, 3
   9              		.eabi_attribute 24, 1
  10              		.eabi_attribute 25, 1
  11              		.eabi_attribute 26, 1
  12              		.eabi_attribute 30, 4
  13              		.eabi_attribute 34, 1
  14              		.eabi_attribute 18, 4
  15              		.file	"header.c"
  16              		.text
  17              	.Ltext0:
  18              		.cfi_sections	.debug_frame
  19              		.global	unit_header
  20              		.section	.unit_header,"a"
  21              		.type	unit_header, %object
  22              		.size	unit_header, 376
  23              	unit_header:
  24 0000 78010000 		.4byte	376
  25 0004 07060000 		.4byte	1543
  26 0008 00000200 		.4byte	131072
  27 000c 504F504C 		.4byte	1280331600
  28 0010 01000000 		.4byte	1
  29 0014 06000100 		.4byte	65542
  30 0018 50686173 		.ascii	"Phase Loopop\000"
  30      65204C6F 
  30      6F706F70 
  30      00
  31 0025 00000000 		.space	7
  31      000000
  32 002c 00000000 		.space	8
  32      00000000 
  33 0034 04000000 		.4byte	4
  34 0038 0000     		.2byte	0
  35 003a FF03     		.2byte	1023
  36 003c 0000     		.2byte	0
  37 003e 0000     		.2byte	0
  38 0040 00       		.byte	0
  39 0041 00       		.byte	0
  40 0042 54494D45 		.ascii	"TIME\000"
  40      00
  41 0047 00000000 		.space	17
  41      00000000 
  41      00000000 
  41      00000000 
  41      00
  42 0058 0000     		.2byte	0
  43 005a FF03     		.2byte	1023
  44 005c 0000     		.2byte	0
  45 005e 0000     		.2byte	0
  46 0060 00       		.byte	0
  47 0061 00       		.byte	0
ARM GAS  /var/folders/d3/dt3vwhr97lb9k6xww43tf6h40000gr/T//ccKqaAAv.s 			page 2


  48 0062 46454544 		.ascii	"FEEDBACK\000"
  48      4241434B 
  48      00
  49 006b 00000000 		.space	13
  49      00000000 
  49      00000000 
  49      00
  50 0078 0000     		.2byte	0
  51 007a FF03     		.2byte	1023
  52 007c 0000     		.2byte	0
  53 007e 0000     		.2byte	0
  54 0080 00       		.byte	0
  55 0081 00       		.byte	0
  56 0082 52415449 		.ascii	"RATIO\000"
  56      4F00
  57 0088 00000000 		.space	16
  57      00000000 
  57      00000000 
  57      00000000 
  58 0098 0000     		.2byte	0
  59 009a FF03     		.2byte	1023
  60 009c 0000     		.2byte	0
  61 009e 0000     		.2byte	0
  62 00a0 00       		.byte	0
  63 00a1 00       		.byte	0
  64 00a2 44525957 		.ascii	"DRYWET\000"
  64      455400
  65 00a9 00000000 		.space	15
  65      00000000 
  65      00000000 
  65      000000
  66 00b8 0000     		.2byte	0
  67 00ba 0000     		.2byte	0
  68 00bc 0000     		.2byte	0
  69 00be 0000     		.2byte	0
  70 00c0 00       		.byte	0
  71 00c1 00       		.byte	0
  72 00c2 00       		.ascii	"\000"
  73 00c3 00000000 		.space	21
  73      00000000 
  73      00000000 
  73      00000000 
  73      00000000 
  74 00d8 0000     		.2byte	0
  75 00da 0000     		.2byte	0
  76 00dc 0000     		.2byte	0
  77 00de 0000     		.2byte	0
  78 00e0 00       		.byte	0
  79 00e1 00       		.byte	0
  80 00e2 00       		.ascii	"\000"
  81 00e3 00000000 		.space	21
  81      00000000 
  81      00000000 
  81      00000000 
  81      00000000 
  82 00f8 0000     		.2byte	0
  83 00fa 0000     		.2byte	0
ARM GAS  /var/folders/d3/dt3vwhr97lb9k6xww43tf6h40000gr/T//ccKqaAAv.s 			page 3


  84 00fc 0000     		.2byte	0
  85 00fe 0000     		.2byte	0
  86 0100 00       		.byte	0
  87 0101 00       		.byte	0
  88 0102 00       		.ascii	"\000"
  89 0103 00000000 		.space	21
  89      00000000 
  89      00000000 
  89      00000000 
  89      00000000 
  90 0118 0000     		.2byte	0
  91 011a 0000     		.2byte	0
  92 011c 0000     		.2byte	0
  93 011e 0000     		.2byte	0
  94 0120 00       		.byte	0
  95 0121 00       		.byte	0
  96 0122 00       		.ascii	"\000"
  97 0123 00000000 		.space	21
  97      00000000 
  97      00000000 
  97      00000000 
  97      00000000 
  98 0138 01       		.byte	1
  99 0139 00       		.byte	0
 100 013a 0000     		.2byte	0
 101 013c FF03     		.2byte	1023
 102 013e 0002     		.2byte	512
 103 0140 02       		.byte	2
 104 0141 00       		.byte	0
 105 0142 0000     		.2byte	0
 106 0144 FF03     		.2byte	1023
 107 0146 0002     		.2byte	512
 108 0148 00       		.byte	0
 109 0149 00       		.byte	0
 110 014a 0002     		.2byte	512
 111 014c FF03     		.2byte	1023
 112 014e 0003     		.2byte	768
 113 0150 03       		.byte	3
 114 0151 00       		.byte	0
 115 0152 0000     		.2byte	0
 116 0154 0002     		.2byte	512
 117 0156 0002     		.2byte	512
 118 0158 00       		.byte	0
 119 0159 00       		.byte	0
 120 015a 0000     		.2byte	0
 121 015c 0000     		.2byte	0
 122 015e 0000     		.2byte	0
 123 0160 00       		.byte	0
 124 0161 00       		.byte	0
 125 0162 0000     		.2byte	0
 126 0164 0000     		.2byte	0
 127 0166 0000     		.2byte	0
 128 0168 00       		.byte	0
 129 0169 00       		.byte	0
 130 016a 0000     		.2byte	0
 131 016c 0000     		.2byte	0
 132 016e 0000     		.2byte	0
ARM GAS  /var/folders/d3/dt3vwhr97lb9k6xww43tf6h40000gr/T//ccKqaAAv.s 			page 4


 133 0170 00       		.byte	0
 134 0171 00       		.byte	0
 135 0172 0000     		.2byte	0
 136 0174 0000     		.2byte	0
 137 0176 0000     		.2byte	0
 138              		.text
 139              	.Letext0:
 140              		.file 1 "/Users/omereliraz/Documents/logue-sdk/tools/gcc/gcc-arm-none-eabi-10.3-2021.10/arm-none-e
 141              		.file 2 "/Users/omereliraz/Documents/logue-sdk/tools/gcc/gcc-arm-none-eabi-10.3-2021.10/arm-none-e
 142              		.file 3 "/Users/omereliraz/Documents/logue-sdk/platform/nts-3_kaoss/common/runtime.h"
 143              		.file 4 "/Users/omereliraz/Documents/logue-sdk/platform/nts-3_kaoss/common/unit_genericfx.h"
 144              		.file 5 "header.c"
 145              		.section	.debug_info,"",%progbits
 146              	.Ldebug_info0:
 147 0000 FC040000 		.4byte	0x4fc
 148 0004 0400     		.2byte	0x4
 149 0006 00000000 		.4byte	.Ldebug_abbrev0
 150 000a 04       		.byte	0x4
 151 000b 01       		.uleb128 0x1
 152 000c 91030000 		.4byte	.LASF105
 153 0010 0C       		.byte	0xc
 154 0011 E3040000 		.4byte	.LASF106
 155 0015 AC020000 		.4byte	.LASF107
 156 0019 00000000 		.4byte	.Ldebug_line0
 157 001d 02       		.uleb128 0x2
 158 001e 01       		.byte	0x1
 159 001f 06       		.byte	0x6
 160 0020 5C050000 		.4byte	.LASF0
 161 0024 03       		.uleb128 0x3
 162 0025 B5080000 		.4byte	.LASF2
 163 0029 01       		.byte	0x1
 164 002a 2B       		.byte	0x2b
 165 002b 18       		.byte	0x18
 166 002c 30000000 		.4byte	0x30
 167 0030 02       		.uleb128 0x2
 168 0031 01       		.byte	0x1
 169 0032 08       		.byte	0x8
 170 0033 83030000 		.4byte	.LASF1
 171 0037 03       		.uleb128 0x3
 172 0038 F0070000 		.4byte	.LASF3
 173 003c 01       		.byte	0x1
 174 003d 37       		.byte	0x37
 175 003e 18       		.byte	0x18
 176 003f 43000000 		.4byte	0x43
 177 0043 02       		.uleb128 0x2
 178 0044 02       		.byte	0x2
 179 0045 05       		.byte	0x5
 180 0046 C9000000 		.4byte	.LASF4
 181 004a 02       		.uleb128 0x2
 182 004b 02       		.byte	0x2
 183 004c 07       		.byte	0x7
 184 004d 2C060000 		.4byte	.LASF5
 185 0051 02       		.uleb128 0x2
 186 0052 04       		.byte	0x4
 187 0053 05       		.byte	0x5
 188 0054 1A030000 		.4byte	.LASF6
 189 0058 03       		.uleb128 0x3
ARM GAS  /var/folders/d3/dt3vwhr97lb9k6xww43tf6h40000gr/T//ccKqaAAv.s 			page 5


 190 0059 11010000 		.4byte	.LASF7
 191 005d 01       		.byte	0x1
 192 005e 4F       		.byte	0x4f
 193 005f 19       		.byte	0x19
 194 0060 64000000 		.4byte	0x64
 195 0064 02       		.uleb128 0x2
 196 0065 04       		.byte	0x4
 197 0066 07       		.byte	0x7
 198 0067 DB050000 		.4byte	.LASF8
 199 006b 02       		.uleb128 0x2
 200 006c 08       		.byte	0x8
 201 006d 05       		.byte	0x5
 202 006e F3020000 		.4byte	.LASF9
 203 0072 02       		.uleb128 0x2
 204 0073 08       		.byte	0x8
 205 0074 07       		.byte	0x7
 206 0075 8A050000 		.4byte	.LASF10
 207 0079 04       		.uleb128 0x4
 208 007a 04       		.byte	0x4
 209 007b 05       		.byte	0x5
 210 007c 696E7400 		.ascii	"int\000"
 211 0080 02       		.uleb128 0x2
 212 0081 04       		.byte	0x4
 213 0082 07       		.byte	0x7
 214 0083 AA050000 		.4byte	.LASF11
 215 0087 03       		.uleb128 0x3
 216 0088 C3010000 		.4byte	.LASF12
 217 008c 02       		.byte	0x2
 218 008d 18       		.byte	0x18
 219 008e 13       		.byte	0x13
 220 008f 24000000 		.4byte	0x24
 221 0093 03       		.uleb128 0x3
 222 0094 DD060000 		.4byte	.LASF13
 223 0098 02       		.byte	0x2
 224 0099 20       		.byte	0x20
 225 009a 13       		.byte	0x13
 226 009b 37000000 		.4byte	0x37
 227 009f 03       		.uleb128 0x3
 228 00a0 A1050000 		.4byte	.LASF14
 229 00a4 02       		.byte	0x2
 230 00a5 30       		.byte	0x30
 231 00a6 14       		.byte	0x14
 232 00a7 58000000 		.4byte	0x58
 233 00ab 02       		.uleb128 0x2
 234 00ac 08       		.byte	0x8
 235 00ad 04       		.byte	0x4
 236 00ae EC040000 		.4byte	.LASF15
 237 00b2 02       		.uleb128 0x2
 238 00b3 01       		.byte	0x1
 239 00b4 08       		.byte	0x8
 240 00b5 71060000 		.4byte	.LASF16
 241 00b9 02       		.uleb128 0x2
 242 00ba 04       		.byte	0x4
 243 00bb 04       		.byte	0x4
 244 00bc A6020000 		.4byte	.LASF17
 245 00c0 02       		.uleb128 0x2
 246 00c1 08       		.byte	0x8
ARM GAS  /var/folders/d3/dt3vwhr97lb9k6xww43tf6h40000gr/T//ccKqaAAv.s 			page 6


 247 00c2 04       		.byte	0x4
 248 00c3 97070000 		.4byte	.LASF18
 249 00c7 05       		.uleb128 0x5
 250 00c8 07       		.byte	0x7
 251 00c9 01       		.byte	0x1
 252 00ca 30000000 		.4byte	0x30
 253 00ce 03       		.byte	0x3
 254 00cf 38       		.byte	0x38
 255 00d0 08       		.byte	0x8
 256 00d1 0C010000 		.4byte	0x10c
 257 00d5 06       		.uleb128 0x6
 258 00d6 F4060000 		.4byte	.LASF19
 259 00da 00       		.byte	0
 260 00db 06       		.uleb128 0x6
 261 00dc 47080000 		.4byte	.LASF20
 262 00e0 01       		.byte	0x1
 263 00e1 06       		.uleb128 0x6
 264 00e2 8B040000 		.4byte	.LASF21
 265 00e6 02       		.byte	0x2
 266 00e7 06       		.uleb128 0x6
 267 00e8 18000000 		.4byte	.LASF22
 268 00ec 03       		.byte	0x3
 269 00ed 06       		.uleb128 0x6
 270 00ee CB060000 		.4byte	.LASF23
 271 00f2 04       		.byte	0x4
 272 00f3 06       		.uleb128 0x6
 273 00f4 FD000000 		.4byte	.LASF24
 274 00f8 05       		.byte	0x5
 275 00f9 06       		.uleb128 0x6
 276 00fa AC010000 		.4byte	.LASF25
 277 00fe 06       		.byte	0x6
 278 00ff 06       		.uleb128 0x6
 279 0100 33070000 		.4byte	.LASF26
 280 0104 07       		.byte	0x7
 281 0105 06       		.uleb128 0x6
 282 0106 19060000 		.4byte	.LASF27
 283 010a 08       		.byte	0x8
 284 010b 00       		.byte	0
 285 010c 05       		.uleb128 0x5
 286 010d 07       		.byte	0x7
 287 010e 02       		.byte	0x2
 288 010f 4A000000 		.4byte	0x4a
 289 0113 03       		.byte	0x3
 290 0114 6A       		.byte	0x6a
 291 0115 08       		.byte	0x8
 292 0116 45010000 		.4byte	0x145
 293 011a 07       		.uleb128 0x7
 294 011b 12080000 		.4byte	.LASF28
 295 011f 0003     		.2byte	0x300
 296 0121 07       		.uleb128 0x7
 297 0122 83020000 		.4byte	.LASF29
 298 0126 0003     		.2byte	0x300
 299 0128 07       		.uleb128 0x7
 300 0129 34010000 		.4byte	.LASF30
 301 012d 0103     		.2byte	0x301
 302 012f 07       		.uleb128 0x7
 303 0130 68050000 		.4byte	.LASF31
ARM GAS  /var/folders/d3/dt3vwhr97lb9k6xww43tf6h40000gr/T//ccKqaAAv.s 			page 7


 304 0134 0203     		.2byte	0x302
 305 0136 07       		.uleb128 0x7
 306 0137 27020000 		.4byte	.LASF32
 307 013b 0303     		.2byte	0x303
 308 013d 07       		.uleb128 0x7
 309 013e 49020000 		.4byte	.LASF33
 310 0142 0403     		.2byte	0x304
 311 0144 00       		.byte	0
 312 0145 05       		.uleb128 0x5
 313 0146 07       		.byte	0x7
 314 0147 02       		.byte	0x2
 315 0148 4A000000 		.4byte	0x4a
 316 014c 03       		.byte	0x3
 317 014d 9C       		.byte	0x9c
 318 014e 08       		.byte	0x8
 319 014f 69010000 		.4byte	0x169
 320 0153 07       		.uleb128 0x7
 321 0154 04050000 		.4byte	.LASF34
 322 0158 0006     		.2byte	0x600
 323 015a 07       		.uleb128 0x7
 324 015b 09070000 		.4byte	.LASF35
 325 015f 0006     		.2byte	0x600
 326 0161 07       		.uleb128 0x7
 327 0162 1D050000 		.4byte	.LASF36
 328 0166 0706     		.2byte	0x607
 329 0168 00       		.byte	0
 330 0169 05       		.uleb128 0x5
 331 016a 07       		.byte	0x7
 332 016b 04       		.byte	0x4
 333 016c 80000000 		.4byte	0x80
 334 0170 03       		.byte	0x3
 335 0171 B4       		.byte	0xb4
 336 0172 08       		.byte	0x8
 337 0173 93010000 		.4byte	0x193
 338 0177 08       		.uleb128 0x8
 339 0178 72030000 		.4byte	.LASF37
 340 017c 00000100 		.4byte	0x10000
 341 0180 08       		.uleb128 0x8
 342 0181 FA070000 		.4byte	.LASF38
 343 0185 00010100 		.4byte	0x10100
 344 0189 08       		.uleb128 0x8
 345 018a 6F070000 		.4byte	.LASF39
 346 018e 00000200 		.4byte	0x20000
 347 0192 00       		.byte	0
 348 0193 09       		.uleb128 0x9
 349 0194 07       		.byte	0x7
 350 0195 01       		.byte	0x1
 351 0196 30000000 		.4byte	0x30
 352 019a 03       		.byte	0x3
 353 019b 2201     		.2byte	0x122
 354 019d 08       		.byte	0x8
 355 019e 1B020000 		.4byte	0x21b
 356 01a2 06       		.uleb128 0x6
 357 01a3 46000000 		.4byte	.LASF40
 358 01a7 00       		.byte	0
 359 01a8 06       		.uleb128 0x6
 360 01a9 69020000 		.4byte	.LASF41
ARM GAS  /var/folders/d3/dt3vwhr97lb9k6xww43tf6h40000gr/T//ccKqaAAv.s 			page 8


 361 01ad 01       		.byte	0x1
 362 01ae 06       		.uleb128 0x6
 363 01af A5070000 		.4byte	.LASF42
 364 01b3 02       		.byte	0x2
 365 01b4 06       		.uleb128 0x6
 366 01b5 B1000000 		.4byte	.LASF43
 367 01b9 03       		.byte	0x3
 368 01ba 06       		.uleb128 0x6
 369 01bb 80070000 		.4byte	.LASF44
 370 01bf 04       		.byte	0x4
 371 01c0 06       		.uleb128 0x6
 372 01c1 E3010000 		.4byte	.LASF45
 373 01c5 05       		.byte	0x5
 374 01c6 06       		.uleb128 0x6
 375 01c7 1C010000 		.4byte	.LASF46
 376 01cb 06       		.byte	0x6
 377 01cc 06       		.uleb128 0x6
 378 01cd 56070000 		.4byte	.LASF47
 379 01d1 07       		.byte	0x7
 380 01d2 06       		.uleb128 0x6
 381 01d3 ED050000 		.4byte	.LASF48
 382 01d7 08       		.byte	0x8
 383 01d8 06       		.uleb128 0x6
 384 01d9 74040000 		.4byte	.LASF49
 385 01dd 09       		.byte	0x9
 386 01de 06       		.uleb128 0x6
 387 01df F9010000 		.4byte	.LASF50
 388 01e3 0A       		.byte	0xa
 389 01e4 06       		.uleb128 0x6
 390 01e5 95060000 		.4byte	.LASF51
 391 01e9 0B       		.byte	0xb
 392 01ea 06       		.uleb128 0x6
 393 01eb C9040000 		.4byte	.LASF52
 394 01ef 0C       		.byte	0xc
 395 01f0 06       		.uleb128 0x6
 396 01f1 40050000 		.4byte	.LASF53
 397 01f5 0D       		.byte	0xd
 398 01f6 06       		.uleb128 0x6
 399 01f7 37030000 		.4byte	.LASF54
 400 01fb 0E       		.byte	0xe
 401 01fc 06       		.uleb128 0x6
 402 01fd 03060000 		.4byte	.LASF55
 403 0201 0F       		.byte	0xf
 404 0202 06       		.uleb128 0x6
 405 0203 5B010000 		.4byte	.LASF56
 406 0207 10       		.byte	0x10
 407 0208 06       		.uleb128 0x6
 408 0209 00000000 		.4byte	.LASF57
 409 020d 11       		.byte	0x11
 410 020e 06       		.uleb128 0x6
 411 020f 55060000 		.4byte	.LASF58
 412 0213 12       		.byte	0x12
 413 0214 06       		.uleb128 0x6
 414 0215 0F020000 		.4byte	.LASF59
 415 0219 13       		.byte	0x13
 416 021a 00       		.byte	0
 417 021b 0A       		.uleb128 0xa
ARM GAS  /var/folders/d3/dt3vwhr97lb9k6xww43tf6h40000gr/T//ccKqaAAv.s 			page 9


 418 021c D3000000 		.4byte	.LASF68
 419 0220 20       		.byte	0x20
 420 0221 03       		.byte	0x3
 421 0222 4101     		.2byte	0x141
 422 0224 12       		.byte	0x12
 423 0225 B1020000 		.4byte	0x2b1
 424 0229 0B       		.uleb128 0xb
 425 022a 6D696E00 		.ascii	"min\000"
 426 022e 03       		.byte	0x3
 427 022f 4201     		.2byte	0x142
 428 0231 0D       		.byte	0xd
 429 0232 93000000 		.4byte	0x93
 430 0236 00       		.byte	0
 431 0237 0B       		.uleb128 0xb
 432 0238 6D617800 		.ascii	"max\000"
 433 023c 03       		.byte	0x3
 434 023d 4301     		.2byte	0x143
 435 023f 0D       		.byte	0xd
 436 0240 93000000 		.4byte	0x93
 437 0244 02       		.byte	0x2
 438 0245 0C       		.uleb128 0xc
 439 0246 6D000000 		.4byte	.LASF60
 440 024a 03       		.byte	0x3
 441 024b 4401     		.2byte	0x144
 442 024d 0D       		.byte	0xd
 443 024e 93000000 		.4byte	0x93
 444 0252 04       		.byte	0x4
 445 0253 0C       		.uleb128 0xc
 446 0254 76060000 		.4byte	.LASF61
 447 0258 03       		.byte	0x3
 448 0259 4501     		.2byte	0x145
 449 025b 0D       		.byte	0xd
 450 025c 93000000 		.4byte	0x93
 451 0260 06       		.byte	0x6
 452 0261 0C       		.uleb128 0xc
 453 0262 7A010000 		.4byte	.LASF62
 454 0266 03       		.byte	0x3
 455 0267 4601     		.2byte	0x146
 456 0269 0D       		.byte	0xd
 457 026a 87000000 		.4byte	0x87
 458 026e 08       		.byte	0x8
 459 026f 0D       		.uleb128 0xd
 460 0270 56010000 		.4byte	.LASF63
 461 0274 03       		.byte	0x3
 462 0275 4701     		.2byte	0x147
 463 0277 0D       		.byte	0xd
 464 0278 87000000 		.4byte	0x87
 465 027c 01       		.byte	0x1
 466 027d 04       		.byte	0x4
 467 027e 04       		.byte	0x4
 468 027f 09       		.byte	0x9
 469 0280 0D       		.uleb128 0xd
 470 0281 29070000 		.4byte	.LASF64
 471 0285 03       		.byte	0x3
 472 0286 4801     		.2byte	0x148
 473 0288 0D       		.byte	0xd
 474 0289 87000000 		.4byte	0x87
ARM GAS  /var/folders/d3/dt3vwhr97lb9k6xww43tf6h40000gr/T//ccKqaAAv.s 			page 10


 475 028d 01       		.byte	0x1
 476 028e 01       		.byte	0x1
 477 028f 03       		.byte	0x3
 478 0290 09       		.byte	0x9
 479 0291 0D       		.uleb128 0xd
 480 0292 5B080000 		.4byte	.LASF65
 481 0296 03       		.byte	0x3
 482 0297 4901     		.2byte	0x149
 483 0299 0D       		.byte	0xd
 484 029a 87000000 		.4byte	0x87
 485 029e 01       		.byte	0x1
 486 029f 03       		.byte	0x3
 487 02a0 00       		.byte	0
 488 02a1 09       		.byte	0x9
 489 02a2 0C       		.uleb128 0xc
 490 02a3 A6040000 		.4byte	.LASF66
 491 02a7 03       		.byte	0x3
 492 02a8 4A01     		.2byte	0x14a
 493 02aa 0D       		.byte	0xd
 494 02ab B1020000 		.4byte	0x2b1
 495 02af 0A       		.byte	0xa
 496 02b0 00       		.byte	0
 497 02b1 0E       		.uleb128 0xe
 498 02b2 B2000000 		.4byte	0xb2
 499 02b6 C1020000 		.4byte	0x2c1
 500 02ba 0F       		.uleb128 0xf
 501 02bb 80000000 		.4byte	0x80
 502 02bf 15       		.byte	0x15
 503 02c0 00       		.byte	0
 504 02c1 10       		.uleb128 0x10
 505 02c2 74000000 		.4byte	.LASF67
 506 02c6 03       		.byte	0x3
 507 02c7 4B01     		.2byte	0x14b
 508 02c9 05       		.byte	0x5
 509 02ca 1B020000 		.4byte	0x21b
 510 02ce 11       		.uleb128 0x11
 511 02cf 66030000 		.4byte	.LASF69
 512 02d3 3801     		.2byte	0x138
 513 02d5 03       		.byte	0x3
 514 02d6 D401     		.2byte	0x1d4
 515 02d8 12       		.byte	0x12
 516 02d9 78030000 		.4byte	0x378
 517 02dd 0C       		.uleb128 0xc
 518 02de F8040000 		.4byte	.LASF70
 519 02e2 03       		.byte	0x3
 520 02e3 D501     		.2byte	0x1d5
 521 02e5 0E       		.byte	0xe
 522 02e6 9F000000 		.4byte	0x9f
 523 02ea 00       		.byte	0
 524 02eb 0C       		.uleb128 0xc
 525 02ec 0B080000 		.4byte	.LASF71
 526 02f0 03       		.byte	0x3
 527 02f1 D601     		.2byte	0x1d6
 528 02f3 0E       		.byte	0xe
 529 02f4 9F000000 		.4byte	0x9f
 530 02f8 04       		.byte	0x4
 531 02f9 0B       		.uleb128 0xb
ARM GAS  /var/folders/d3/dt3vwhr97lb9k6xww43tf6h40000gr/T//ccKqaAAv.s 			page 11


 532 02fa 61706900 		.ascii	"api\000"
 533 02fe 03       		.byte	0x3
 534 02ff D701     		.2byte	0x1d7
 535 0301 0E       		.byte	0xe
 536 0302 9F000000 		.4byte	0x9f
 537 0306 08       		.byte	0x8
 538 0307 0C       		.uleb128 0xc
 539 0308 97010000 		.4byte	.LASF72
 540 030c 03       		.byte	0x3
 541 030d D801     		.2byte	0x1d8
 542 030f 0E       		.byte	0xe
 543 0310 9F000000 		.4byte	0x9f
 544 0314 0C       		.byte	0xc
 545 0315 0C       		.uleb128 0xc
 546 0316 65000000 		.4byte	.LASF73
 547 031a 03       		.byte	0x3
 548 031b D901     		.2byte	0x1d9
 549 031d 0E       		.byte	0xe
 550 031e 9F000000 		.4byte	0x9f
 551 0322 10       		.byte	0x10
 552 0323 0C       		.uleb128 0xc
 553 0324 5D000000 		.4byte	.LASF74
 554 0328 03       		.byte	0x3
 555 0329 DA01     		.2byte	0x1da
 556 032b 0E       		.byte	0xe
 557 032c 9F000000 		.4byte	0x9f
 558 0330 14       		.byte	0x14
 559 0331 0C       		.uleb128 0xc
 560 0332 A6040000 		.4byte	.LASF66
 561 0336 03       		.byte	0x3
 562 0337 DB01     		.2byte	0x1db
 563 0339 0E       		.byte	0xe
 564 033a 78030000 		.4byte	0x378
 565 033e 18       		.byte	0x18
 566 033f 0C       		.uleb128 0xc
 567 0340 23030000 		.4byte	.LASF75
 568 0344 03       		.byte	0x3
 569 0345 DC01     		.2byte	0x1dc
 570 0347 0E       		.byte	0xe
 571 0348 9F000000 		.4byte	0x9f
 572 034c 2C       		.byte	0x2c
 573 034d 0C       		.uleb128 0xc
 574 034e 2D030000 		.4byte	.LASF76
 575 0352 03       		.byte	0x3
 576 0353 DD01     		.2byte	0x1dd
 577 0355 0E       		.byte	0xe
 578 0356 9F000000 		.4byte	0x9f
 579 035a 30       		.byte	0x30
 580 035b 0C       		.uleb128 0xc
 581 035c 4B070000 		.4byte	.LASF77
 582 0360 03       		.byte	0x3
 583 0361 DE01     		.2byte	0x1de
 584 0363 0E       		.byte	0xe
 585 0364 9F000000 		.4byte	0x9f
 586 0368 34       		.byte	0x34
 587 0369 0C       		.uleb128 0xc
 588 036a 9F040000 		.4byte	.LASF78
ARM GAS  /var/folders/d3/dt3vwhr97lb9k6xww43tf6h40000gr/T//ccKqaAAv.s 			page 12


 589 036e 03       		.byte	0x3
 590 036f DF01     		.2byte	0x1df
 591 0371 12       		.byte	0x12
 592 0372 88030000 		.4byte	0x388
 593 0376 38       		.byte	0x38
 594 0377 00       		.byte	0
 595 0378 0E       		.uleb128 0xe
 596 0379 B2000000 		.4byte	0xb2
 597 037d 88030000 		.4byte	0x388
 598 0381 0F       		.uleb128 0xf
 599 0382 80000000 		.4byte	0x80
 600 0386 13       		.byte	0x13
 601 0387 00       		.byte	0
 602 0388 0E       		.uleb128 0xe
 603 0389 C1020000 		.4byte	0x2c1
 604 038d 98030000 		.4byte	0x398
 605 0391 0F       		.uleb128 0xf
 606 0392 80000000 		.4byte	0x80
 607 0396 07       		.byte	0x7
 608 0397 00       		.byte	0
 609 0398 10       		.uleb128 0x10
 610 0399 9E010000 		.4byte	.LASF79
 611 039d 03       		.byte	0x3
 612 039e E001     		.2byte	0x1e0
 613 03a0 05       		.byte	0x5
 614 03a1 CE020000 		.4byte	0x2ce
 615 03a5 05       		.uleb128 0x5
 616 03a6 07       		.byte	0x7
 617 03a7 01       		.byte	0x1
 618 03a8 30000000 		.4byte	0x30
 619 03ac 04       		.byte	0x4
 620 03ad 4F       		.byte	0x4f
 621 03ae 08       		.byte	0x8
 622 03af D2030000 		.4byte	0x3d2
 623 03b3 06       		.uleb128 0x6
 624 03b4 AB040000 		.4byte	.LASF80
 625 03b8 00       		.byte	0
 626 03b9 06       		.uleb128 0x6
 627 03ba 7F080000 		.4byte	.LASF81
 628 03be 01       		.byte	0x1
 629 03bf 06       		.uleb128 0x6
 630 03c0 9A080000 		.4byte	.LASF82
 631 03c4 02       		.byte	0x2
 632 03c5 06       		.uleb128 0x6
 633 03c6 DE000000 		.4byte	.LASF83
 634 03ca 03       		.byte	0x3
 635 03cb 06       		.uleb128 0x6
 636 03cc B7050000 		.4byte	.LASF84
 637 03d0 04       		.byte	0x4
 638 03d1 00       		.byte	0
 639 03d2 05       		.uleb128 0x5
 640 03d3 07       		.byte	0x7
 641 03d4 01       		.byte	0x1
 642 03d5 30000000 		.4byte	0x30
 643 03d9 04       		.byte	0x4
 644 03da 57       		.byte	0x57
 645 03db 08       		.byte	0x8
ARM GAS  /var/folders/d3/dt3vwhr97lb9k6xww43tf6h40000gr/T//ccKqaAAv.s 			page 13


 646 03dc 0B040000 		.4byte	0x40b
 647 03e0 06       		.uleb128 0x6
 648 03e1 2E080000 		.4byte	.LASF85
 649 03e5 00       		.byte	0
 650 03e6 06       		.uleb128 0x6
 651 03e7 81000000 		.4byte	.LASF86
 652 03eb 01       		.byte	0x1
 653 03ec 06       		.uleb128 0x6
 654 03ed DA070000 		.4byte	.LASF87
 655 03f1 02       		.byte	0x2
 656 03f2 06       		.uleb128 0x6
 657 03f3 01030000 		.4byte	.LASF88
 658 03f7 03       		.byte	0x3
 659 03f8 06       		.uleb128 0x6
 660 03f9 97000000 		.4byte	.LASF89
 661 03fd 04       		.byte	0x4
 662 03fe 06       		.uleb128 0x6
 663 03ff 7B060000 		.4byte	.LASF90
 664 0403 05       		.byte	0x5
 665 0404 06       		.uleb128 0x6
 666 0405 50030000 		.4byte	.LASF91
 667 0409 06       		.byte	0x6
 668 040a 00       		.byte	0
 669 040b 05       		.uleb128 0x5
 670 040c 07       		.byte	0x7
 671 040d 01       		.byte	0x1
 672 040e 30000000 		.4byte	0x30
 673 0412 04       		.byte	0x4
 674 0413 61       		.byte	0x61
 675 0414 08       		.byte	0x8
 676 0415 2C040000 		.4byte	0x42c
 677 0419 06       		.uleb128 0x6
 678 041a 64080000 		.4byte	.LASF92
 679 041e 00       		.byte	0
 680 041f 06       		.uleb128 0x6
 681 0420 C0070000 		.4byte	.LASF93
 682 0424 01       		.byte	0x1
 683 0425 06       		.uleb128 0x6
 684 0426 AC060000 		.4byte	.LASF94
 685 042a 02       		.byte	0x2
 686 042b 00       		.byte	0
 687 042c 12       		.uleb128 0x12
 688 042d CB010000 		.4byte	.LASF95
 689 0431 08       		.byte	0x8
 690 0432 04       		.byte	0x4
 691 0433 68       		.byte	0x68
 692 0434 12       		.byte	0x12
 693 0435 8E040000 		.4byte	0x48e
 694 0439 13       		.uleb128 0x13
 695 043a D4050000 		.4byte	.LASF96
 696 043e 04       		.byte	0x4
 697 043f 69       		.byte	0x69
 698 0440 0D       		.byte	0xd
 699 0441 87000000 		.4byte	0x87
 700 0445 00       		.byte	0
 701 0446 14       		.uleb128 0x14
 702 0447 BA070000 		.4byte	.LASF97
ARM GAS  /var/folders/d3/dt3vwhr97lb9k6xww43tf6h40000gr/T//ccKqaAAv.s 			page 14


 703 044b 04       		.byte	0x4
 704 044c 6A       		.byte	0x6a
 705 044d 0D       		.byte	0xd
 706 044e 87000000 		.4byte	0x87
 707 0452 01       		.byte	0x1
 708 0453 07       		.byte	0x7
 709 0454 01       		.byte	0x1
 710 0455 01       		.byte	0x1
 711 0456 14       		.uleb128 0x14
 712 0457 E5060000 		.4byte	.LASF98
 713 045b 04       		.byte	0x4
 714 045c 6B       		.byte	0x6b
 715 045d 0D       		.byte	0xd
 716 045e 87000000 		.4byte	0x87
 717 0462 01       		.byte	0x1
 718 0463 01       		.byte	0x1
 719 0464 00       		.byte	0
 720 0465 01       		.byte	0x1
 721 0466 15       		.uleb128 0x15
 722 0467 6D696E00 		.ascii	"min\000"
 723 046b 04       		.byte	0x4
 724 046c 6C       		.byte	0x6c
 725 046d 0D       		.byte	0xd
 726 046e 93000000 		.4byte	0x93
 727 0472 02       		.byte	0x2
 728 0473 15       		.uleb128 0x15
 729 0474 6D617800 		.ascii	"max\000"
 730 0478 04       		.byte	0x4
 731 0479 6D       		.byte	0x6d
 732 047a 0D       		.byte	0xd
 733 047b 93000000 		.4byte	0x93
 734 047f 04       		.byte	0x4
 735 0480 13       		.uleb128 0x13
 736 0481 74010000 		.4byte	.LASF99
 737 0485 04       		.byte	0x4
 738 0486 6E       		.byte	0x6e
 739 0487 0D       		.byte	0xd
 740 0488 93000000 		.4byte	0x93
 741 048c 06       		.byte	0x6
 742 048d 00       		.byte	0
 743 048e 03       		.uleb128 0x3
 744 048f 2C000000 		.4byte	.LASF100
 745 0493 04       		.byte	0x4
 746 0494 6F       		.byte	0x6f
 747 0495 05       		.byte	0x5
 748 0496 2C040000 		.4byte	0x42c
 749 049a 16       		.uleb128 0x16
 750 049b 3F060000 		.4byte	.LASF101
 751 049f 7801     		.2byte	0x178
 752 04a1 04       		.byte	0x4
 753 04a2 73       		.byte	0x73
 754 04a3 12       		.byte	0x12
 755 04a4 C4040000 		.4byte	0x4c4
 756 04a8 13       		.uleb128 0x13
 757 04a9 9E070000 		.4byte	.LASF102
 758 04ad 04       		.byte	0x4
 759 04ae 74       		.byte	0x74
ARM GAS  /var/folders/d3/dt3vwhr97lb9k6xww43tf6h40000gr/T//ccKqaAAv.s 			page 15


 760 04af 13       		.byte	0x13
 761 04b0 98030000 		.4byte	0x398
 762 04b4 00       		.byte	0
 763 04b5 17       		.uleb128 0x17
 764 04b6 BF080000 		.4byte	.LASF103
 765 04ba 04       		.byte	0x4
 766 04bb 75       		.byte	0x75
 767 04bc 1F       		.byte	0x1f
 768 04bd C4040000 		.4byte	0x4c4
 769 04c1 3801     		.2byte	0x138
 770 04c3 00       		.byte	0
 771 04c4 0E       		.uleb128 0xe
 772 04c5 8E040000 		.4byte	0x48e
 773 04c9 D4040000 		.4byte	0x4d4
 774 04cd 0F       		.uleb128 0xf
 775 04ce 80000000 		.4byte	0x80
 776 04d2 07       		.byte	0x7
 777 04d3 00       		.byte	0
 778 04d4 03       		.uleb128 0x3
 779 04d5 7F010000 		.4byte	.LASF104
 780 04d9 04       		.byte	0x4
 781 04da 76       		.byte	0x76
 782 04db 05       		.byte	0x5
 783 04dc 9A040000 		.4byte	0x49a
 784 04e0 18       		.uleb128 0x18
 785 04e1 D4040000 		.4byte	0x4d4
 786 04e5 19       		.uleb128 0x19
 787 04e6 66030000 		.4byte	.LASF69
 788 04ea 04       		.byte	0x4
 789 04eb 79       		.byte	0x79
 790 04ec 28       		.byte	0x28
 791 04ed E0040000 		.4byte	0x4e0
 792 04f1 1A       		.uleb128 0x1a
 793 04f2 E5040000 		.4byte	0x4e5
 794 04f6 05       		.byte	0x5
 795 04f7 2D       		.byte	0x2d
 796 04f8 2D       		.byte	0x2d
 797 04f9 05       		.uleb128 0x5
 798 04fa 03       		.byte	0x3
 799 04fb 00000000 		.4byte	unit_header
 800 04ff 00       		.byte	0
 801              		.section	.debug_abbrev,"",%progbits
 802              	.Ldebug_abbrev0:
 803 0000 01       		.uleb128 0x1
 804 0001 11       		.uleb128 0x11
 805 0002 01       		.byte	0x1
 806 0003 25       		.uleb128 0x25
 807 0004 0E       		.uleb128 0xe
 808 0005 13       		.uleb128 0x13
 809 0006 0B       		.uleb128 0xb
 810 0007 03       		.uleb128 0x3
 811 0008 0E       		.uleb128 0xe
 812 0009 1B       		.uleb128 0x1b
 813 000a 0E       		.uleb128 0xe
 814 000b 10       		.uleb128 0x10
 815 000c 17       		.uleb128 0x17
 816 000d 00       		.byte	0
ARM GAS  /var/folders/d3/dt3vwhr97lb9k6xww43tf6h40000gr/T//ccKqaAAv.s 			page 16


 817 000e 00       		.byte	0
 818 000f 02       		.uleb128 0x2
 819 0010 24       		.uleb128 0x24
 820 0011 00       		.byte	0
 821 0012 0B       		.uleb128 0xb
 822 0013 0B       		.uleb128 0xb
 823 0014 3E       		.uleb128 0x3e
 824 0015 0B       		.uleb128 0xb
 825 0016 03       		.uleb128 0x3
 826 0017 0E       		.uleb128 0xe
 827 0018 00       		.byte	0
 828 0019 00       		.byte	0
 829 001a 03       		.uleb128 0x3
 830 001b 16       		.uleb128 0x16
 831 001c 00       		.byte	0
 832 001d 03       		.uleb128 0x3
 833 001e 0E       		.uleb128 0xe
 834 001f 3A       		.uleb128 0x3a
 835 0020 0B       		.uleb128 0xb
 836 0021 3B       		.uleb128 0x3b
 837 0022 0B       		.uleb128 0xb
 838 0023 39       		.uleb128 0x39
 839 0024 0B       		.uleb128 0xb
 840 0025 49       		.uleb128 0x49
 841 0026 13       		.uleb128 0x13
 842 0027 00       		.byte	0
 843 0028 00       		.byte	0
 844 0029 04       		.uleb128 0x4
 845 002a 24       		.uleb128 0x24
 846 002b 00       		.byte	0
 847 002c 0B       		.uleb128 0xb
 848 002d 0B       		.uleb128 0xb
 849 002e 3E       		.uleb128 0x3e
 850 002f 0B       		.uleb128 0xb
 851 0030 03       		.uleb128 0x3
 852 0031 08       		.uleb128 0x8
 853 0032 00       		.byte	0
 854 0033 00       		.byte	0
 855 0034 05       		.uleb128 0x5
 856 0035 04       		.uleb128 0x4
 857 0036 01       		.byte	0x1
 858 0037 3E       		.uleb128 0x3e
 859 0038 0B       		.uleb128 0xb
 860 0039 0B       		.uleb128 0xb
 861 003a 0B       		.uleb128 0xb
 862 003b 49       		.uleb128 0x49
 863 003c 13       		.uleb128 0x13
 864 003d 3A       		.uleb128 0x3a
 865 003e 0B       		.uleb128 0xb
 866 003f 3B       		.uleb128 0x3b
 867 0040 0B       		.uleb128 0xb
 868 0041 39       		.uleb128 0x39
 869 0042 0B       		.uleb128 0xb
 870 0043 01       		.uleb128 0x1
 871 0044 13       		.uleb128 0x13
 872 0045 00       		.byte	0
 873 0046 00       		.byte	0
ARM GAS  /var/folders/d3/dt3vwhr97lb9k6xww43tf6h40000gr/T//ccKqaAAv.s 			page 17


 874 0047 06       		.uleb128 0x6
 875 0048 28       		.uleb128 0x28
 876 0049 00       		.byte	0
 877 004a 03       		.uleb128 0x3
 878 004b 0E       		.uleb128 0xe
 879 004c 1C       		.uleb128 0x1c
 880 004d 0B       		.uleb128 0xb
 881 004e 00       		.byte	0
 882 004f 00       		.byte	0
 883 0050 07       		.uleb128 0x7
 884 0051 28       		.uleb128 0x28
 885 0052 00       		.byte	0
 886 0053 03       		.uleb128 0x3
 887 0054 0E       		.uleb128 0xe
 888 0055 1C       		.uleb128 0x1c
 889 0056 05       		.uleb128 0x5
 890 0057 00       		.byte	0
 891 0058 00       		.byte	0
 892 0059 08       		.uleb128 0x8
 893 005a 28       		.uleb128 0x28
 894 005b 00       		.byte	0
 895 005c 03       		.uleb128 0x3
 896 005d 0E       		.uleb128 0xe
 897 005e 1C       		.uleb128 0x1c
 898 005f 06       		.uleb128 0x6
 899 0060 00       		.byte	0
 900 0061 00       		.byte	0
 901 0062 09       		.uleb128 0x9
 902 0063 04       		.uleb128 0x4
 903 0064 01       		.byte	0x1
 904 0065 3E       		.uleb128 0x3e
 905 0066 0B       		.uleb128 0xb
 906 0067 0B       		.uleb128 0xb
 907 0068 0B       		.uleb128 0xb
 908 0069 49       		.uleb128 0x49
 909 006a 13       		.uleb128 0x13
 910 006b 3A       		.uleb128 0x3a
 911 006c 0B       		.uleb128 0xb
 912 006d 3B       		.uleb128 0x3b
 913 006e 05       		.uleb128 0x5
 914 006f 39       		.uleb128 0x39
 915 0070 0B       		.uleb128 0xb
 916 0071 01       		.uleb128 0x1
 917 0072 13       		.uleb128 0x13
 918 0073 00       		.byte	0
 919 0074 00       		.byte	0
 920 0075 0A       		.uleb128 0xa
 921 0076 13       		.uleb128 0x13
 922 0077 01       		.byte	0x1
 923 0078 03       		.uleb128 0x3
 924 0079 0E       		.uleb128 0xe
 925 007a 0B       		.uleb128 0xb
 926 007b 0B       		.uleb128 0xb
 927 007c 3A       		.uleb128 0x3a
 928 007d 0B       		.uleb128 0xb
 929 007e 3B       		.uleb128 0x3b
 930 007f 05       		.uleb128 0x5
ARM GAS  /var/folders/d3/dt3vwhr97lb9k6xww43tf6h40000gr/T//ccKqaAAv.s 			page 18


 931 0080 39       		.uleb128 0x39
 932 0081 0B       		.uleb128 0xb
 933 0082 01       		.uleb128 0x1
 934 0083 13       		.uleb128 0x13
 935 0084 00       		.byte	0
 936 0085 00       		.byte	0
 937 0086 0B       		.uleb128 0xb
 938 0087 0D       		.uleb128 0xd
 939 0088 00       		.byte	0
 940 0089 03       		.uleb128 0x3
 941 008a 08       		.uleb128 0x8
 942 008b 3A       		.uleb128 0x3a
 943 008c 0B       		.uleb128 0xb
 944 008d 3B       		.uleb128 0x3b
 945 008e 05       		.uleb128 0x5
 946 008f 39       		.uleb128 0x39
 947 0090 0B       		.uleb128 0xb
 948 0091 49       		.uleb128 0x49
 949 0092 13       		.uleb128 0x13
 950 0093 38       		.uleb128 0x38
 951 0094 0B       		.uleb128 0xb
 952 0095 00       		.byte	0
 953 0096 00       		.byte	0
 954 0097 0C       		.uleb128 0xc
 955 0098 0D       		.uleb128 0xd
 956 0099 00       		.byte	0
 957 009a 03       		.uleb128 0x3
 958 009b 0E       		.uleb128 0xe
 959 009c 3A       		.uleb128 0x3a
 960 009d 0B       		.uleb128 0xb
 961 009e 3B       		.uleb128 0x3b
 962 009f 05       		.uleb128 0x5
 963 00a0 39       		.uleb128 0x39
 964 00a1 0B       		.uleb128 0xb
 965 00a2 49       		.uleb128 0x49
 966 00a3 13       		.uleb128 0x13
 967 00a4 38       		.uleb128 0x38
 968 00a5 0B       		.uleb128 0xb
 969 00a6 00       		.byte	0
 970 00a7 00       		.byte	0
 971 00a8 0D       		.uleb128 0xd
 972 00a9 0D       		.uleb128 0xd
 973 00aa 00       		.byte	0
 974 00ab 03       		.uleb128 0x3
 975 00ac 0E       		.uleb128 0xe
 976 00ad 3A       		.uleb128 0x3a
 977 00ae 0B       		.uleb128 0xb
 978 00af 3B       		.uleb128 0x3b
 979 00b0 05       		.uleb128 0x5
 980 00b1 39       		.uleb128 0x39
 981 00b2 0B       		.uleb128 0xb
 982 00b3 49       		.uleb128 0x49
 983 00b4 13       		.uleb128 0x13
 984 00b5 0B       		.uleb128 0xb
 985 00b6 0B       		.uleb128 0xb
 986 00b7 0D       		.uleb128 0xd
 987 00b8 0B       		.uleb128 0xb
ARM GAS  /var/folders/d3/dt3vwhr97lb9k6xww43tf6h40000gr/T//ccKqaAAv.s 			page 19


 988 00b9 0C       		.uleb128 0xc
 989 00ba 0B       		.uleb128 0xb
 990 00bb 38       		.uleb128 0x38
 991 00bc 0B       		.uleb128 0xb
 992 00bd 00       		.byte	0
 993 00be 00       		.byte	0
 994 00bf 0E       		.uleb128 0xe
 995 00c0 01       		.uleb128 0x1
 996 00c1 01       		.byte	0x1
 997 00c2 49       		.uleb128 0x49
 998 00c3 13       		.uleb128 0x13
 999 00c4 01       		.uleb128 0x1
 1000 00c5 13       		.uleb128 0x13
 1001 00c6 00       		.byte	0
 1002 00c7 00       		.byte	0
 1003 00c8 0F       		.uleb128 0xf
 1004 00c9 21       		.uleb128 0x21
 1005 00ca 00       		.byte	0
 1006 00cb 49       		.uleb128 0x49
 1007 00cc 13       		.uleb128 0x13
 1008 00cd 2F       		.uleb128 0x2f
 1009 00ce 0B       		.uleb128 0xb
 1010 00cf 00       		.byte	0
 1011 00d0 00       		.byte	0
 1012 00d1 10       		.uleb128 0x10
 1013 00d2 16       		.uleb128 0x16
 1014 00d3 00       		.byte	0
 1015 00d4 03       		.uleb128 0x3
 1016 00d5 0E       		.uleb128 0xe
 1017 00d6 3A       		.uleb128 0x3a
 1018 00d7 0B       		.uleb128 0xb
 1019 00d8 3B       		.uleb128 0x3b
 1020 00d9 05       		.uleb128 0x5
 1021 00da 39       		.uleb128 0x39
 1022 00db 0B       		.uleb128 0xb
 1023 00dc 49       		.uleb128 0x49
 1024 00dd 13       		.uleb128 0x13
 1025 00de 00       		.byte	0
 1026 00df 00       		.byte	0
 1027 00e0 11       		.uleb128 0x11
 1028 00e1 13       		.uleb128 0x13
 1029 00e2 01       		.byte	0x1
 1030 00e3 03       		.uleb128 0x3
 1031 00e4 0E       		.uleb128 0xe
 1032 00e5 0B       		.uleb128 0xb
 1033 00e6 05       		.uleb128 0x5
 1034 00e7 3A       		.uleb128 0x3a
 1035 00e8 0B       		.uleb128 0xb
 1036 00e9 3B       		.uleb128 0x3b
 1037 00ea 05       		.uleb128 0x5
 1038 00eb 39       		.uleb128 0x39
 1039 00ec 0B       		.uleb128 0xb
 1040 00ed 01       		.uleb128 0x1
 1041 00ee 13       		.uleb128 0x13
 1042 00ef 00       		.byte	0
 1043 00f0 00       		.byte	0
 1044 00f1 12       		.uleb128 0x12
ARM GAS  /var/folders/d3/dt3vwhr97lb9k6xww43tf6h40000gr/T//ccKqaAAv.s 			page 20


 1045 00f2 13       		.uleb128 0x13
 1046 00f3 01       		.byte	0x1
 1047 00f4 03       		.uleb128 0x3
 1048 00f5 0E       		.uleb128 0xe
 1049 00f6 0B       		.uleb128 0xb
 1050 00f7 0B       		.uleb128 0xb
 1051 00f8 3A       		.uleb128 0x3a
 1052 00f9 0B       		.uleb128 0xb
 1053 00fa 3B       		.uleb128 0x3b
 1054 00fb 0B       		.uleb128 0xb
 1055 00fc 39       		.uleb128 0x39
 1056 00fd 0B       		.uleb128 0xb
 1057 00fe 01       		.uleb128 0x1
 1058 00ff 13       		.uleb128 0x13
 1059 0100 00       		.byte	0
 1060 0101 00       		.byte	0
 1061 0102 13       		.uleb128 0x13
 1062 0103 0D       		.uleb128 0xd
 1063 0104 00       		.byte	0
 1064 0105 03       		.uleb128 0x3
 1065 0106 0E       		.uleb128 0xe
 1066 0107 3A       		.uleb128 0x3a
 1067 0108 0B       		.uleb128 0xb
 1068 0109 3B       		.uleb128 0x3b
 1069 010a 0B       		.uleb128 0xb
 1070 010b 39       		.uleb128 0x39
 1071 010c 0B       		.uleb128 0xb
 1072 010d 49       		.uleb128 0x49
 1073 010e 13       		.uleb128 0x13
 1074 010f 38       		.uleb128 0x38
 1075 0110 0B       		.uleb128 0xb
 1076 0111 00       		.byte	0
 1077 0112 00       		.byte	0
 1078 0113 14       		.uleb128 0x14
 1079 0114 0D       		.uleb128 0xd
 1080 0115 00       		.byte	0
 1081 0116 03       		.uleb128 0x3
 1082 0117 0E       		.uleb128 0xe
 1083 0118 3A       		.uleb128 0x3a
 1084 0119 0B       		.uleb128 0xb
 1085 011a 3B       		.uleb128 0x3b
 1086 011b 0B       		.uleb128 0xb
 1087 011c 39       		.uleb128 0x39
 1088 011d 0B       		.uleb128 0xb
 1089 011e 49       		.uleb128 0x49
 1090 011f 13       		.uleb128 0x13
 1091 0120 0B       		.uleb128 0xb
 1092 0121 0B       		.uleb128 0xb
 1093 0122 0D       		.uleb128 0xd
 1094 0123 0B       		.uleb128 0xb
 1095 0124 0C       		.uleb128 0xc
 1096 0125 0B       		.uleb128 0xb
 1097 0126 38       		.uleb128 0x38
 1098 0127 0B       		.uleb128 0xb
 1099 0128 00       		.byte	0
 1100 0129 00       		.byte	0
 1101 012a 15       		.uleb128 0x15
ARM GAS  /var/folders/d3/dt3vwhr97lb9k6xww43tf6h40000gr/T//ccKqaAAv.s 			page 21


 1102 012b 0D       		.uleb128 0xd
 1103 012c 00       		.byte	0
 1104 012d 03       		.uleb128 0x3
 1105 012e 08       		.uleb128 0x8
 1106 012f 3A       		.uleb128 0x3a
 1107 0130 0B       		.uleb128 0xb
 1108 0131 3B       		.uleb128 0x3b
 1109 0132 0B       		.uleb128 0xb
 1110 0133 39       		.uleb128 0x39
 1111 0134 0B       		.uleb128 0xb
 1112 0135 49       		.uleb128 0x49
 1113 0136 13       		.uleb128 0x13
 1114 0137 38       		.uleb128 0x38
 1115 0138 0B       		.uleb128 0xb
 1116 0139 00       		.byte	0
 1117 013a 00       		.byte	0
 1118 013b 16       		.uleb128 0x16
 1119 013c 13       		.uleb128 0x13
 1120 013d 01       		.byte	0x1
 1121 013e 03       		.uleb128 0x3
 1122 013f 0E       		.uleb128 0xe
 1123 0140 0B       		.uleb128 0xb
 1124 0141 05       		.uleb128 0x5
 1125 0142 3A       		.uleb128 0x3a
 1126 0143 0B       		.uleb128 0xb
 1127 0144 3B       		.uleb128 0x3b
 1128 0145 0B       		.uleb128 0xb
 1129 0146 39       		.uleb128 0x39
 1130 0147 0B       		.uleb128 0xb
 1131 0148 01       		.uleb128 0x1
 1132 0149 13       		.uleb128 0x13
 1133 014a 00       		.byte	0
 1134 014b 00       		.byte	0
 1135 014c 17       		.uleb128 0x17
 1136 014d 0D       		.uleb128 0xd
 1137 014e 00       		.byte	0
 1138 014f 03       		.uleb128 0x3
 1139 0150 0E       		.uleb128 0xe
 1140 0151 3A       		.uleb128 0x3a
 1141 0152 0B       		.uleb128 0xb
 1142 0153 3B       		.uleb128 0x3b
 1143 0154 0B       		.uleb128 0xb
 1144 0155 39       		.uleb128 0x39
 1145 0156 0B       		.uleb128 0xb
 1146 0157 49       		.uleb128 0x49
 1147 0158 13       		.uleb128 0x13
 1148 0159 38       		.uleb128 0x38
 1149 015a 05       		.uleb128 0x5
 1150 015b 00       		.byte	0
 1151 015c 00       		.byte	0
 1152 015d 18       		.uleb128 0x18
 1153 015e 26       		.uleb128 0x26
 1154 015f 00       		.byte	0
 1155 0160 49       		.uleb128 0x49
 1156 0161 13       		.uleb128 0x13
 1157 0162 00       		.byte	0
 1158 0163 00       		.byte	0
ARM GAS  /var/folders/d3/dt3vwhr97lb9k6xww43tf6h40000gr/T//ccKqaAAv.s 			page 22


 1159 0164 19       		.uleb128 0x19
 1160 0165 34       		.uleb128 0x34
 1161 0166 00       		.byte	0
 1162 0167 03       		.uleb128 0x3
 1163 0168 0E       		.uleb128 0xe
 1164 0169 3A       		.uleb128 0x3a
 1165 016a 0B       		.uleb128 0xb
 1166 016b 3B       		.uleb128 0x3b
 1167 016c 0B       		.uleb128 0xb
 1168 016d 39       		.uleb128 0x39
 1169 016e 0B       		.uleb128 0xb
 1170 016f 49       		.uleb128 0x49
 1171 0170 13       		.uleb128 0x13
 1172 0171 3F       		.uleb128 0x3f
 1173 0172 19       		.uleb128 0x19
 1174 0173 3C       		.uleb128 0x3c
 1175 0174 19       		.uleb128 0x19
 1176 0175 00       		.byte	0
 1177 0176 00       		.byte	0
 1178 0177 1A       		.uleb128 0x1a
 1179 0178 34       		.uleb128 0x34
 1180 0179 00       		.byte	0
 1181 017a 47       		.uleb128 0x47
 1182 017b 13       		.uleb128 0x13
 1183 017c 3A       		.uleb128 0x3a
 1184 017d 0B       		.uleb128 0xb
 1185 017e 3B       		.uleb128 0x3b
 1186 017f 0B       		.uleb128 0xb
 1187 0180 39       		.uleb128 0x39
 1188 0181 0B       		.uleb128 0xb
 1189 0182 02       		.uleb128 0x2
 1190 0183 18       		.uleb128 0x18
 1191 0184 00       		.byte	0
 1192 0185 00       		.byte	0
 1193 0186 00       		.byte	0
 1194              		.section	.debug_aranges,"",%progbits
 1195 0000 14000000 		.4byte	0x14
 1196 0004 0200     		.2byte	0x2
 1197 0006 00000000 		.4byte	.Ldebug_info0
 1198 000a 04       		.byte	0x4
 1199 000b 00       		.byte	0
 1200 000c 0000     		.2byte	0
 1201 000e 0000     		.2byte	0
 1202 0010 00000000 		.4byte	0
 1203 0014 00000000 		.4byte	0
 1204              		.section	.debug_line,"",%progbits
 1205              	.Ldebug_line0:
 1206 0000 7F010000 		.section	.debug_str,"MS",%progbits,1
 1206      03007901 
 1206      00000201 
 1206      FB0E0D00 
 1206      01010101 
 1207              	.LASF57:
 1208 0000 6B5F756E 		.ascii	"k_unit_param_type_onoff\000"
 1208      69745F70 
 1208      6172616D 
 1208      5F747970 
ARM GAS  /var/folders/d3/dt3vwhr97lb9k6xww43tf6h40000gr/T//ccKqaAAv.s 			page 23


 1208      655F6F6E 
 1209              	.LASF22:
 1210 0018 6B5F756E 		.ascii	"k_unit_module_revfx\000"
 1210      69745F6D 
 1210      6F64756C 
 1210      655F7265 
 1210      76667800 
 1211              	.LASF100:
 1212 002c 67656E65 		.ascii	"genericfx_param_mapping_t\000"
 1212      72696366 
 1212      785F7061 
 1212      72616D5F 
 1212      6D617070 
 1213              	.LASF40:
 1214 0046 6B5F756E 		.ascii	"k_unit_param_type_none\000"
 1214      69745F70 
 1214      6172616D 
 1214      5F747970 
 1214      655F6E6F 
 1215              	.LASF74:
 1216 005d 76657273 		.ascii	"version\000"
 1216      696F6E00 
 1217              	.LASF73:
 1218 0065 756E6974 		.ascii	"unit_id\000"
 1218      5F696400 
 1219              	.LASF60:
 1220 006d 63656E74 		.ascii	"center\000"
 1220      657200
 1221              	.LASF67:
 1222 0074 756E6974 		.ascii	"unit_param_t\000"
 1222      5F706172 
 1222      616D5F74 
 1222      00
 1223              	.LASF86:
 1224 0081 6B5F6765 		.ascii	"k_genericfx_curve_exp\000"
 1224      6E657269 
 1224      6366785F 
 1224      63757276 
 1224      655F6578 
 1225              	.LASF89:
 1226 0097 6B5F6765 		.ascii	"k_genericfx_curve_minclip\000"
 1226      6E657269 
 1226      6366785F 
 1226      63757276 
 1226      655F6D69 
 1227              	.LASF43:
 1228 00b1 6B5F756E 		.ascii	"k_unit_param_type_cents\000"
 1228      69745F70 
 1228      6172616D 
 1228      5F747970 
 1228      655F6365 
 1229              	.LASF4:
 1230 00c9 73686F72 		.ascii	"short int\000"
 1230      7420696E 
 1230      7400
 1231              	.LASF68:
 1232 00d3 756E6974 		.ascii	"unit_param\000"
ARM GAS  /var/folders/d3/dt3vwhr97lb9k6xww43tf6h40000gr/T//ccKqaAAv.s 			page 24


 1232      5F706172 
 1232      616D00
 1233              	.LASF83:
 1234 00de 6B5F6765 		.ascii	"k_genericfx_param_assign_depth\000"
 1234      6E657269 
 1234      6366785F 
 1234      70617261 
 1234      6D5F6173 
 1235              	.LASF24:
 1236 00fd 6B5F756E 		.ascii	"k_unit_module_synth\000"
 1236      69745F6D 
 1236      6F64756C 
 1236      655F7379 
 1236      6E746800 
 1237              	.LASF7:
 1238 0111 5F5F7569 		.ascii	"__uint32_t\000"
 1238      6E743332 
 1238      5F7400
 1239              	.LASF46:
 1240 011c 6B5F756E 		.ascii	"k_unit_param_type_hertz\000"
 1240      69745F70 
 1240      6172616D 
 1240      5F747970 
 1240      655F6865 
 1241              	.LASF30:
 1242 0134 6B5F756E 		.ascii	"k_unit_target_nutektdigital_modfx\000"
 1242      69745F74 
 1242      61726765 
 1242      745F6E75 
 1242      74656B74 
 1243              	.LASF63:
 1244 0156 66726163 		.ascii	"frac\000"
 1244      00
 1245              	.LASF56:
 1246 015b 6B5F756E 		.ascii	"k_unit_param_type_spread\000"
 1246      69745F70 
 1246      6172616D 
 1246      5F747970 
 1246      655F7370 
 1247              	.LASF99:
 1248 0174 76616C75 		.ascii	"value\000"
 1248      6500
 1249              	.LASF62:
 1250 017a 74797065 		.ascii	"type\000"
 1250      00
 1251              	.LASF104:
 1252 017f 67656E65 		.ascii	"genericfx_unit_header_t\000"
 1252      72696366 
 1252      785F756E 
 1252      69745F68 
 1252      65616465 
 1253              	.LASF72:
 1254 0197 6465765F 		.ascii	"dev_id\000"
 1254      696400
 1255              	.LASF79:
 1256 019e 756E6974 		.ascii	"unit_header_t\000"
 1256      5F686561 
ARM GAS  /var/folders/d3/dt3vwhr97lb9k6xww43tf6h40000gr/T//ccKqaAAv.s 			page 25


 1256      6465725F 
 1256      7400
 1257              	.LASF25:
 1258 01ac 6B5F756E 		.ascii	"k_unit_module_masterfx\000"
 1258      69745F6D 
 1258      6F64756C 
 1258      655F6D61 
 1258      73746572 
 1259              	.LASF12:
 1260 01c3 75696E74 		.ascii	"uint8_t\000"
 1260      385F7400 
 1261              	.LASF95:
 1262 01cb 67656E65 		.ascii	"genericfx_param_mapping\000"
 1262      72696366 
 1262      785F7061 
 1262      72616D5F 
 1262      6D617070 
 1263              	.LASF45:
 1264 01e3 6B5F756E 		.ascii	"k_unit_param_type_oct\000"
 1264      69745F70 
 1264      6172616D 
 1264      5F747970 
 1264      655F6F63 
 1265              	.LASF50:
 1266 01f9 6B5F756E 		.ascii	"k_unit_param_type_sec\000"
 1266      69745F70 
 1266      6172616D 
 1266      5F747970 
 1266      655F7365 
 1267              	.LASF59:
 1268 020f 6B5F756E 		.ascii	"k_unit_param_type_count\000"
 1268      69745F70 
 1268      6172616D 
 1268      5F747970 
 1268      655F636F 
 1269              	.LASF32:
 1270 0227 6B5F756E 		.ascii	"k_unit_target_nutektdigital_revfx\000"
 1270      69745F74 
 1270      61726765 
 1270      745F6E75 
 1270      74656B74 
 1271              	.LASF33:
 1272 0249 6B5F756E 		.ascii	"k_unit_target_nutektdigital_osc\000"
 1272      69745F74 
 1272      61726765 
 1272      745F6E75 
 1272      74656B74 
 1273              	.LASF41:
 1274 0269 6B5F756E 		.ascii	"k_unit_param_type_percent\000"
 1274      69745F70 
 1274      6172616D 
 1274      5F747970 
 1274      655F7065 
 1275              	.LASF29:
 1276 0283 6B5F756E 		.ascii	"k_unit_target_nutektdigital_global\000"
 1276      69745F74 
 1276      61726765 
ARM GAS  /var/folders/d3/dt3vwhr97lb9k6xww43tf6h40000gr/T//ccKqaAAv.s 			page 26


 1276      745F6E75 
 1276      74656B74 
 1277              	.LASF17:
 1278 02a6 666C6F61 		.ascii	"float\000"
 1278      7400
 1279              	.LASF107:
 1280 02ac 2F557365 		.ascii	"/Users/omereliraz/Documents/logue-sdk/platform/nts-"
 1280      72732F6F 
 1280      6D657265 
 1280      6C697261 
 1280      7A2F446F 
 1281 02df 335F6B61 		.ascii	"3_kaoss/gate_reverb\000"
 1281      6F73732F 
 1281      67617465 
 1281      5F726576 
 1281      65726200 
 1282              	.LASF9:
 1283 02f3 6C6F6E67 		.ascii	"long long int\000"
 1283      206C6F6E 
 1283      6720696E 
 1283      7400
 1284              	.LASF88:
 1285 0301 6B5F6765 		.ascii	"k_genericfx_curve_toggle\000"
 1285      6E657269 
 1285      6366785F 
 1285      63757276 
 1285      655F746F 
 1286              	.LASF6:
 1287 031a 6C6F6E67 		.ascii	"long int\000"
 1287      20696E74 
 1287      00
 1288              	.LASF75:
 1289 0323 72657365 		.ascii	"reserved0\000"
 1289      72766564 
 1289      3000
 1290              	.LASF76:
 1291 032d 72657365 		.ascii	"reserved1\000"
 1291      72766564 
 1291      3100
 1292              	.LASF54:
 1293 0337 6B5F756E 		.ascii	"k_unit_param_type_drywet\000"
 1293      69745F70 
 1293      6172616D 
 1293      5F747970 
 1293      655F6472 
 1294              	.LASF91:
 1295 0350 6B5F6E75 		.ascii	"k_num_genericfx_curve\000"
 1295      6D5F6765 
 1295      6E657269 
 1295      6366785F 
 1295      63757276 
 1296              	.LASF69:
 1297 0366 756E6974 		.ascii	"unit_header\000"
 1297      5F686561 
 1297      64657200 
 1298              	.LASF37:
 1299 0372 6B5F756E 		.ascii	"k_unit_api_1_0_0\000"
ARM GAS  /var/folders/d3/dt3vwhr97lb9k6xww43tf6h40000gr/T//ccKqaAAv.s 			page 27


 1299      69745F61 
 1299      70695F31 
 1299      5F305F30 
 1299      00
 1300              	.LASF1:
 1301 0383 756E7369 		.ascii	"unsigned char\000"
 1301      676E6564 
 1301      20636861 
 1301      7200
 1302              	.LASF105:
 1303 0391 474E5520 		.ascii	"GNU C11 10.3.1 20210824 (release) -mcpu=cortex-m7 -"
 1303      43313120 
 1303      31302E33 
 1303      2E312032 
 1303      30323130 
 1304 03c4 6D746875 		.ascii	"mthumb -mno-thumb-interwork -mlittle-endian -mfloat"
 1304      6D62202D 
 1304      6D6E6F2D 
 1304      7468756D 
 1304      622D696E 
 1305 03f7 2D616269 		.ascii	"-abi=hard -mfpu=fpv4-sp-d16 -march=armv7e-m+fp -g -"
 1305      3D686172 
 1305      64202D6D 
 1305      6670753D 
 1305      66707634 
 1306 042a 4F73202D 		.ascii	"Os -std=c11 -fsingle-precision-constant -fcheck-new"
 1306      7374643D 
 1306      63313120 
 1306      2D667369 
 1306      6E676C65 
 1307 045d 202D6650 		.ascii	" -fPIC -fno-exceptions\000"
 1307      4943202D 
 1307      666E6F2D 
 1307      65786365 
 1307      7074696F 
 1308              	.LASF49:
 1309 0474 6B5F756E 		.ascii	"k_unit_param_type_msec\000"
 1309      69745F70 
 1309      6172616D 
 1309      5F747970 
 1309      655F6D73 
 1310              	.LASF21:
 1311 048b 6B5F756E 		.ascii	"k_unit_module_delfx\000"
 1311      69745F6D 
 1311      6F64756C 
 1311      655F6465 
 1311      6C667800 
 1312              	.LASF78:
 1313 049f 70617261 		.ascii	"params\000"
 1313      6D7300
 1314              	.LASF66:
 1315 04a6 6E616D65 		.ascii	"name\000"
 1315      00
 1316              	.LASF80:
 1317 04ab 6B5F6765 		.ascii	"k_genericfx_param_assign_none\000"
 1317      6E657269 
 1317      6366785F 
ARM GAS  /var/folders/d3/dt3vwhr97lb9k6xww43tf6h40000gr/T//ccKqaAAv.s 			page 28


 1317      70617261 
 1317      6D5F6173 
 1318              	.LASF52:
 1319 04c9 6B5F756E 		.ascii	"k_unit_param_type_strings\000"
 1319      69745F70 
 1319      6172616D 
 1319      5F747970 
 1319      655F7374 
 1320              	.LASF106:
 1321 04e3 68656164 		.ascii	"header.c\000"
 1321      65722E63 
 1321      00
 1322              	.LASF15:
 1323 04ec 6C6F6E67 		.ascii	"long double\000"
 1323      20646F75 
 1323      626C6500 
 1324              	.LASF70:
 1325 04f8 68656164 		.ascii	"header_size\000"
 1325      65725F73 
 1325      697A6500 
 1326              	.LASF34:
 1327 0504 6B5F756E 		.ascii	"k_unit_target_nts3_kaoss\000"
 1327      69745F74 
 1327      61726765 
 1327      745F6E74 
 1327      73335F6B 
 1328              	.LASF36:
 1329 051d 6B5F756E 		.ascii	"k_unit_target_nts3_kaoss_genericfx\000"
 1329      69745F74 
 1329      61726765 
 1329      745F6E74 
 1329      73335F6B 
 1330              	.LASF53:
 1331 0540 6B5F756E 		.ascii	"k_unit_param_type_reserved0\000"
 1331      69745F70 
 1331      6172616D 
 1331      5F747970 
 1331      655F7265 
 1332              	.LASF0:
 1333 055c 7369676E 		.ascii	"signed char\000"
 1333      65642063 
 1333      68617200 
 1334              	.LASF31:
 1335 0568 6B5F756E 		.ascii	"k_unit_target_nutektdigital_delfx\000"
 1335      69745F74 
 1335      61726765 
 1335      745F6E75 
 1335      74656B74 
 1336              	.LASF10:
 1337 058a 6C6F6E67 		.ascii	"long long unsigned int\000"
 1337      206C6F6E 
 1337      6720756E 
 1337      7369676E 
 1337      65642069 
 1338              	.LASF14:
 1339 05a1 75696E74 		.ascii	"uint32_t\000"
 1339      33325F74 
ARM GAS  /var/folders/d3/dt3vwhr97lb9k6xww43tf6h40000gr/T//ccKqaAAv.s 			page 29


 1339      00
 1340              	.LASF11:
 1341 05aa 756E7369 		.ascii	"unsigned int\000"
 1341      676E6564 
 1341      20696E74 
 1341      00
 1342              	.LASF84:
 1343 05b7 6B5F6E75 		.ascii	"k_num_genericfx_param_assign\000"
 1343      6D5F6765 
 1343      6E657269 
 1343      6366785F 
 1343      70617261 
 1344              	.LASF96:
 1345 05d4 61737369 		.ascii	"assign\000"
 1345      676E00
 1346              	.LASF8:
 1347 05db 6C6F6E67 		.ascii	"long unsigned int\000"
 1347      20756E73 
 1347      69676E65 
 1347      6420696E 
 1347      7400
 1348              	.LASF48:
 1349 05ed 6B5F756E 		.ascii	"k_unit_param_type_bpm\000"
 1349      69745F70 
 1349      6172616D 
 1349      5F747970 
 1349      655F6270 
 1350              	.LASF55:
 1351 0603 6B5F756E 		.ascii	"k_unit_param_type_pan\000"
 1351      69745F70 
 1351      6172616D 
 1351      5F747970 
 1351      655F7061 
 1352              	.LASF27:
 1353 0619 6B5F6E75 		.ascii	"k_num_unit_modules\000"
 1353      6D5F756E 
 1353      69745F6D 
 1353      6F64756C 
 1353      657300
 1354              	.LASF5:
 1355 062c 73686F72 		.ascii	"short unsigned int\000"
 1355      7420756E 
 1355      7369676E 
 1355      65642069 
 1355      6E7400
 1356              	.LASF101:
 1357 063f 67656E65 		.ascii	"genericfx_unit_header\000"
 1357      72696366 
 1357      785F756E 
 1357      69745F68 
 1357      65616465 
 1358              	.LASF58:
 1359 0655 6B5F756E 		.ascii	"k_unit_param_type_midi_note\000"
 1359      69745F70 
 1359      6172616D 
 1359      5F747970 
 1359      655F6D69 
ARM GAS  /var/folders/d3/dt3vwhr97lb9k6xww43tf6h40000gr/T//ccKqaAAv.s 			page 30


 1360              	.LASF16:
 1361 0671 63686172 		.ascii	"char\000"
 1361      00
 1362              	.LASF61:
 1363 0676 696E6974 		.ascii	"init\000"
 1363      00
 1364              	.LASF90:
 1365 067b 6B5F6765 		.ascii	"k_genericfx_curve_maxclip\000"
 1365      6E657269 
 1365      6366785F 
 1365      63757276 
 1365      655F6D61 
 1366              	.LASF51:
 1367 0695 6B5F756E 		.ascii	"k_unit_param_type_enum\000"
 1367      69745F70 
 1367      6172616D 
 1367      5F747970 
 1367      655F656E 
 1368              	.LASF94:
 1369 06ac 6B5F6E75 		.ascii	"k_num_genericfx_curve_polarity\000"
 1369      6D5F6765 
 1369      6E657269 
 1369      6366785F 
 1369      63757276 
 1370              	.LASF23:
 1371 06cb 6B5F756E 		.ascii	"k_unit_module_osc\000"
 1371      69745F6D 
 1371      6F64756C 
 1371      655F6F73 
 1371      6300
 1372              	.LASF13:
 1373 06dd 696E7431 		.ascii	"int16_t\000"
 1373      365F7400 
 1374              	.LASF98:
 1375 06e5 63757276 		.ascii	"curve_polarity\000"
 1375      655F706F 
 1375      6C617269 
 1375      747900
 1376              	.LASF19:
 1377 06f4 6B5F756E 		.ascii	"k_unit_module_global\000"
 1377      69745F6D 
 1377      6F64756C 
 1377      655F676C 
 1377      6F62616C 
 1378              	.LASF35:
 1379 0709 6B5F756E 		.ascii	"k_unit_target_nts3_kaoss_global\000"
 1379      69745F74 
 1379      61726765 
 1379      745F6E74 
 1379      73335F6B 
 1380              	.LASF64:
 1381 0729 66726163 		.ascii	"frac_mode\000"
 1381      5F6D6F64 
 1381      6500
 1382              	.LASF26:
 1383 0733 6B5F756E 		.ascii	"k_unit_module_genericfx\000"
 1383      69745F6D 
ARM GAS  /var/folders/d3/dt3vwhr97lb9k6xww43tf6h40000gr/T//ccKqaAAv.s 			page 31


 1383      6F64756C 
 1383      655F6765 
 1383      6E657269 
 1384              	.LASF77:
 1385 074b 6E756D5F 		.ascii	"num_params\000"
 1385      70617261 
 1385      6D7300
 1386              	.LASF47:
 1387 0756 6B5F756E 		.ascii	"k_unit_param_type_khertz\000"
 1387      69745F70 
 1387      6172616D 
 1387      5F747970 
 1387      655F6B68 
 1388              	.LASF39:
 1389 076f 6B5F756E 		.ascii	"k_unit_api_2_0_0\000"
 1389      69745F61 
 1389      70695F32 
 1389      5F305F30 
 1389      00
 1390              	.LASF44:
 1391 0780 6B5F756E 		.ascii	"k_unit_param_type_semi\000"
 1391      69745F70 
 1391      6172616D 
 1391      5F747970 
 1391      655F7365 
 1392              	.LASF18:
 1393 0797 646F7562 		.ascii	"double\000"
 1393      6C6500
 1394              	.LASF102:
 1395 079e 636F6D6D 		.ascii	"common\000"
 1395      6F6E00
 1396              	.LASF42:
 1397 07a5 6B5F756E 		.ascii	"k_unit_param_type_db\000"
 1397      69745F70 
 1397      6172616D 
 1397      5F747970 
 1397      655F6462 
 1398              	.LASF97:
 1399 07ba 63757276 		.ascii	"curve\000"
 1399      6500
 1400              	.LASF93:
 1401 07c0 6B5F6765 		.ascii	"k_genericfx_curve_bipolar\000"
 1401      6E657269 
 1401      6366785F 
 1401      63757276 
 1401      655F6269 
 1402              	.LASF87:
 1403 07da 6B5F6765 		.ascii	"k_genericfx_curve_log\000"
 1403      6E657269 
 1403      6366785F 
 1403      63757276 
 1403      655F6C6F 
 1404              	.LASF3:
 1405 07f0 5F5F696E 		.ascii	"__int16_t\000"
 1405      7431365F 
 1405      7400
 1406              	.LASF38:
ARM GAS  /var/folders/d3/dt3vwhr97lb9k6xww43tf6h40000gr/T//ccKqaAAv.s 			page 32


 1407 07fa 6B5F756E 		.ascii	"k_unit_api_1_1_0\000"
 1407      69745F61 
 1407      70695F31 
 1407      5F315F30 
 1407      00
 1408              	.LASF71:
 1409 080b 74617267 		.ascii	"target\000"
 1409      657400
 1410              	.LASF28:
 1411 0812 6B5F756E 		.ascii	"k_unit_target_nutektdigital\000"
 1411      69745F74 
 1411      61726765 
 1411      745F6E75 
 1411      74656B74 
 1412              	.LASF85:
 1413 082e 6B5F6765 		.ascii	"k_genericfx_curve_linear\000"
 1413      6E657269 
 1413      6366785F 
 1413      63757276 
 1413      655F6C69 
 1414              	.LASF20:
 1415 0847 6B5F756E 		.ascii	"k_unit_module_modfx\000"
 1415      69745F6D 
 1415      6F64756C 
 1415      655F6D6F 
 1415      64667800 
 1416              	.LASF65:
 1417 085b 72657365 		.ascii	"reserved\000"
 1417      72766564 
 1417      00
 1418              	.LASF92:
 1419 0864 6B5F6765 		.ascii	"k_genericfx_curve_unipolar\000"
 1419      6E657269 
 1419      6366785F 
 1419      63757276 
 1419      655F756E 
 1420              	.LASF81:
 1421 087f 6B5F6765 		.ascii	"k_genericfx_param_assign_x\000"
 1421      6E657269 
 1421      6366785F 
 1421      70617261 
 1421      6D5F6173 
 1422              	.LASF82:
 1423 089a 6B5F6765 		.ascii	"k_genericfx_param_assign_y\000"
 1423      6E657269 
 1423      6366785F 
 1423      70617261 
 1423      6D5F6173 
 1424              	.LASF2:
 1425 08b5 5F5F7569 		.ascii	"__uint8_t\000"
 1425      6E74385F 
 1425      7400
 1426              	.LASF103:
 1427 08bf 64656661 		.ascii	"default_mappings\000"
 1427      756C745F 
 1427      6D617070 
 1427      696E6773 
ARM GAS  /var/folders/d3/dt3vwhr97lb9k6xww43tf6h40000gr/T//ccKqaAAv.s 			page 33


 1427      00
 1428              		.ident	"GCC: (GNU Arm Embedded Toolchain 10.3-2021.10) 10.3.1 20210824 (release)"
ARM GAS  /var/folders/d3/dt3vwhr97lb9k6xww43tf6h40000gr/T//ccKqaAAv.s 			page 34


DEFINED SYMBOLS
                            *ABS*:0000000000000000 header.c
/var/folders/d3/dt3vwhr97lb9k6xww43tf6h40000gr/T//ccKqaAAv.s:23     .unit_header:0000000000000000 unit_header
/var/folders/d3/dt3vwhr97lb9k6xww43tf6h40000gr/T//ccKqaAAv.s:31     .unit_header:0000000000000025 $d

NO UNDEFINED SYMBOLS
